2022-05-29 01:21:22.382 [http-nio-8001-exec-6] INFO  o.s.d.r.config.RepositoryConfigurationDelegate - Bootstrapping Spring Data repositories in DEFAULT mode.
2022-05-29 01:21:22.398 [http-nio-8001-exec-6] INFO  o.s.d.r.config.RepositoryConfigurationDelegate - Finished Spring Data repository scanning in 15ms. Found 0 repository interfaces.
2022-05-29 01:21:22.611 [http-nio-8001-exec-6] INFO  s.d.s.w.PropertySourcedRequestMappingHandlerMapping - Mapped URL path [/v2/api-docs] onto method [springfox.documentation.swagger2.web.Swagger2Controller#getDocumentation(String, HttpServletRequest)]
2022-05-29 01:21:26.111 [http-nio-8001-exec-2] INFO  s.d.spring.web.scanners.ApiListingReferenceScanner - Scanning for api listing references
2022-05-29 01:21:26.121 [http-nio-8001-exec-2] INFO  s.d.s.w.r.operation.CachingOperationNameGenerator - Generating unique operation named: addCourseInfoUsingPOST_1
2022-05-29 01:21:26.138 [http-nio-8001-exec-2] INFO  s.d.s.w.r.operation.CachingOperationNameGenerator - Generating unique operation named: addTeacherUsingPOST_1
2022-05-29 01:21:26.146 [http-nio-8001-exec-2] INFO  s.d.s.w.r.operation.CachingOperationNameGenerator - Generating unique operation named: deleteEduTeacherUsingDELETE_1
2022-05-29 01:21:26.150 [http-nio-8001-exec-2] INFO  s.d.s.w.r.operation.CachingOperationNameGenerator - Generating unique operation named: findTeacherUsingGET_1
2022-05-29 01:21:26.154 [http-nio-8001-exec-2] INFO  s.d.s.w.r.operation.CachingOperationNameGenerator - Generating unique operation named: getEduTeacherListUsingGET_1
2022-05-29 01:21:26.159 [http-nio-8001-exec-2] INFO  s.d.s.w.r.operation.CachingOperationNameGenerator - Generating unique operation named: getNameListUsingGET_1
2022-05-29 01:21:26.164 [http-nio-8001-exec-2] INFO  s.d.s.w.r.operation.CachingOperationNameGenerator - Generating unique operation named: pageTeacherUsingPOST_1
2022-05-29 01:21:26.170 [http-nio-8001-exec-2] INFO  s.d.s.w.r.operation.CachingOperationNameGenerator - Generating unique operation named: updateTeacherUsingPOST_1
2022-05-29 01:21:26.174 [http-nio-8001-exec-2] INFO  s.d.s.w.r.operation.CachingOperationNameGenerator - Generating unique operation named: findUserInfoByTokenUsingGET_1
2022-05-29 01:21:26.175 [http-nio-8001-exec-2] INFO  s.d.s.w.r.operation.CachingOperationNameGenerator - Generating unique operation named: loginUsingPOST_1
2022-05-29 01:21:26.177 [http-nio-8001-exec-2] INFO  s.d.s.w.r.operation.CachingOperationNameGenerator - Generating unique operation named: logoutUsingPOST_1
2022-05-29 01:21:26.179 [http-nio-8001-exec-2] INFO  s.d.s.w.r.operation.CachingOperationNameGenerator - Generating unique operation named: addSubjectUsingPOST_1
2022-05-29 01:21:26.180 [http-nio-8001-exec-2] INFO  s.d.s.w.r.operation.CachingOperationNameGenerator - Generating unique operation named: getSubjectListUsingGET_1
2022-05-29 01:21:26.182 [http-nio-8001-exec-2] INFO  s.d.s.w.r.operation.CachingOperationNameGenerator - Generating unique operation named: helloUsingGET_1
2022-05-29 01:21:26.183 [http-nio-8001-exec-2] INFO  s.d.s.w.r.operation.CachingOperationNameGenerator - Generating unique operation named: helloUsingHEAD_1
2022-05-29 01:21:26.184 [http-nio-8001-exec-2] INFO  s.d.s.w.r.operation.CachingOperationNameGenerator - Generating unique operation named: helloUsingPOST_1
2022-05-29 01:21:26.185 [http-nio-8001-exec-2] INFO  s.d.s.w.r.operation.CachingOperationNameGenerator - Generating unique operation named: helloUsingPUT_1
2022-05-29 01:21:26.186 [http-nio-8001-exec-2] INFO  s.d.s.w.r.operation.CachingOperationNameGenerator - Generating unique operation named: helloUsingPATCH_1
2022-05-29 01:21:26.187 [http-nio-8001-exec-2] INFO  s.d.s.w.r.operation.CachingOperationNameGenerator - Generating unique operation named: helloUsingDELETE_1
2022-05-29 01:21:26.188 [http-nio-8001-exec-2] INFO  s.d.s.w.r.operation.CachingOperationNameGenerator - Generating unique operation named: helloUsingOPTIONS_1
2022-05-29 01:21:26.188 [http-nio-8001-exec-2] INFO  s.d.s.w.r.operation.CachingOperationNameGenerator - Generating unique operation named: helloUsingTRACE_1
2022-05-29 01:28:03.644 [SpringContextShutdownHook] INFO  o.s.scheduling.concurrent.ThreadPoolTaskExecutor - Shutting down ExecutorService 'applicationTaskExecutor'
2022-05-29 01:28:03.649 [SpringContextShutdownHook] INFO  com.zaxxer.hikari.HikariDataSource - HikariPool-1 - Shutdown initiated...
2022-05-29 01:28:03.654 [SpringContextShutdownHook] INFO  com.zaxxer.hikari.HikariDataSource - HikariPool-1 - Shutdown completed.
2022-05-29 10:55:07.694 [main] INFO  com.jhzz.eduservice.EduApplication - Starting EduApplication on JHZZ-PC with PID 16012 (D:\Code\guli-College\gulixuecollege\service\service-edu\target\classes started by Huanzhi in D:\Code\guli-College\gulixuecollege)
2022-05-29 10:55:07.698 [main] INFO  com.jhzz.eduservice.EduApplication - The following profiles are active: dev
2022-05-29 10:55:09.251 [main] INFO  o.s.d.r.config.RepositoryConfigurationDelegate - Multiple Spring Data modules found, entering strict repository configuration mode!
2022-05-29 10:55:09.258 [main] INFO  o.s.d.r.config.RepositoryConfigurationDelegate - Bootstrapping Spring Data repositories in DEFAULT mode.
2022-05-29 10:55:09.381 [main] INFO  o.s.d.r.config.RepositoryConfigurationDelegate - Finished Spring Data repository scanning in 58ms. Found 0 repository interfaces.
2022-05-29 10:55:09.958 [main] INFO  o.s.c.s.PostProcessorRegistrationDelegate$BeanPostProcessorChecker - Bean 'org.springframework.transaction.annotation.ProxyTransactionManagementConfiguration' of type [org.springframework.transaction.annotation.ProxyTransactionManagementConfiguration] is not eligible for getting processed by all BeanPostProcessors (for example: not eligible for auto-proxying)
2022-05-29 10:55:10.488 [main] INFO  o.s.boot.web.embedded.tomcat.TomcatWebServer - Tomcat initialized with port(s): 8001 (http)
2022-05-29 10:55:10.518 [main] INFO  org.apache.coyote.http11.Http11NioProtocol - Initializing ProtocolHandler ["http-nio-8001"]
2022-05-29 10:55:10.519 [main] INFO  org.apache.catalina.core.StandardService - Starting service [Tomcat]
2022-05-29 10:55:10.520 [main] INFO  org.apache.catalina.core.StandardEngine - Starting Servlet engine: [Apache Tomcat/9.0.27]
2022-05-29 10:55:10.676 [main] INFO  o.a.c.core.ContainerBase.[Tomcat].[localhost].[/] - Initializing Spring embedded WebApplicationContext
2022-05-29 10:55:10.677 [main] INFO  org.springframework.web.context.ContextLoader - Root WebApplicationContext: initialization completed in 2919 ms
2022-05-29 10:55:12.261 [main] INFO  s.d.s.w.PropertySourcedRequestMappingHandlerMapping - Mapped URL path [/v2/api-docs] onto method [springfox.documentation.swagger2.web.Swagger2Controller#getDocumentation(String, HttpServletRequest)]
2022-05-29 10:55:12.385 [main] INFO  o.s.scheduling.concurrent.ThreadPoolTaskExecutor - Initializing ExecutorService 'applicationTaskExecutor'
2022-05-29 10:55:12.969 [main] INFO  s.d.s.web.plugins.DocumentationPluginsBootstrapper - Context refreshed
2022-05-29 10:55:12.993 [main] INFO  s.d.s.web.plugins.DocumentationPluginsBootstrapper - Found 1 custom documentation plugin(s)
2022-05-29 10:55:13.031 [main] INFO  s.d.spring.web.scanners.ApiListingReferenceScanner - Scanning for api listing references
2022-05-29 10:55:13.245 [main] INFO  org.apache.coyote.http11.Http11NioProtocol - Starting ProtocolHandler ["http-nio-8001"]
2022-05-29 10:55:13.277 [main] INFO  o.s.boot.web.embedded.tomcat.TomcatWebServer - Tomcat started on port(s): 8001 (http) with context path ''
2022-05-29 10:55:13.280 [main] INFO  com.jhzz.eduservice.EduApplication - Started EduApplication in 6.641 seconds (JVM running for 10.613)
2022-05-29 10:56:02.427 [http-nio-8001-exec-1] INFO  o.a.c.core.ContainerBase.[Tomcat].[localhost].[/] - Initializing Spring DispatcherServlet 'dispatcherServlet'
2022-05-29 10:56:02.428 [http-nio-8001-exec-1] INFO  org.springframework.web.servlet.DispatcherServlet - Initializing Servlet 'dispatcherServlet'
2022-05-29 10:56:02.434 [http-nio-8001-exec-1] INFO  org.springframework.web.servlet.DispatcherServlet - Completed initialization in 6 ms
2022-05-29 10:56:05.504 [http-nio-8001-exec-6] INFO  com.zaxxer.hikari.HikariDataSource - HikariPool-1 - Starting...
2022-05-29 10:56:06.065 [http-nio-8001-exec-6] INFO  com.zaxxer.hikari.HikariDataSource - HikariPool-1 - Start completed.
2022-05-29 12:39:21.265 [http-nio-8001-exec-1] INFO  o.s.d.r.config.RepositoryConfigurationDelegate - Bootstrapping Spring Data repositories in DEFAULT mode.
2022-05-29 12:39:21.275 [http-nio-8001-exec-1] INFO  o.s.d.r.config.RepositoryConfigurationDelegate - Finished Spring Data repository scanning in 8ms. Found 0 repository interfaces.
2022-05-29 12:39:21.437 [http-nio-8001-exec-1] INFO  s.d.s.w.PropertySourcedRequestMappingHandlerMapping - Mapped URL path [/v2/api-docs] onto method [springfox.documentation.swagger2.web.Swagger2Controller#getDocumentation(String, HttpServletRequest)]
2022-05-29 12:39:21.706 [http-nio-8001-exec-4] INFO  s.d.spring.web.scanners.ApiListingReferenceScanner - Scanning for api listing references
2022-05-29 12:39:21.713 [http-nio-8001-exec-4] INFO  s.d.s.w.r.operation.CachingOperationNameGenerator - Generating unique operation named: findChapterVideoUsingGET_1
2022-05-29 12:39:21.727 [http-nio-8001-exec-4] INFO  s.d.s.w.r.operation.CachingOperationNameGenerator - Generating unique operation named: addCourseInfoUsingPOST_1
2022-05-29 12:39:21.736 [http-nio-8001-exec-4] INFO  s.d.s.w.r.operation.CachingOperationNameGenerator - Generating unique operation named: addTeacherUsingPOST_1
2022-05-29 12:39:21.744 [http-nio-8001-exec-4] INFO  s.d.s.w.r.operation.CachingOperationNameGenerator - Generating unique operation named: deleteEduTeacherUsingDELETE_1
2022-05-29 12:39:21.749 [http-nio-8001-exec-4] INFO  s.d.s.w.r.operation.CachingOperationNameGenerator - Generating unique operation named: findTeacherUsingGET_1
2022-05-29 12:39:21.753 [http-nio-8001-exec-4] INFO  s.d.s.w.r.operation.CachingOperationNameGenerator - Generating unique operation named: getEduTeacherListUsingGET_1
2022-05-29 12:39:21.756 [http-nio-8001-exec-4] INFO  s.d.s.w.r.operation.CachingOperationNameGenerator - Generating unique operation named: getNameListUsingGET_1
2022-05-29 12:39:21.763 [http-nio-8001-exec-4] INFO  s.d.s.w.r.operation.CachingOperationNameGenerator - Generating unique operation named: pageTeacherUsingPOST_1
2022-05-29 12:39:21.769 [http-nio-8001-exec-4] INFO  s.d.s.w.r.operation.CachingOperationNameGenerator - Generating unique operation named: updateTeacherUsingPOST_1
2022-05-29 12:39:21.773 [http-nio-8001-exec-4] INFO  s.d.s.w.r.operation.CachingOperationNameGenerator - Generating unique operation named: findUserInfoByTokenUsingGET_1
2022-05-29 12:39:21.775 [http-nio-8001-exec-4] INFO  s.d.s.w.r.operation.CachingOperationNameGenerator - Generating unique operation named: loginUsingPOST_1
2022-05-29 12:39:21.777 [http-nio-8001-exec-4] INFO  s.d.s.w.r.operation.CachingOperationNameGenerator - Generating unique operation named: logoutUsingPOST_1
2022-05-29 12:39:21.780 [http-nio-8001-exec-4] INFO  s.d.s.w.r.operation.CachingOperationNameGenerator - Generating unique operation named: addSubjectUsingPOST_1
2022-05-29 12:39:21.781 [http-nio-8001-exec-4] INFO  s.d.s.w.r.operation.CachingOperationNameGenerator - Generating unique operation named: getSubjectListUsingGET_1
2022-05-29 12:39:21.783 [http-nio-8001-exec-4] INFO  s.d.s.w.r.operation.CachingOperationNameGenerator - Generating unique operation named: helloUsingGET_1
2022-05-29 12:39:21.784 [http-nio-8001-exec-4] INFO  s.d.s.w.r.operation.CachingOperationNameGenerator - Generating unique operation named: helloUsingHEAD_1
2022-05-29 12:39:21.785 [http-nio-8001-exec-4] INFO  s.d.s.w.r.operation.CachingOperationNameGenerator - Generating unique operation named: helloUsingPOST_1
2022-05-29 12:39:21.785 [http-nio-8001-exec-4] INFO  s.d.s.w.r.operation.CachingOperationNameGenerator - Generating unique operation named: helloUsingPUT_1
2022-05-29 12:39:21.786 [http-nio-8001-exec-4] INFO  s.d.s.w.r.operation.CachingOperationNameGenerator - Generating unique operation named: helloUsingPATCH_1
2022-05-29 12:39:21.787 [http-nio-8001-exec-4] INFO  s.d.s.w.r.operation.CachingOperationNameGenerator - Generating unique operation named: helloUsingDELETE_1
2022-05-29 12:39:21.787 [http-nio-8001-exec-4] INFO  s.d.s.w.r.operation.CachingOperationNameGenerator - Generating unique operation named: helloUsingOPTIONS_1
2022-05-29 12:39:21.789 [http-nio-8001-exec-4] INFO  s.d.s.w.r.operation.CachingOperationNameGenerator - Generating unique operation named: helloUsingTRACE_1
2022-05-29 12:42:25.156 [http-nio-8001-exec-2] INFO  o.s.d.r.config.RepositoryConfigurationDelegate - Bootstrapping Spring Data repositories in DEFAULT mode.
2022-05-29 12:42:25.161 [http-nio-8001-exec-2] INFO  o.s.d.r.config.RepositoryConfigurationDelegate - Finished Spring Data repository scanning in 4ms. Found 0 repository interfaces.
2022-05-29 12:42:40.493 [http-nio-8001-exec-1] INFO  o.s.d.r.config.RepositoryConfigurationDelegate - Bootstrapping Spring Data repositories in DEFAULT mode.
2022-05-29 12:42:40.500 [http-nio-8001-exec-1] INFO  o.s.d.r.config.RepositoryConfigurationDelegate - Finished Spring Data repository scanning in 7ms. Found 0 repository interfaces.
2022-05-29 13:11:39.053 [http-nio-8001-exec-3] INFO  o.s.d.r.config.RepositoryConfigurationDelegate - Bootstrapping Spring Data repositories in DEFAULT mode.
2022-05-29 13:11:39.058 [http-nio-8001-exec-3] INFO  o.s.d.r.config.RepositoryConfigurationDelegate - Finished Spring Data repository scanning in 4ms. Found 0 repository interfaces.
2022-05-29 13:18:38.175 [http-nio-8001-exec-7] INFO  o.s.d.r.config.RepositoryConfigurationDelegate - Bootstrapping Spring Data repositories in DEFAULT mode.
2022-05-29 13:18:38.183 [http-nio-8001-exec-7] INFO  o.s.d.r.config.RepositoryConfigurationDelegate - Finished Spring Data repository scanning in 7ms. Found 0 repository interfaces.
2022-05-29 13:18:38.277 [http-nio-8001-exec-6] INFO  s.d.s.w.PropertySourcedRequestMappingHandlerMapping - Mapped URL path [/v2/api-docs] onto method [springfox.documentation.swagger2.web.Swagger2Controller#getDocumentation(String, HttpServletRequest)]
2022-05-29 13:18:53.532 [http-nio-8001-exec-10] INFO  o.s.d.r.config.RepositoryConfigurationDelegate - Bootstrapping Spring Data repositories in DEFAULT mode.
2022-05-29 13:18:53.539 [http-nio-8001-exec-10] INFO  o.s.d.r.config.RepositoryConfigurationDelegate - Finished Spring Data repository scanning in 6ms. Found 0 repository interfaces.
2022-05-29 13:21:48.694 [http-nio-8001-exec-8] INFO  o.s.d.r.config.RepositoryConfigurationDelegate - Bootstrapping Spring Data repositories in DEFAULT mode.
2022-05-29 13:21:48.708 [http-nio-8001-exec-8] INFO  o.s.d.r.config.RepositoryConfigurationDelegate - Finished Spring Data repository scanning in 13ms. Found 0 repository interfaces.
2022-05-29 13:23:56.705 [http-nio-8001-exec-2] INFO  s.d.spring.web.scanners.ApiListingReferenceScanner - Scanning for api listing references
2022-05-29 13:23:56.709 [http-nio-8001-exec-2] INFO  s.d.s.w.r.operation.CachingOperationNameGenerator - Generating unique operation named: findChapterVideoUsingGET_2
2022-05-29 13:23:56.712 [http-nio-8001-exec-2] INFO  s.d.s.w.r.operation.CachingOperationNameGenerator - Generating unique operation named: addCourseInfoUsingPOST_2
2022-05-29 13:23:56.713 [http-nio-8001-exec-2] INFO  s.d.s.w.r.operation.CachingOperationNameGenerator - Generating unique operation named: getInfoByIdUsingGET_1
2022-05-29 13:23:56.718 [http-nio-8001-exec-2] INFO  s.d.s.w.r.operation.CachingOperationNameGenerator - Generating unique operation named: addTeacherUsingPOST_2
2022-05-29 13:23:56.722 [http-nio-8001-exec-2] INFO  s.d.s.w.r.operation.CachingOperationNameGenerator - Generating unique operation named: deleteEduTeacherUsingDELETE_2
2022-05-29 13:23:56.724 [http-nio-8001-exec-2] INFO  s.d.s.w.r.operation.CachingOperationNameGenerator - Generating unique operation named: findTeacherUsingGET_2
2022-05-29 13:23:56.727 [http-nio-8001-exec-2] INFO  s.d.s.w.r.operation.CachingOperationNameGenerator - Generating unique operation named: getEduTeacherListUsingGET_2
2022-05-29 13:23:56.730 [http-nio-8001-exec-2] INFO  s.d.s.w.r.operation.CachingOperationNameGenerator - Generating unique operation named: getNameListUsingGET_2
2022-05-29 13:23:56.734 [http-nio-8001-exec-2] INFO  s.d.s.w.r.operation.CachingOperationNameGenerator - Generating unique operation named: pageTeacherUsingPOST_2
2022-05-29 13:23:56.737 [http-nio-8001-exec-2] INFO  s.d.s.w.r.operation.CachingOperationNameGenerator - Generating unique operation named: updateTeacherUsingPOST_2
2022-05-29 13:23:56.739 [http-nio-8001-exec-2] INFO  s.d.s.w.r.operation.CachingOperationNameGenerator - Generating unique operation named: findUserInfoByTokenUsingGET_2
2022-05-29 13:23:56.741 [http-nio-8001-exec-2] INFO  s.d.s.w.r.operation.CachingOperationNameGenerator - Generating unique operation named: loginUsingPOST_2
2022-05-29 13:23:56.742 [http-nio-8001-exec-2] INFO  s.d.s.w.r.operation.CachingOperationNameGenerator - Generating unique operation named: logoutUsingPOST_2
2022-05-29 13:23:56.743 [http-nio-8001-exec-2] INFO  s.d.s.w.r.operation.CachingOperationNameGenerator - Generating unique operation named: addSubjectUsingPOST_2
2022-05-29 13:23:56.744 [http-nio-8001-exec-2] INFO  s.d.s.w.r.operation.CachingOperationNameGenerator - Generating unique operation named: getSubjectListUsingGET_2
2022-05-29 13:23:56.746 [http-nio-8001-exec-2] INFO  s.d.s.w.r.operation.CachingOperationNameGenerator - Generating unique operation named: helloUsingGET_2
2022-05-29 13:23:56.746 [http-nio-8001-exec-2] INFO  s.d.s.w.r.operation.CachingOperationNameGenerator - Generating unique operation named: helloUsingHEAD_2
2022-05-29 13:23:56.747 [http-nio-8001-exec-2] INFO  s.d.s.w.r.operation.CachingOperationNameGenerator - Generating unique operation named: helloUsingPOST_2
2022-05-29 13:23:56.747 [http-nio-8001-exec-2] INFO  s.d.s.w.r.operation.CachingOperationNameGenerator - Generating unique operation named: helloUsingPUT_2
2022-05-29 13:23:56.748 [http-nio-8001-exec-2] INFO  s.d.s.w.r.operation.CachingOperationNameGenerator - Generating unique operation named: helloUsingPATCH_2
2022-05-29 13:23:56.748 [http-nio-8001-exec-2] INFO  s.d.s.w.r.operation.CachingOperationNameGenerator - Generating unique operation named: helloUsingDELETE_2
2022-05-29 13:23:56.748 [http-nio-8001-exec-2] INFO  s.d.s.w.r.operation.CachingOperationNameGenerator - Generating unique operation named: helloUsingOPTIONS_2
2022-05-29 13:23:56.749 [http-nio-8001-exec-2] INFO  s.d.s.w.r.operation.CachingOperationNameGenerator - Generating unique operation named: helloUsingTRACE_2
2022-05-29 13:35:09.744 [http-nio-8001-exec-7] INFO  o.s.d.r.config.RepositoryConfigurationDelegate - Bootstrapping Spring Data repositories in DEFAULT mode.
2022-05-29 13:35:09.751 [http-nio-8001-exec-7] INFO  o.s.d.r.config.RepositoryConfigurationDelegate - Finished Spring Data repository scanning in 6ms. Found 0 repository interfaces.
2022-05-29 13:35:09.778 [http-nio-8001-exec-7] INFO  s.d.s.w.PropertySourcedRequestMappingHandlerMapping - Mapped URL path [/v2/api-docs] onto method [springfox.documentation.swagger2.web.Swagger2Controller#getDocumentation(String, HttpServletRequest)]
2022-05-29 13:35:09.780 [http-nio-8001-exec-7] INFO  c.j.eduservice.service.impl.EduCourseServiceImpl - courseInfoVo = CourseInfoVo(id=18, teacherId=1189389726308478977, subjectId=1178214681139539969, subjectParentId=1178214681118568449, title=Java精品课程2022, price=0.01, lessonNum=20, cover=http://huanzhi.oss-cn-shenzhen.aliyuncs.com/guli/cover/2022/05/28/24936fad-c0fc-405c-855d-7dbbece97be5.jpg, description=<p>2022本套Java视频完全针对零基础学员，课堂实录，自发布以来，好评如潮！Java视频中注重与学生互动，讲授幽默诙谐、细致入微，覆盖Java基础所有核心知识点，同类Java视频中也是代码量大、案例多、实战性强的。同时，本Java视频教程注重技术原理剖析，深入JDK源码，辅以代码实战贯穿始终，用实践驱动理论，并辅以必要的代码练习。</p>
<p>------------------------------------</p>
<p>视频特点：</p>
<p>通过学习本Java视频教程，大家能够真正将Java基础知识学以致用、活学活用，构架Java编程思想，牢牢掌握"源码级"的Javase核心技术，并为后续JavaWeb等技术的学习奠定扎实基础。<br /><br />1.通俗易懂，细致入微：每个知识点高屋建瓴，深入浅出，简洁明了的说明问题<br />2.具实战性：全程真正代码实战，涵盖上百个企业应用案例及练习<br />3.深入：源码分析，更有 Java 反射、动态代理的实际应用等<br />4.登录尚硅谷官网，技术讲师免费在线答疑</p>)
2022-05-29 13:39:31.649 [http-nio-8001-exec-10] INFO  c.j.eduservice.service.impl.EduCourseServiceImpl - courseInfoVo = CourseInfoVo(id=18, teacherId=1189389726308478977, subjectId=1530054252661149697, subjectParentId=1530054252174610433, title=Java精品课程2022, price=0.01, lessonNum=20, cover=http://huanzhi.oss-cn-shenzhen.aliyuncs.com/guli/cover/2022/05/28/24936fad-c0fc-405c-855d-7dbbece97be5.jpg, description=<p>2022本套Java视频完全针对零基础学员，课堂实录，自发布以来，好评如潮！Java视频中注重与学生互动，讲授幽默诙谐、细致入微，覆盖Java基础所有核心知识点，同类Java视频中也是代码量大、案例多、实战性强的。同时，本Java视频教程注重技术原理剖析，深入JDK源码，辅以代码实战贯穿始终，用实践驱动理论，并辅以必要的代码练习。</p>
<p>------------------------------------</p>
<p>视频特点：</p>
<p>通过学习本Java视频教程，大家能够真正将Java基础知识学以致用、活学活用，构架Java编程思想，牢牢掌握"源码级"的Javase核心技术，并为后续JavaWeb等技术的学习奠定扎实基础。<br /><br />1.通俗易懂，细致入微：每个知识点高屋建瓴，深入浅出，简洁明了的说明问题<br />2.具实战性：全程真正代码实战，涵盖上百个企业应用案例及练习<br />3.深入：源码分析，更有 Java 反射、动态代理的实际应用等<br />4.登录尚硅谷官网，技术讲师免费在线答疑</p>)
2022-05-29 13:40:18.813 [http-nio-8001-exec-2] INFO  c.j.eduservice.service.impl.EduCourseServiceImpl - courseInfoVo = CourseInfoVo(id=18, teacherId=1189389726308478977, subjectId=1530054255014154242, subjectParentId=1530054254489866241, title=Java精品课程2022, price=0.01, lessonNum=20, cover=http://huanzhi.oss-cn-shenzhen.aliyuncs.com/guli/cover/2022/05/28/24936fad-c0fc-405c-855d-7dbbece97be5.jpg, description=<p>2022本套Java视频完全针对零基础学员，课堂实录，自发布以来，好评如潮！Java视频中注重与学生互动，讲授幽默诙谐、细致入微，覆盖Java基础所有核心知识点，同类Java视频中也是代码量大、案例多、实战性强的。同时，本Java视频教程注重技术原理剖析，深入JDK源码，辅以代码实战贯穿始终，用实践驱动理论，并辅以必要的代码练习。</p>
<p>------------------------------------</p>
<p>视频特点：</p>
<p>通过学习本Java视频教程，大家能够真正将Java基础知识学以致用、活学活用，构架Java编程思想，牢牢掌握"源码级"的Javase核心技术，并为后续JavaWeb等技术的学习奠定扎实基础。<br /><br />1.通俗易懂，细致入微：每个知识点高屋建瓴，深入浅出，简洁明了的说明问题<br />2.具实战性：全程真正代码实战，涵盖上百个企业应用案例及练习<br />3.深入：源码分析，更有 Java 反射、动态代理的实际应用等<br />4.登录尚硅谷官网，技术讲师免费在线答疑</p>)
2022-05-29 14:33:32.064 [http-nio-8001-exec-9] INFO  o.s.d.r.config.RepositoryConfigurationDelegate - Bootstrapping Spring Data repositories in DEFAULT mode.
2022-05-29 14:33:32.069 [http-nio-8001-exec-9] INFO  o.s.d.r.config.RepositoryConfigurationDelegate - Finished Spring Data repository scanning in 4ms. Found 0 repository interfaces.
2022-05-29 14:33:32.109 [http-nio-8001-exec-9] INFO  s.d.s.w.PropertySourcedRequestMappingHandlerMapping - Mapped URL path [/v2/api-docs] onto method [springfox.documentation.swagger2.web.Swagger2Controller#getDocumentation(String, HttpServletRequest)]
2022-05-29 14:33:32.385 [http-nio-8001-exec-6] INFO  s.d.spring.web.scanners.ApiListingReferenceScanner - Scanning for api listing references
2022-05-29 14:33:32.389 [http-nio-8001-exec-6] INFO  s.d.s.w.r.operation.CachingOperationNameGenerator - Generating unique operation named: findChapterVideoUsingGET_3
2022-05-29 14:33:32.393 [http-nio-8001-exec-6] INFO  s.d.s.w.r.operation.CachingOperationNameGenerator - Generating unique operation named: addCourseInfoUsingPOST_3
2022-05-29 14:33:32.395 [http-nio-8001-exec-6] INFO  s.d.s.w.r.operation.CachingOperationNameGenerator - Generating unique operation named: getInfoByIdUsingGET_2
2022-05-29 14:33:32.397 [http-nio-8001-exec-6] INFO  s.d.s.w.r.operation.CachingOperationNameGenerator - Generating unique operation named: updateCourseInfoUsingPOST_1
2022-05-29 14:33:32.402 [http-nio-8001-exec-6] INFO  s.d.s.w.r.operation.CachingOperationNameGenerator - Generating unique operation named: addTeacherUsingPOST_3
2022-05-29 14:33:32.405 [http-nio-8001-exec-6] INFO  s.d.s.w.r.operation.CachingOperationNameGenerator - Generating unique operation named: deleteEduTeacherUsingDELETE_3
2022-05-29 14:33:32.409 [http-nio-8001-exec-6] INFO  s.d.s.w.r.operation.CachingOperationNameGenerator - Generating unique operation named: findTeacherUsingGET_3
2022-05-29 14:33:32.411 [http-nio-8001-exec-6] INFO  s.d.s.w.r.operation.CachingOperationNameGenerator - Generating unique operation named: getEduTeacherListUsingGET_3
2022-05-29 14:33:32.413 [http-nio-8001-exec-6] INFO  s.d.s.w.r.operation.CachingOperationNameGenerator - Generating unique operation named: getNameListUsingGET_3
2022-05-29 14:33:32.418 [http-nio-8001-exec-6] INFO  s.d.s.w.r.operation.CachingOperationNameGenerator - Generating unique operation named: pageTeacherUsingPOST_3
2022-05-29 14:33:32.422 [http-nio-8001-exec-6] INFO  s.d.s.w.r.operation.CachingOperationNameGenerator - Generating unique operation named: updateTeacherUsingPOST_3
2022-05-29 14:33:32.426 [http-nio-8001-exec-6] INFO  s.d.s.w.r.operation.CachingOperationNameGenerator - Generating unique operation named: findUserInfoByTokenUsingGET_3
2022-05-29 14:33:32.427 [http-nio-8001-exec-6] INFO  s.d.s.w.r.operation.CachingOperationNameGenerator - Generating unique operation named: loginUsingPOST_3
2022-05-29 14:33:32.428 [http-nio-8001-exec-6] INFO  s.d.s.w.r.operation.CachingOperationNameGenerator - Generating unique operation named: logoutUsingPOST_3
2022-05-29 14:33:32.432 [http-nio-8001-exec-6] INFO  s.d.s.w.r.operation.CachingOperationNameGenerator - Generating unique operation named: addSubjectUsingPOST_3
2022-05-29 14:33:32.434 [http-nio-8001-exec-6] INFO  s.d.s.w.r.operation.CachingOperationNameGenerator - Generating unique operation named: getSubjectListUsingGET_3
2022-05-29 14:33:32.437 [http-nio-8001-exec-6] INFO  s.d.s.w.r.operation.CachingOperationNameGenerator - Generating unique operation named: helloUsingGET_3
2022-05-29 14:33:32.438 [http-nio-8001-exec-6] INFO  s.d.s.w.r.operation.CachingOperationNameGenerator - Generating unique operation named: helloUsingHEAD_3
2022-05-29 14:33:32.440 [http-nio-8001-exec-6] INFO  s.d.s.w.r.operation.CachingOperationNameGenerator - Generating unique operation named: helloUsingPOST_3
2022-05-29 14:33:32.441 [http-nio-8001-exec-6] INFO  s.d.s.w.r.operation.CachingOperationNameGenerator - Generating unique operation named: helloUsingPUT_3
2022-05-29 14:33:32.442 [http-nio-8001-exec-6] INFO  s.d.s.w.r.operation.CachingOperationNameGenerator - Generating unique operation named: helloUsingPATCH_3
2022-05-29 14:33:32.443 [http-nio-8001-exec-6] INFO  s.d.s.w.r.operation.CachingOperationNameGenerator - Generating unique operation named: helloUsingDELETE_3
2022-05-29 14:33:32.443 [http-nio-8001-exec-6] INFO  s.d.s.w.r.operation.CachingOperationNameGenerator - Generating unique operation named: helloUsingOPTIONS_3
2022-05-29 14:33:32.444 [http-nio-8001-exec-6] INFO  s.d.s.w.r.operation.CachingOperationNameGenerator - Generating unique operation named: helloUsingTRACE_3
2022-05-29 14:34:08.844 [http-nio-8001-exec-1] INFO  o.s.d.r.config.RepositoryConfigurationDelegate - Bootstrapping Spring Data repositories in DEFAULT mode.
2022-05-29 14:34:08.850 [http-nio-8001-exec-1] INFO  o.s.d.r.config.RepositoryConfigurationDelegate - Finished Spring Data repository scanning in 5ms. Found 0 repository interfaces.
2022-05-29 14:34:08.871 [http-nio-8001-exec-1] INFO  s.d.s.w.PropertySourcedRequestMappingHandlerMapping - Mapped URL path [/v2/api-docs] onto method [springfox.documentation.swagger2.web.Swagger2Controller#getDocumentation(String, HttpServletRequest)]
2022-05-29 14:34:09.108 [http-nio-8001-exec-2] INFO  s.d.spring.web.scanners.ApiListingReferenceScanner - Scanning for api listing references
2022-05-29 14:34:09.111 [http-nio-8001-exec-2] INFO  s.d.s.w.r.operation.CachingOperationNameGenerator - Generating unique operation named: findChapterVideoUsingGET_4
2022-05-29 14:34:09.113 [http-nio-8001-exec-2] INFO  s.d.s.w.r.operation.CachingOperationNameGenerator - Generating unique operation named: addCourseInfoUsingPOST_4
2022-05-29 14:34:09.115 [http-nio-8001-exec-2] INFO  s.d.s.w.r.operation.CachingOperationNameGenerator - Generating unique operation named: getInfoByIdUsingGET_3
2022-05-29 14:34:09.116 [http-nio-8001-exec-2] INFO  s.d.s.w.r.operation.CachingOperationNameGenerator - Generating unique operation named: updateCourseInfoUsingPOST_2
2022-05-29 14:34:09.121 [http-nio-8001-exec-2] INFO  s.d.s.w.r.operation.CachingOperationNameGenerator - Generating unique operation named: addTeacherUsingPOST_4
2022-05-29 14:34:09.124 [http-nio-8001-exec-2] INFO  s.d.s.w.r.operation.CachingOperationNameGenerator - Generating unique operation named: deleteEduTeacherUsingDELETE_4
2022-05-29 14:34:09.127 [http-nio-8001-exec-2] INFO  s.d.s.w.r.operation.CachingOperationNameGenerator - Generating unique operation named: findTeacherUsingGET_4
2022-05-29 14:34:09.129 [http-nio-8001-exec-2] INFO  s.d.s.w.r.operation.CachingOperationNameGenerator - Generating unique operation named: getEduTeacherListUsingGET_4
2022-05-29 14:34:09.131 [http-nio-8001-exec-2] INFO  s.d.s.w.r.operation.CachingOperationNameGenerator - Generating unique operation named: getNameListUsingGET_4
2022-05-29 14:34:09.135 [http-nio-8001-exec-2] INFO  s.d.s.w.r.operation.CachingOperationNameGenerator - Generating unique operation named: pageTeacherUsingPOST_4
2022-05-29 14:34:09.138 [http-nio-8001-exec-2] INFO  s.d.s.w.r.operation.CachingOperationNameGenerator - Generating unique operation named: updateTeacherUsingPOST_4
2022-05-29 14:34:09.140 [http-nio-8001-exec-2] INFO  s.d.s.w.r.operation.CachingOperationNameGenerator - Generating unique operation named: findUserInfoByTokenUsingGET_4
2022-05-29 14:34:09.141 [http-nio-8001-exec-2] INFO  s.d.s.w.r.operation.CachingOperationNameGenerator - Generating unique operation named: loginUsingPOST_4
2022-05-29 14:34:09.142 [http-nio-8001-exec-2] INFO  s.d.s.w.r.operation.CachingOperationNameGenerator - Generating unique operation named: logoutUsingPOST_4
2022-05-29 14:34:09.143 [http-nio-8001-exec-2] INFO  s.d.s.w.r.operation.CachingOperationNameGenerator - Generating unique operation named: addSubjectUsingPOST_4
2022-05-29 14:34:09.144 [http-nio-8001-exec-2] INFO  s.d.s.w.r.operation.CachingOperationNameGenerator - Generating unique operation named: getSubjectListUsingGET_4
2022-05-29 14:34:09.146 [http-nio-8001-exec-2] INFO  s.d.s.w.r.operation.CachingOperationNameGenerator - Generating unique operation named: helloUsingGET_4
2022-05-29 14:34:09.146 [http-nio-8001-exec-2] INFO  s.d.s.w.r.operation.CachingOperationNameGenerator - Generating unique operation named: helloUsingHEAD_4
2022-05-29 14:34:09.147 [http-nio-8001-exec-2] INFO  s.d.s.w.r.operation.CachingOperationNameGenerator - Generating unique operation named: helloUsingPOST_4
2022-05-29 14:34:09.147 [http-nio-8001-exec-2] INFO  s.d.s.w.r.operation.CachingOperationNameGenerator - Generating unique operation named: helloUsingPUT_4
2022-05-29 14:34:09.148 [http-nio-8001-exec-2] INFO  s.d.s.w.r.operation.CachingOperationNameGenerator - Generating unique operation named: helloUsingPATCH_4
2022-05-29 14:34:09.148 [http-nio-8001-exec-2] INFO  s.d.s.w.r.operation.CachingOperationNameGenerator - Generating unique operation named: helloUsingDELETE_4
2022-05-29 14:34:09.149 [http-nio-8001-exec-2] INFO  s.d.s.w.r.operation.CachingOperationNameGenerator - Generating unique operation named: helloUsingOPTIONS_4
2022-05-29 14:34:09.150 [http-nio-8001-exec-2] INFO  s.d.s.w.r.operation.CachingOperationNameGenerator - Generating unique operation named: helloUsingTRACE_4
2022-05-29 14:34:14.125 [http-nio-8001-exec-10] INFO  s.d.spring.web.scanners.ApiListingReferenceScanner - Scanning for api listing references
2022-05-29 14:34:14.131 [http-nio-8001-exec-10] INFO  s.d.s.w.r.operation.CachingOperationNameGenerator - Generating unique operation named: findChapterVideoUsingGET_5
2022-05-29 14:34:14.135 [http-nio-8001-exec-10] INFO  s.d.s.w.r.operation.CachingOperationNameGenerator - Generating unique operation named: addCourseInfoUsingPOST_5
2022-05-29 14:34:14.136 [http-nio-8001-exec-10] INFO  s.d.s.w.r.operation.CachingOperationNameGenerator - Generating unique operation named: getInfoByIdUsingGET_4
2022-05-29 14:34:14.138 [http-nio-8001-exec-10] INFO  s.d.s.w.r.operation.CachingOperationNameGenerator - Generating unique operation named: updateCourseInfoUsingPOST_3
2022-05-29 14:34:14.142 [http-nio-8001-exec-10] INFO  s.d.s.w.r.operation.CachingOperationNameGenerator - Generating unique operation named: addTeacherUsingPOST_5
2022-05-29 14:34:14.145 [http-nio-8001-exec-10] INFO  s.d.s.w.r.operation.CachingOperationNameGenerator - Generating unique operation named: deleteEduTeacherUsingDELETE_5
2022-05-29 14:34:14.148 [http-nio-8001-exec-10] INFO  s.d.s.w.r.operation.CachingOperationNameGenerator - Generating unique operation named: findTeacherUsingGET_5
2022-05-29 14:34:14.150 [http-nio-8001-exec-10] INFO  s.d.s.w.r.operation.CachingOperationNameGenerator - Generating unique operation named: getEduTeacherListUsingGET_5
2022-05-29 14:34:14.152 [http-nio-8001-exec-10] INFO  s.d.s.w.r.operation.CachingOperationNameGenerator - Generating unique operation named: getNameListUsingGET_5
2022-05-29 14:34:14.155 [http-nio-8001-exec-10] INFO  s.d.s.w.r.operation.CachingOperationNameGenerator - Generating unique operation named: pageTeacherUsingPOST_5
2022-05-29 14:34:14.159 [http-nio-8001-exec-10] INFO  s.d.s.w.r.operation.CachingOperationNameGenerator - Generating unique operation named: updateTeacherUsingPOST_5
2022-05-29 14:34:14.161 [http-nio-8001-exec-10] INFO  s.d.s.w.r.operation.CachingOperationNameGenerator - Generating unique operation named: findUserInfoByTokenUsingGET_5
2022-05-29 14:34:14.162 [http-nio-8001-exec-10] INFO  s.d.s.w.r.operation.CachingOperationNameGenerator - Generating unique operation named: loginUsingPOST_5
2022-05-29 14:34:14.163 [http-nio-8001-exec-10] INFO  s.d.s.w.r.operation.CachingOperationNameGenerator - Generating unique operation named: logoutUsingPOST_5
2022-05-29 14:34:14.165 [http-nio-8001-exec-10] INFO  s.d.s.w.r.operation.CachingOperationNameGenerator - Generating unique operation named: addSubjectUsingPOST_5
2022-05-29 14:34:14.166 [http-nio-8001-exec-10] INFO  s.d.s.w.r.operation.CachingOperationNameGenerator - Generating unique operation named: getSubjectListUsingGET_5
2022-05-29 14:34:14.168 [http-nio-8001-exec-10] INFO  s.d.s.w.r.operation.CachingOperationNameGenerator - Generating unique operation named: helloUsingGET_5
2022-05-29 14:34:14.168 [http-nio-8001-exec-10] INFO  s.d.s.w.r.operation.CachingOperationNameGenerator - Generating unique operation named: helloUsingHEAD_5
2022-05-29 14:34:14.169 [http-nio-8001-exec-10] INFO  s.d.s.w.r.operation.CachingOperationNameGenerator - Generating unique operation named: helloUsingPOST_5
2022-05-29 14:34:14.169 [http-nio-8001-exec-10] INFO  s.d.s.w.r.operation.CachingOperationNameGenerator - Generating unique operation named: helloUsingPUT_5
2022-05-29 14:34:14.170 [http-nio-8001-exec-10] INFO  s.d.s.w.r.operation.CachingOperationNameGenerator - Generating unique operation named: helloUsingPATCH_5
2022-05-29 14:34:14.170 [http-nio-8001-exec-10] INFO  s.d.s.w.r.operation.CachingOperationNameGenerator - Generating unique operation named: helloUsingDELETE_5
2022-05-29 14:34:14.171 [http-nio-8001-exec-10] INFO  s.d.s.w.r.operation.CachingOperationNameGenerator - Generating unique operation named: helloUsingOPTIONS_5
2022-05-29 14:34:14.171 [http-nio-8001-exec-10] INFO  s.d.s.w.r.operation.CachingOperationNameGenerator - Generating unique operation named: helloUsingTRACE_5
2022-05-29 16:30:26.311 [http-nio-8001-exec-2] INFO  o.s.d.r.config.RepositoryConfigurationDelegate - Bootstrapping Spring Data repositories in DEFAULT mode.
2022-05-29 16:30:26.318 [http-nio-8001-exec-2] INFO  o.s.d.r.config.RepositoryConfigurationDelegate - Finished Spring Data repository scanning in 5ms. Found 0 repository interfaces.
2022-05-29 16:30:26.373 [http-nio-8001-exec-2] INFO  s.d.s.w.PropertySourcedRequestMappingHandlerMapping - Mapped URL path [/v2/api-docs] onto method [springfox.documentation.swagger2.web.Swagger2Controller#getDocumentation(String, HttpServletRequest)]
2022-05-29 17:04:20.402 [http-nio-8001-exec-4] INFO  c.j.eduservice.service.impl.EduCourseServiceImpl - courseInfoVo = CourseInfoVo(id=null, teacherId=1189390295668469762, subjectId=1530054255660077057, subjectParentId=1530054254489866241, title=C++金牌课程, price=100, lessonNum=12, cover=null, description=C++金牌课程C++金牌课程C++金牌课程)
2022-05-29 17:20:46.179 [http-nio-8001-exec-8] INFO  c.j.eduservice.service.impl.EduCourseServiceImpl - courseInfoVo = CourseInfoVo(id=null, teacherId=1192249914833055746, subjectId=1530054255660077057, subjectParentId=1530054254489866241, title=C++金牌课程, price=0, lessonNum=10, cover=http://huanzhi.oss-cn-shenzhen.aliyuncs.com/guli/cover/2022/05/29/00f94b34-0161-4c00-b730-57fcbe6f19e6.jpg, description=C++金牌课程C++金牌课程C++金牌课程C++金牌课程)
2022-05-29 17:22:46.602 [http-nio-8001-exec-2] INFO  o.s.d.r.config.RepositoryConfigurationDelegate - Bootstrapping Spring Data repositories in DEFAULT mode.
2022-05-29 17:22:46.609 [http-nio-8001-exec-2] INFO  o.s.d.r.config.RepositoryConfigurationDelegate - Finished Spring Data repository scanning in 6ms. Found 0 repository interfaces.
2022-05-29 17:31:13.847 [http-nio-8001-exec-10] INFO  o.s.d.r.config.RepositoryConfigurationDelegate - Bootstrapping Spring Data repositories in DEFAULT mode.
2022-05-29 17:31:13.851 [http-nio-8001-exec-10] INFO  o.s.d.r.config.RepositoryConfigurationDelegate - Finished Spring Data repository scanning in 3ms. Found 0 repository interfaces.
2022-05-29 17:31:51.062 [http-nio-8001-exec-9] INFO  c.j.eduservice.service.impl.EduCourseServiceImpl - courseInfoVo = CourseInfoVo(id=null, teacherId=1189426437876985857, subjectId=1530054791008456705, subjectParentId=1530054254489866241, title=PHP金牌课程, price=12, lessonNum=1, cover=http://huanzhi.oss-cn-shenzhen.aliyuncs.com/guli/cover/2022/05/29/b10d12cb-87b7-4304-91ad-d30678872324.jpg, description=PHP金牌课程PHP金牌课程PHP金牌课程)
2022-05-29 21:19:40.032 [SpringContextShutdownHook] INFO  o.s.scheduling.concurrent.ThreadPoolTaskExecutor - Shutting down ExecutorService 'applicationTaskExecutor'
2022-05-29 21:19:40.043 [SpringContextShutdownHook] INFO  com.zaxxer.hikari.HikariDataSource - HikariPool-1 - Shutdown initiated...
2022-05-29 21:19:40.050 [SpringContextShutdownHook] INFO  com.zaxxer.hikari.HikariDataSource - HikariPool-1 - Shutdown completed.
