2022-06-01 00:26:11.739 [SpringContextShutdownHook] INFO  o.s.scheduling.concurrent.ThreadPoolTaskExecutor - Shutting down ExecutorService 'applicationTaskExecutor'
2022-06-01 00:26:11.747 [SpringContextShutdownHook] INFO  com.zaxxer.hikari.HikariDataSource - HikariPool-1 - Shutdown initiated...
2022-06-01 00:26:11.752 [SpringContextShutdownHook] INFO  com.zaxxer.hikari.HikariDataSource - HikariPool-1 - Shutdown completed.
2022-06-01 17:23:11.662 [main] INFO  com.jhzz.eduservice.EduApplication - Starting EduApplication on JHZZ-PC with PID 1628 (D:\Code\guli-College\gulixuecollege\service\service-edu\target\classes started by Huanzhi in D:\Code\guli-College\gulixuecollege)
2022-06-01 17:23:11.665 [main] INFO  com.jhzz.eduservice.EduApplication - The following profiles are active: dev
2022-06-01 17:23:13.071 [main] INFO  o.s.d.r.config.RepositoryConfigurationDelegate - Multiple Spring Data modules found, entering strict repository configuration mode!
2022-06-01 17:23:13.075 [main] INFO  o.s.d.r.config.RepositoryConfigurationDelegate - Bootstrapping Spring Data repositories in DEFAULT mode.
2022-06-01 17:23:13.152 [main] INFO  o.s.d.r.config.RepositoryConfigurationDelegate - Finished Spring Data repository scanning in 38ms. Found 0 repository interfaces.
2022-06-01 17:23:13.566 [main] INFO  o.s.c.s.PostProcessorRegistrationDelegate$BeanPostProcessorChecker - Bean 'org.springframework.transaction.annotation.ProxyTransactionManagementConfiguration' of type [org.springframework.transaction.annotation.ProxyTransactionManagementConfiguration] is not eligible for getting processed by all BeanPostProcessors (for example: not eligible for auto-proxying)
2022-06-01 17:23:14.079 [main] INFO  o.s.boot.web.embedded.tomcat.TomcatWebServer - Tomcat initialized with port(s): 8001 (http)
2022-06-01 17:23:14.106 [main] INFO  org.apache.coyote.http11.Http11NioProtocol - Initializing ProtocolHandler ["http-nio-8001"]
2022-06-01 17:23:14.107 [main] INFO  org.apache.catalina.core.StandardService - Starting service [Tomcat]
2022-06-01 17:23:14.107 [main] INFO  org.apache.catalina.core.StandardEngine - Starting Servlet engine: [Apache Tomcat/9.0.27]
2022-06-01 17:23:14.258 [main] INFO  o.a.c.core.ContainerBase.[Tomcat].[localhost].[/] - Initializing Spring embedded WebApplicationContext
2022-06-01 17:23:14.259 [main] INFO  org.springframework.web.context.ContextLoader - Root WebApplicationContext: initialization completed in 2534 ms
2022-06-01 17:23:15.779 [main] INFO  s.d.s.w.PropertySourcedRequestMappingHandlerMapping - Mapped URL path [/v2/api-docs] onto method [springfox.documentation.swagger2.web.Swagger2Controller#getDocumentation(String, HttpServletRequest)]
2022-06-01 17:23:15.895 [main] INFO  o.s.scheduling.concurrent.ThreadPoolTaskExecutor - Initializing ExecutorService 'applicationTaskExecutor'
2022-06-01 17:23:16.515 [main] INFO  s.d.s.web.plugins.DocumentationPluginsBootstrapper - Context refreshed
2022-06-01 17:23:16.536 [main] INFO  s.d.s.web.plugins.DocumentationPluginsBootstrapper - Found 1 custom documentation plugin(s)
2022-06-01 17:23:16.576 [main] INFO  s.d.spring.web.scanners.ApiListingReferenceScanner - Scanning for api listing references
2022-06-01 17:23:16.830 [main] INFO  org.apache.coyote.http11.Http11NioProtocol - Starting ProtocolHandler ["http-nio-8001"]
2022-06-01 17:23:16.863 [main] INFO  o.s.boot.web.embedded.tomcat.TomcatWebServer - Tomcat started on port(s): 8001 (http) with context path ''
2022-06-01 17:23:16.866 [main] INFO  com.jhzz.eduservice.EduApplication - Started EduApplication in 6.191 seconds (JVM running for 10.003)
2022-06-01 17:23:35.646 [http-nio-8001-exec-2] INFO  o.a.c.core.ContainerBase.[Tomcat].[localhost].[/] - Initializing Spring DispatcherServlet 'dispatcherServlet'
2022-06-01 17:23:35.647 [http-nio-8001-exec-2] INFO  org.springframework.web.servlet.DispatcherServlet - Initializing Servlet 'dispatcherServlet'
2022-06-01 17:23:35.653 [http-nio-8001-exec-2] INFO  org.springframework.web.servlet.DispatcherServlet - Completed initialization in 6 ms
2022-06-01 17:23:38.858 [http-nio-8001-exec-8] INFO  com.zaxxer.hikari.HikariDataSource - HikariPool-1 - Starting...
2022-06-01 17:23:39.464 [http-nio-8001-exec-8] INFO  com.zaxxer.hikari.HikariDataSource - HikariPool-1 - Start completed.
2022-06-01 21:50:13.649 [http-nio-8001-exec-1] INFO  com.jhzz.eduservice.controller.EduVideoController - video--EduVideo(id=1531982533379543042, courseId=1531600682232086530, chapterId=1531600751136112641, title=sdafsd, videoSourceId=, videoOriginalName=, sort=2, playCount=0, isFree=1, duration=0.0, status=Empty, size=0, version=1, gmtCreate=Wed Jun 01 20:54:33 CST 2022, gmtModified=Wed Jun 01 21:48:40 CST 2022)
2022-06-01 21:50:46.138 [http-nio-8001-exec-6] INFO  o.s.d.r.config.RepositoryConfigurationDelegate - Bootstrapping Spring Data repositories in DEFAULT mode.
2022-06-01 21:50:46.150 [http-nio-8001-exec-6] INFO  o.s.d.r.config.RepositoryConfigurationDelegate - Finished Spring Data repository scanning in 10ms. Found 0 repository interfaces.
2022-06-01 21:50:46.282 [http-nio-8001-exec-6] INFO  s.d.s.w.PropertySourcedRequestMappingHandlerMapping - Mapped URL path [/v2/api-docs] onto method [springfox.documentation.swagger2.web.Swagger2Controller#getDocumentation(String, HttpServletRequest)]
2022-06-01 21:50:57.530 [http-nio-8001-exec-4] INFO  com.jhzz.eduservice.controller.EduVideoController - video--EduVideo(id=1531982533379543042, courseId=1531600682232086530, chapterId=1531600751136112641, title=sdafsd, videoSourceId=fd6b66f4f20b423bb0793c8134a92f90, videoOriginalName=, sort=2, playCount=0, isFree=1, duration=0.0, status=Empty, size=0, version=1, gmtCreate=Wed Jun 01 20:54:33 CST 2022, gmtModified=Wed Jun 01 21:50:14 CST 2022)
2022-06-01 21:52:23.401 [http-nio-8001-exec-10] INFO  com.jhzz.eduservice.controller.EduVideoController - video--EduVideo(id=1531982533379543042, courseId=1531600682232086530, chapterId=1531600751136112641, title=sdafsd, videoSourceId=, videoOriginalName=, sort=2, playCount=0, isFree=1, duration=0.0, status=Empty, size=0, version=1, gmtCreate=Wed Jun 01 20:54:33 CST 2022, gmtModified=Wed Jun 01 21:50:58 CST 2022)
2022-06-01 21:52:51.813 [http-nio-8001-exec-3] INFO  com.jhzz.eduservice.controller.EduVideoController - video--EduVideo(id=1531982533379543042, courseId=1531600682232086530, chapterId=1531600751136112641, title=sdafsd, videoSourceId=7fe3bbcb11ef48bd8c1dfae5ba9053e6, videoOriginalName=, sort=2, playCount=0, isFree=1, duration=0.0, status=Empty, size=0, version=1, gmtCreate=Wed Jun 01 20:54:33 CST 2022, gmtModified=Wed Jun 01 21:52:23 CST 2022)
2022-06-01 21:54:18.940 [http-nio-8001-exec-10] INFO  com.jhzz.eduservice.controller.EduVideoController - video--EduVideo(id=1531982533379543042, courseId=1531600682232086530, chapterId=1531600751136112641, title=sdafsd, videoSourceId=, videoOriginalName=, sort=2, playCount=0, isFree=1, duration=0.0, status=Empty, size=0, version=1, gmtCreate=Wed Jun 01 20:54:33 CST 2022, gmtModified=Wed Jun 01 21:52:52 CST 2022)
2022-06-01 21:54:28.004 [http-nio-8001-exec-3] INFO  com.jhzz.eduservice.controller.EduVideoController - video--EduVideo(id=1531982533379543042, courseId=1531600682232086530, chapterId=1531600751136112641, title=sdafsd, videoSourceId=a1c03b061f0f432cb054b48c35fb734f, videoOriginalName=, sort=2, playCount=0, isFree=1, duration=0.0, status=Empty, size=0, version=1, gmtCreate=Wed Jun 01 20:54:33 CST 2022, gmtModified=Wed Jun 01 21:54:19 CST 2022)
2022-06-01 21:56:02.088 [http-nio-8001-exec-10] INFO  com.jhzz.eduservice.controller.EduVideoController - video--EduVideo(id=1531982533379543042, courseId=1531600682232086530, chapterId=1531600751136112641, title=sdafsd, videoSourceId=, videoOriginalName=, sort=2, playCount=0, isFree=1, duration=0.0, status=Empty, size=0, version=1, gmtCreate=Wed Jun 01 20:54:33 CST 2022, gmtModified=Wed Jun 01 21:54:28 CST 2022)
2022-06-01 21:56:14.539 [http-nio-8001-exec-3] INFO  com.jhzz.eduservice.controller.EduVideoController - video--EduVideo(id=1531982533379543042, courseId=1531600682232086530, chapterId=1531600751136112641, title=sdafsd, videoSourceId=7cf5b2e78ca548a48be7f45104763819, videoOriginalName=, sort=2, playCount=0, isFree=1, duration=0.0, status=Empty, size=0, version=1, gmtCreate=Wed Jun 01 20:54:33 CST 2022, gmtModified=Wed Jun 01 21:56:02 CST 2022)
2022-06-01 22:00:15.543 [http-nio-8001-exec-9] INFO  com.jhzz.eduservice.controller.EduVideoController - video--EduVideo(id=1531982533379543042, courseId=1531600682232086530, chapterId=1531600751136112641, title=sdafsd, videoSourceId=, videoOriginalName=, sort=2, playCount=0, isFree=1, duration=0.0, status=Empty, size=0, version=1, gmtCreate=Wed Jun 01 20:54:33 CST 2022, gmtModified=Wed Jun 01 21:56:15 CST 2022)
2022-06-01 22:00:23.219 [http-nio-8001-exec-2] INFO  com.jhzz.eduservice.controller.EduVideoController - video--EduVideo(id=1531982533379543042, courseId=1531600682232086530, chapterId=1531600751136112641, title=sdafsd, videoSourceId=888d7d74e0424fdf811f3566cc7c3d19, videoOriginalName=, sort=2, playCount=0, isFree=1, duration=0.0, status=Empty, size=0, version=1, gmtCreate=Wed Jun 01 20:54:33 CST 2022, gmtModified=Wed Jun 01 22:00:16 CST 2022)
2022-06-01 22:01:48.403 [SpringContextShutdownHook] INFO  o.s.scheduling.concurrent.ThreadPoolTaskExecutor - Shutting down ExecutorService 'applicationTaskExecutor'
2022-06-01 22:01:48.407 [SpringContextShutdownHook] INFO  com.zaxxer.hikari.HikariDataSource - HikariPool-1 - Shutdown initiated...
2022-06-01 22:01:48.410 [SpringContextShutdownHook] INFO  com.zaxxer.hikari.HikariDataSource - HikariPool-1 - Shutdown completed.
2022-06-01 22:01:51.308 [main] INFO  com.jhzz.eduservice.EduApplication - Starting EduApplication on JHZZ-PC with PID 26120 (D:\Code\guli-College\gulixuecollege\service\service-edu\target\classes started by Huanzhi in D:\Code\guli-College\gulixuecollege)
2022-06-01 22:01:51.311 [main] INFO  com.jhzz.eduservice.EduApplication - The following profiles are active: dev
2022-06-01 22:01:51.886 [main] INFO  o.s.d.r.config.RepositoryConfigurationDelegate - Multiple Spring Data modules found, entering strict repository configuration mode!
2022-06-01 22:01:51.888 [main] INFO  o.s.d.r.config.RepositoryConfigurationDelegate - Bootstrapping Spring Data repositories in DEFAULT mode.
2022-06-01 22:01:51.911 [main] INFO  o.s.d.r.config.RepositoryConfigurationDelegate - Finished Spring Data repository scanning in 12ms. Found 0 repository interfaces.
2022-06-01 22:01:52.104 [main] INFO  o.s.c.s.PostProcessorRegistrationDelegate$BeanPostProcessorChecker - Bean 'org.springframework.transaction.annotation.ProxyTransactionManagementConfiguration' of type [org.springframework.transaction.annotation.ProxyTransactionManagementConfiguration] is not eligible for getting processed by all BeanPostProcessors (for example: not eligible for auto-proxying)
2022-06-01 22:01:52.267 [main] INFO  o.s.boot.web.embedded.tomcat.TomcatWebServer - Tomcat initialized with port(s): 8001 (http)
2022-06-01 22:01:52.273 [main] INFO  org.apache.coyote.http11.Http11NioProtocol - Initializing ProtocolHandler ["http-nio-8001"]
2022-06-01 22:01:52.273 [main] INFO  org.apache.catalina.core.StandardService - Starting service [Tomcat]
2022-06-01 22:01:52.273 [main] INFO  org.apache.catalina.core.StandardEngine - Starting Servlet engine: [Apache Tomcat/9.0.27]
2022-06-01 22:01:52.340 [main] INFO  o.a.c.core.ContainerBase.[Tomcat].[localhost].[/] - Initializing Spring embedded WebApplicationContext
2022-06-01 22:01:52.340 [main] INFO  org.springframework.web.context.ContextLoader - Root WebApplicationContext: initialization completed in 1004 ms
2022-06-01 22:01:53.255 [main] INFO  s.d.s.w.PropertySourcedRequestMappingHandlerMapping - Mapped URL path [/v2/api-docs] onto method [springfox.documentation.swagger2.web.Swagger2Controller#getDocumentation(String, HttpServletRequest)]
2022-06-01 22:01:53.345 [main] INFO  o.s.scheduling.concurrent.ThreadPoolTaskExecutor - Initializing ExecutorService 'applicationTaskExecutor'
2022-06-01 22:01:53.752 [main] INFO  s.d.s.web.plugins.DocumentationPluginsBootstrapper - Context refreshed
2022-06-01 22:01:53.768 [main] INFO  s.d.s.web.plugins.DocumentationPluginsBootstrapper - Found 1 custom documentation plugin(s)
2022-06-01 22:01:53.792 [main] INFO  s.d.spring.web.scanners.ApiListingReferenceScanner - Scanning for api listing references
2022-06-01 22:01:53.946 [main] INFO  org.apache.coyote.http11.Http11NioProtocol - Starting ProtocolHandler ["http-nio-8001"]
2022-06-01 22:01:53.965 [main] INFO  o.s.boot.web.embedded.tomcat.TomcatWebServer - Tomcat started on port(s): 8001 (http) with context path ''
2022-06-01 22:01:53.967 [main] INFO  com.jhzz.eduservice.EduApplication - Started EduApplication in 2.978 seconds (JVM running for 3.579)
2022-06-01 22:02:20.287 [http-nio-8001-exec-1] INFO  o.a.c.core.ContainerBase.[Tomcat].[localhost].[/] - Initializing Spring DispatcherServlet 'dispatcherServlet'
2022-06-01 22:02:20.287 [http-nio-8001-exec-1] INFO  org.springframework.web.servlet.DispatcherServlet - Initializing Servlet 'dispatcherServlet'
2022-06-01 22:02:20.290 [http-nio-8001-exec-1] INFO  org.springframework.web.servlet.DispatcherServlet - Completed initialization in 3 ms
2022-06-01 22:02:20.326 [http-nio-8001-exec-1] INFO  com.zaxxer.hikari.HikariDataSource - HikariPool-1 - Starting...
2022-06-01 22:02:20.837 [http-nio-8001-exec-1] INFO  com.zaxxer.hikari.HikariDataSource - HikariPool-1 - Start completed.
2022-06-01 22:02:25.860 [http-nio-8001-exec-3] INFO  com.jhzz.eduservice.controller.EduVideoController - video--EduVideo(id=1531982533379543042, courseId=1531600682232086530, chapterId=1531600751136112641, title=sdafsd, videoSourceId=, videoOriginalName=, sort=2, playCount=0, isFree=1, duration=0.0, status=Empty, size=0, version=1, gmtCreate=Wed Jun 01 20:54:33 CST 2022, gmtModified=Wed Jun 01 22:00:23 CST 2022)
2022-06-01 22:02:39.571 [http-nio-8001-exec-6] INFO  com.jhzz.eduservice.controller.EduVideoController - video--EduVideo(id=1531982533379543042, courseId=1531600682232086530, chapterId=1531600751136112641, title=sdafsd, videoSourceId=cc7ce2b141674bf6b013af346a029812, videoOriginalName=, sort=2, playCount=0, isFree=1, duration=0.0, status=Empty, size=0, version=1, gmtCreate=Wed Jun 01 20:54:33 CST 2022, gmtModified=Wed Jun 01 22:02:26 CST 2022)
2022-06-01 22:03:38.514 [http-nio-8001-exec-2] INFO  com.jhzz.eduservice.controller.EduVideoController - video--EduVideo(id=1531982533379543042, courseId=1531600682232086530, chapterId=1531600751136112641, title=sdafsd, videoSourceId=cc7ce2b141674bf6b013af346a029812, videoOriginalName=6 - What If I Want to Move Faster, sort=2, playCount=0, isFree=1, duration=0.0, status=Empty, size=0, version=1, gmtCreate=Wed Jun 01 20:54:33 CST 2022, gmtModified=Wed Jun 01 22:02:40 CST 2022)
2022-06-01 22:08:32.448 [http-nio-8001-exec-6] INFO  c.j.eduservice.service.impl.EduCourseServiceImpl - courseInfoVo = CourseInfoVo(id=null, teacherId=1189389726308478977, teacherName=null, subjectId=123, subjectName=null, subjectParentId=1530054254489866241, subjectParentName=null, title=上传视频最终测试测试, price=0, lessonNum=1, cover=http://huanzhi.oss-cn-shenzhen.aliyuncs.com/guli/avatar/cover/2022/06/01/768a0372-9383-4e8b-a301-f0c597d7a401.jpg, description=上传视频最终测试测试上传视频最终测试测试上传视频最终测试测试上传视频最终测试测试)
2022-06-01 22:08:39.733 [http-nio-8001-exec-10] INFO  c.jhzz.eduservice.controller.EduChapterController - chapter:EduChapter(id=, courseId=1532001151815290881, title=第一个视频, sort=1, gmtCreate=null, gmtModified=null)
2022-06-01 22:08:44.475 [http-nio-8001-exec-2] INFO  c.jhzz.eduservice.controller.EduChapterController - chapter:EduChapter(id=, courseId=1532001151815290881, title=第二个, sort=0, gmtCreate=null, gmtModified=null)
2022-06-01 22:08:49.505 [http-nio-8001-exec-3] INFO  c.jhzz.eduservice.controller.EduChapterController - chapter:EduChapter(id=, courseId=1532001151815290881, title=第三个, sort=3, gmtCreate=null, gmtModified=null)
2022-06-01 22:14:13.299 [http-nio-8001-exec-10] INFO  com.jhzz.eduservice.controller.EduVideoController - video--EduVideo(id=1532001399484747777, courseId=1532001151815290881, chapterId=1532001223298813953, title=3333, videoSourceId=726273c844dc4abeaadf03556884a303, videoOriginalName=6 - What If I Want to Move Faster, sort=3, playCount=0, isFree=1, duration=0.0, status=Empty, size=0, version=1, gmtCreate=Wed Jun 01 22:09:32 CST 2022, gmtModified=Wed Jun 01 22:09:32 CST 2022)
2022-06-01 22:16:03.489 [http-nio-8001-exec-6] INFO  com.jhzz.eduservice.controller.EduVideoController - video--EduVideo(id=1532002979168686081, courseId=1532001151815290881, chapterId=1532001202172104705, title=222222, videoSourceId=ac90e0ae49a1481495e4f0a650d12d40, videoOriginalName=pexels-ivan-khmelyuk-7222009, sort=2, playCount=0, isFree=1, duration=0.0, status=Empty, size=0, version=1, gmtCreate=Wed Jun 01 22:15:48 CST 2022, gmtModified=Wed Jun 01 22:15:48 CST 2022)
2022-06-01 22:29:24.763 [http-nio-8001-exec-5] INFO  com.jhzz.eduservice.controller.EduVideoController - video--EduVideo(id=1532004234641313793, courseId=1532001151815290881, chapterId=1532001223298813953, title=123, videoSourceId=, videoOriginalName=, sort=1231, playCount=0, isFree=1, duration=0.0, status=Empty, size=0, version=1, gmtCreate=Wed Jun 01 22:20:47 CST 2022, gmtModified=Wed Jun 01 22:20:47 CST 2022)
2022-06-01 22:31:49.386 [http-nio-8001-exec-9] INFO  com.jhzz.eduservice.controller.EduVideoController - video--EduVideo(id=1532001399484747777, courseId=1532001151815290881, chapterId=1532001223298813953, title=3333, videoSourceId=, videoOriginalName=, sort=3, playCount=0, isFree=1, duration=0.0, status=Empty, size=0, version=1, gmtCreate=Wed Jun 01 22:09:32 CST 2022, gmtModified=Wed Jun 01 22:14:13 CST 2022)
2022-06-01 23:07:20.427 [SpringContextShutdownHook] INFO  o.s.scheduling.concurrent.ThreadPoolTaskExecutor - Shutting down ExecutorService 'applicationTaskExecutor'
2022-06-01 23:07:20.429 [SpringContextShutdownHook] INFO  com.zaxxer.hikari.HikariDataSource - HikariPool-1 - Shutdown initiated...
2022-06-01 23:07:20.432 [SpringContextShutdownHook] INFO  com.zaxxer.hikari.HikariDataSource - HikariPool-1 - Shutdown completed.
2022-06-02 14:03:30.329 [main] INFO  com.jhzz.eduservice.EduApplication - The following profiles are active: dev
2022-06-02 14:03:31.282 [main] INFO  o.s.d.r.config.RepositoryConfigurationDelegate - Multiple Spring Data modules found, entering strict repository configuration mode!
2022-06-02 14:03:31.286 [main] INFO  o.s.d.r.config.RepositoryConfigurationDelegate - Bootstrapping Spring Data repositories in DEFAULT mode.
2022-06-02 14:03:31.352 [main] INFO  o.s.d.r.config.RepositoryConfigurationDelegate - Finished Spring Data repository scanning in 43ms. Found 0 repository interfaces.
2022-06-02 14:03:31.588 [main] INFO  o.springframework.cloud.context.scope.GenericScope - BeanFactory id=88311217-72fe-396d-bf16-f5f674948f90
2022-06-02 14:03:31.696 [main] INFO  o.s.c.s.PostProcessorRegistrationDelegate$BeanPostProcessorChecker - Bean 'org.springframework.transaction.annotation.ProxyTransactionManagementConfiguration' of type [org.springframework.transaction.annotation.ProxyTransactionManagementConfiguration] is not eligible for getting processed by all BeanPostProcessors (for example: not eligible for auto-proxying)
2022-06-02 14:03:31.737 [main] INFO  o.s.c.s.PostProcessorRegistrationDelegate$BeanPostProcessorChecker - Bean 'org.springframework.cloud.autoconfigure.ConfigurationPropertiesRebinderAutoConfiguration' of type [org.springframework.cloud.autoconfigure.ConfigurationPropertiesRebinderAutoConfiguration] is not eligible for getting processed by all BeanPostProcessors (for example: not eligible for auto-proxying)
2022-06-02 14:03:32.143 [main] INFO  o.s.boot.web.embedded.tomcat.TomcatWebServer - Tomcat initialized with port(s): 8001 (http)
2022-06-02 14:03:32.156 [main] INFO  org.apache.coyote.http11.Http11NioProtocol - Initializing ProtocolHandler ["http-nio-8001"]
2022-06-02 14:03:32.157 [main] INFO  org.apache.catalina.core.StandardService - Starting service [Tomcat]
2022-06-02 14:03:32.158 [main] INFO  org.apache.catalina.core.StandardEngine - Starting Servlet engine: [Apache Tomcat/9.0.27]
2022-06-02 14:03:32.292 [main] INFO  o.a.c.core.ContainerBase.[Tomcat].[localhost].[/] - Initializing Spring embedded WebApplicationContext
2022-06-02 14:03:32.293 [main] INFO  org.springframework.web.context.ContextLoader - Root WebApplicationContext: initialization completed in 1938 ms
2022-06-02 14:03:33.755 [main] INFO  s.d.s.w.PropertySourcedRequestMappingHandlerMapping - Mapped URL path [/v2/api-docs] onto method [springfox.documentation.swagger2.web.Swagger2Controller#getDocumentation(String, HttpServletRequest)]
2022-06-02 14:03:33.777 [main] INFO  com.netflix.config.sources.URLConfigurationSource - To enable URLs as dynamic configuration sources, define System property archaius.configurationSource.additionalUrls or make config.properties available on classpath.
2022-06-02 14:03:33.785 [main] INFO  com.netflix.config.sources.URLConfigurationSource - To enable URLs as dynamic configuration sources, define System property archaius.configurationSource.additionalUrls or make config.properties available on classpath.
2022-06-02 14:03:33.901 [main] INFO  o.s.scheduling.concurrent.ThreadPoolTaskExecutor - Initializing ExecutorService 'applicationTaskExecutor'
2022-06-02 14:03:35.664 [main] INFO  org.springframework.cloud.commons.util.InetUtils - Cannot determine local hostname
2022-06-02 14:03:35.754 [main] INFO  o.s.scheduling.concurrent.ThreadPoolTaskScheduler - Initializing ExecutorService
2022-06-02 14:03:36.988 [main] INFO  org.springframework.cloud.commons.util.InetUtils - Cannot determine local hostname
2022-06-02 14:03:38.191 [main] INFO  org.springframework.cloud.commons.util.InetUtils - Cannot determine local hostname
2022-06-02 14:03:38.326 [main] INFO  s.d.s.web.plugins.DocumentationPluginsBootstrapper - Context refreshed
2022-06-02 14:03:38.357 [main] INFO  s.d.s.web.plugins.DocumentationPluginsBootstrapper - Found 1 custom documentation plugin(s)
2022-06-02 14:03:38.401 [main] INFO  s.d.spring.web.scanners.ApiListingReferenceScanner - Scanning for api listing references
2022-06-02 14:03:38.675 [main] INFO  org.apache.coyote.http11.Http11NioProtocol - Starting ProtocolHandler ["http-nio-8001"]
2022-06-02 14:03:38.706 [main] INFO  o.s.boot.web.embedded.tomcat.TomcatWebServer - Tomcat started on port(s): 8001 (http) with context path ''
2022-06-02 14:03:38.741 [main] INFO  o.s.c.alibaba.nacos.registry.NacosServiceRegistry - nacos registry, service-edu 192.168.138.1:8001 register finished
2022-06-02 14:03:39.927 [main] INFO  org.springframework.cloud.commons.util.InetUtils - Cannot determine local hostname
2022-06-02 14:03:39.942 [main] INFO  com.jhzz.eduservice.EduApplication - Started EduApplication in 12.962 seconds (JVM running for 16.434)
2022-06-02 14:14:36.469 [http-nio-8001-exec-1] INFO  o.a.c.core.ContainerBase.[Tomcat].[localhost].[/] - Initializing Spring DispatcherServlet 'dispatcherServlet'
2022-06-02 14:14:36.470 [http-nio-8001-exec-1] INFO  org.springframework.web.servlet.DispatcherServlet - Initializing Servlet 'dispatcherServlet'
2022-06-02 14:14:36.479 [http-nio-8001-exec-1] INFO  org.springframework.web.servlet.DispatcherServlet - Completed initialization in 9 ms
2022-06-02 14:14:40.132 [http-nio-8001-exec-6] INFO  com.zaxxer.hikari.HikariDataSource - HikariPool-1 - Starting...
2022-06-02 14:14:40.686 [http-nio-8001-exec-6] INFO  com.zaxxer.hikari.HikariDataSource - HikariPool-1 - Start completed.
2022-06-02 14:38:05.021 [http-nio-8001-exec-10] INFO  o.s.d.r.config.RepositoryConfigurationDelegate - Bootstrapping Spring Data repositories in DEFAULT mode.
2022-06-02 14:38:05.033 [http-nio-8001-exec-10] INFO  o.s.d.r.config.RepositoryConfigurationDelegate - Finished Spring Data repository scanning in 11ms. Found 0 repository interfaces.
2022-06-02 14:38:05.364 [http-nio-8001-exec-7] INFO  s.d.s.w.PropertySourcedRequestMappingHandlerMapping - Mapped URL path [/v2/api-docs] onto method [springfox.documentation.swagger2.web.Swagger2Controller#getDocumentation(String, HttpServletRequest)]
2022-06-02 14:41:42.350 [http-nio-8001-exec-3] INFO  o.s.d.r.config.RepositoryConfigurationDelegate - Bootstrapping Spring Data repositories in DEFAULT mode.
2022-06-02 14:41:42.354 [http-nio-8001-exec-3] INFO  o.s.d.r.config.RepositoryConfigurationDelegate - Finished Spring Data repository scanning in 4ms. Found 0 repository interfaces.
2022-06-02 14:42:10.993 [SpringContextShutdownHook] INFO  o.s.c.alibaba.nacos.registry.NacosServiceRegistry - De-registering from Nacos Server now...
2022-06-02 14:42:10.996 [SpringContextShutdownHook] INFO  o.s.c.alibaba.nacos.registry.NacosServiceRegistry - De-registration finished.
2022-06-02 14:42:11.041 [SpringContextShutdownHook] INFO  o.s.scheduling.concurrent.ThreadPoolTaskExecutor - Shutting down ExecutorService 'applicationTaskExecutor'
2022-06-02 14:42:11.051 [SpringContextShutdownHook] INFO  com.zaxxer.hikari.HikariDataSource - HikariPool-1 - Shutdown initiated...
2022-06-02 14:42:11.056 [SpringContextShutdownHook] INFO  com.zaxxer.hikari.HikariDataSource - HikariPool-1 - Shutdown completed.
2022-06-02 14:42:20.076 [main] INFO  com.jhzz.eduservice.EduApplication - The following profiles are active: dev
2022-06-02 14:42:20.815 [main] INFO  o.s.d.r.config.RepositoryConfigurationDelegate - Multiple Spring Data modules found, entering strict repository configuration mode!
2022-06-02 14:42:20.818 [main] INFO  o.s.d.r.config.RepositoryConfigurationDelegate - Bootstrapping Spring Data repositories in DEFAULT mode.
2022-06-02 14:42:20.843 [main] INFO  o.s.d.r.config.RepositoryConfigurationDelegate - Finished Spring Data repository scanning in 12ms. Found 0 repository interfaces.
2022-06-02 14:42:21.060 [main] INFO  o.springframework.cloud.context.scope.GenericScope - BeanFactory id=d8f6c3c1-40e9-330e-ab2d-79663350f0e8
2022-06-02 14:42:21.211 [main] INFO  o.s.c.s.PostProcessorRegistrationDelegate$BeanPostProcessorChecker - Bean 'org.springframework.transaction.annotation.ProxyTransactionManagementConfiguration' of type [org.springframework.transaction.annotation.ProxyTransactionManagementConfiguration] is not eligible for getting processed by all BeanPostProcessors (for example: not eligible for auto-proxying)
2022-06-02 14:42:21.283 [main] INFO  o.s.c.s.PostProcessorRegistrationDelegate$BeanPostProcessorChecker - Bean 'org.springframework.cloud.autoconfigure.ConfigurationPropertiesRebinderAutoConfiguration' of type [org.springframework.cloud.autoconfigure.ConfigurationPropertiesRebinderAutoConfiguration] is not eligible for getting processed by all BeanPostProcessors (for example: not eligible for auto-proxying)
2022-06-02 14:42:21.708 [main] INFO  o.s.boot.web.embedded.tomcat.TomcatWebServer - Tomcat initialized with port(s): 8001 (http)
2022-06-02 14:42:21.721 [main] INFO  org.apache.coyote.http11.Http11NioProtocol - Initializing ProtocolHandler ["http-nio-8001"]
2022-06-02 14:42:21.721 [main] INFO  org.apache.catalina.core.StandardService - Starting service [Tomcat]
2022-06-02 14:42:21.722 [main] INFO  org.apache.catalina.core.StandardEngine - Starting Servlet engine: [Apache Tomcat/9.0.27]
2022-06-02 14:42:21.851 [main] INFO  o.a.c.core.ContainerBase.[Tomcat].[localhost].[/] - Initializing Spring embedded WebApplicationContext
2022-06-02 14:42:21.851 [main] INFO  org.springframework.web.context.ContextLoader - Root WebApplicationContext: initialization completed in 1747 ms
2022-06-02 14:42:23.778 [main] INFO  s.d.s.w.PropertySourcedRequestMappingHandlerMapping - Mapped URL path [/v2/api-docs] onto method [springfox.documentation.swagger2.web.Swagger2Controller#getDocumentation(String, HttpServletRequest)]
2022-06-02 14:42:23.800 [main] INFO  com.netflix.config.sources.URLConfigurationSource - To enable URLs as dynamic configuration sources, define System property archaius.configurationSource.additionalUrls or make config.properties available on classpath.
2022-06-02 14:42:23.804 [main] INFO  com.netflix.config.sources.URLConfigurationSource - To enable URLs as dynamic configuration sources, define System property archaius.configurationSource.additionalUrls or make config.properties available on classpath.
2022-06-02 14:42:23.906 [main] INFO  o.s.scheduling.concurrent.ThreadPoolTaskExecutor - Initializing ExecutorService 'applicationTaskExecutor'
2022-06-02 14:42:25.669 [main] INFO  org.springframework.cloud.commons.util.InetUtils - Cannot determine local hostname
2022-06-02 14:42:25.726 [main] INFO  o.s.scheduling.concurrent.ThreadPoolTaskScheduler - Initializing ExecutorService
2022-06-02 14:42:26.927 [main] INFO  org.springframework.cloud.commons.util.InetUtils - Cannot determine local hostname
2022-06-02 14:42:28.155 [main] INFO  org.springframework.cloud.commons.util.InetUtils - Cannot determine local hostname
2022-06-02 14:42:28.237 [main] INFO  s.d.s.web.plugins.DocumentationPluginsBootstrapper - Context refreshed
2022-06-02 14:42:28.271 [main] INFO  s.d.s.web.plugins.DocumentationPluginsBootstrapper - Found 1 custom documentation plugin(s)
2022-06-02 14:42:28.302 [main] INFO  s.d.spring.web.scanners.ApiListingReferenceScanner - Scanning for api listing references
2022-06-02 14:42:28.527 [main] INFO  org.apache.coyote.http11.Http11NioProtocol - Starting ProtocolHandler ["http-nio-8001"]
2022-06-02 14:42:28.556 [main] INFO  o.s.boot.web.embedded.tomcat.TomcatWebServer - Tomcat started on port(s): 8001 (http) with context path ''
2022-06-02 14:42:28.568 [main] INFO  o.s.c.alibaba.nacos.registry.NacosServiceRegistry - nacos registry, service-edu 192.168.138.1:8001 register finished
2022-06-02 14:42:29.774 [main] INFO  org.springframework.cloud.commons.util.InetUtils - Cannot determine local hostname
2022-06-02 14:42:29.776 [main] INFO  com.jhzz.eduservice.EduApplication - Started EduApplication in 12.789 seconds (JVM running for 15.472)
2022-06-02 14:43:09.587 [http-nio-8001-exec-1] INFO  o.a.c.core.ContainerBase.[Tomcat].[localhost].[/] - Initializing Spring DispatcherServlet 'dispatcherServlet'
2022-06-02 14:43:09.587 [http-nio-8001-exec-1] INFO  org.springframework.web.servlet.DispatcherServlet - Initializing Servlet 'dispatcherServlet'
2022-06-02 14:43:09.598 [http-nio-8001-exec-1] INFO  org.springframework.web.servlet.DispatcherServlet - Completed initialization in 11 ms
2022-06-02 14:43:09.840 [http-nio-8001-exec-2] INFO  com.zaxxer.hikari.HikariDataSource - HikariPool-1 - Starting...
2022-06-02 14:43:10.353 [http-nio-8001-exec-2] INFO  com.zaxxer.hikari.HikariDataSource - HikariPool-1 - Start completed.
2022-06-02 14:43:13.467 [http-nio-8001-exec-3] INFO  com.netflix.config.ChainedDynamicProperty - Flipping property: service-vod.ribbon.ActiveConnectionsLimit to use NEXT property: niws.loadbalancer.availabilityFilteringRule.activeConnectionsLimit = 2147483647
2022-06-02 14:43:13.490 [http-nio-8001-exec-3] INFO  com.netflix.loadbalancer.BaseLoadBalancer - Client: service-vod instantiated a LoadBalancer: DynamicServerListLoadBalancer:{NFLoadBalancer:name=service-vod,current list of Servers=[],Load balancer stats=Zone stats: {},Server stats: []}ServerList:null
2022-06-02 14:43:13.497 [http-nio-8001-exec-3] INFO  c.n.loadbalancer.DynamicServerListLoadBalancer - Using serverListUpdater PollingServerListUpdater
2022-06-02 14:43:13.511 [http-nio-8001-exec-3] INFO  com.netflix.config.ChainedDynamicProperty - Flipping property: service-vod.ribbon.ActiveConnectionsLimit to use NEXT property: niws.loadbalancer.availabilityFilteringRule.activeConnectionsLimit = 2147483647
2022-06-02 14:43:13.513 [http-nio-8001-exec-3] INFO  c.n.loadbalancer.DynamicServerListLoadBalancer - DynamicServerListLoadBalancer for client service-vod initialized: DynamicServerListLoadBalancer:{NFLoadBalancer:name=service-vod,current list of Servers=[192.168.138.1:8003],Load balancer stats=Zone stats: {unknown=[Zone:unknown;	Instance count:1;	Active connections count: 0;	Circuit breaker tripped count: 0;	Active connections per server: 0.0;]
},Server stats: [[Server:192.168.138.1:8003;	Zone:UNKNOWN;	Total Requests:0;	Successive connection failure:0;	Total blackout seconds:0;	Last connection made:Thu Jan 01 08:00:00 CST 1970;	First connection made: Thu Jan 01 08:00:00 CST 1970;	Active Connections:0;	total failure count in last (1000) msecs:0;	average resp time:0.0;	90 percentile resp time:0.0;	95 percentile resp time:0.0;	min resp time:0.0;	max resp time:0.0;	stddev resp time:0.0]
]}ServerList:org.springframework.cloud.alibaba.nacos.ribbon.NacosServerList@72188d02
2022-06-02 14:43:14.515 [PollingServerListUpdater-0] INFO  com.netflix.config.ChainedDynamicProperty - Flipping property: service-vod.ribbon.ActiveConnectionsLimit to use NEXT property: niws.loadbalancer.availabilityFilteringRule.activeConnectionsLimit = 2147483647
2022-06-02 15:06:09.095 [http-nio-8001-exec-8] INFO  o.s.d.r.config.RepositoryConfigurationDelegate - Bootstrapping Spring Data repositories in DEFAULT mode.
2022-06-02 15:06:09.104 [http-nio-8001-exec-8] INFO  o.s.d.r.config.RepositoryConfigurationDelegate - Finished Spring Data repository scanning in 8ms. Found 0 repository interfaces.
2022-06-02 15:30:11.499 [Thread-63] INFO  com.netflix.loadbalancer.PollingServerListUpdater - Shutting down the Executor Pool for PollingServerListUpdater
2022-06-02 15:30:11.590 [SpringContextShutdownHook] INFO  o.s.c.alibaba.nacos.registry.NacosServiceRegistry - De-registering from Nacos Server now...
2022-06-02 15:30:11.595 [SpringContextShutdownHook] INFO  o.s.c.alibaba.nacos.registry.NacosServiceRegistry - De-registration finished.
2022-06-02 15:30:11.621 [SpringContextShutdownHook] INFO  o.s.scheduling.concurrent.ThreadPoolTaskExecutor - Shutting down ExecutorService 'applicationTaskExecutor'
2022-06-02 15:30:11.634 [SpringContextShutdownHook] INFO  com.zaxxer.hikari.HikariDataSource - HikariPool-1 - Shutdown initiated...
2022-06-02 15:30:11.638 [SpringContextShutdownHook] INFO  com.zaxxer.hikari.HikariDataSource - HikariPool-1 - Shutdown completed.
2022-06-02 15:30:19.240 [main] INFO  com.jhzz.eduservice.EduApplication - The following profiles are active: dev
2022-06-02 15:30:19.963 [main] INFO  o.s.d.r.config.RepositoryConfigurationDelegate - Multiple Spring Data modules found, entering strict repository configuration mode!
2022-06-02 15:30:19.965 [main] INFO  o.s.d.r.config.RepositoryConfigurationDelegate - Bootstrapping Spring Data repositories in DEFAULT mode.
2022-06-02 15:30:19.989 [main] INFO  o.s.d.r.config.RepositoryConfigurationDelegate - Finished Spring Data repository scanning in 11ms. Found 0 repository interfaces.
2022-06-02 15:30:20.190 [main] INFO  o.springframework.cloud.context.scope.GenericScope - BeanFactory id=d8f6c3c1-40e9-330e-ab2d-79663350f0e8
2022-06-02 15:30:20.301 [main] INFO  o.s.c.s.PostProcessorRegistrationDelegate$BeanPostProcessorChecker - Bean 'org.springframework.transaction.annotation.ProxyTransactionManagementConfiguration' of type [org.springframework.transaction.annotation.ProxyTransactionManagementConfiguration] is not eligible for getting processed by all BeanPostProcessors (for example: not eligible for auto-proxying)
2022-06-02 15:30:20.333 [main] INFO  o.s.c.s.PostProcessorRegistrationDelegate$BeanPostProcessorChecker - Bean 'org.springframework.cloud.autoconfigure.ConfigurationPropertiesRebinderAutoConfiguration' of type [org.springframework.cloud.autoconfigure.ConfigurationPropertiesRebinderAutoConfiguration] is not eligible for getting processed by all BeanPostProcessors (for example: not eligible for auto-proxying)
2022-06-02 15:30:20.717 [main] INFO  o.s.boot.web.embedded.tomcat.TomcatWebServer - Tomcat initialized with port(s): 8001 (http)
2022-06-02 15:30:20.729 [main] INFO  org.apache.coyote.http11.Http11NioProtocol - Initializing ProtocolHandler ["http-nio-8001"]
2022-06-02 15:30:20.730 [main] INFO  org.apache.catalina.core.StandardService - Starting service [Tomcat]
2022-06-02 15:30:20.730 [main] INFO  org.apache.catalina.core.StandardEngine - Starting Servlet engine: [Apache Tomcat/9.0.27]
2022-06-02 15:30:20.863 [main] INFO  o.a.c.core.ContainerBase.[Tomcat].[localhost].[/] - Initializing Spring embedded WebApplicationContext
2022-06-02 15:30:20.863 [main] INFO  org.springframework.web.context.ContextLoader - Root WebApplicationContext: initialization completed in 1600 ms
2022-06-02 15:30:22.566 [main] INFO  s.d.s.w.PropertySourcedRequestMappingHandlerMapping - Mapped URL path [/v2/api-docs] onto method [springfox.documentation.swagger2.web.Swagger2Controller#getDocumentation(String, HttpServletRequest)]
2022-06-02 15:30:22.588 [main] INFO  com.netflix.config.sources.URLConfigurationSource - To enable URLs as dynamic configuration sources, define System property archaius.configurationSource.additionalUrls or make config.properties available on classpath.
2022-06-02 15:30:22.592 [main] INFO  com.netflix.config.sources.URLConfigurationSource - To enable URLs as dynamic configuration sources, define System property archaius.configurationSource.additionalUrls or make config.properties available on classpath.
2022-06-02 15:30:22.687 [main] INFO  o.s.scheduling.concurrent.ThreadPoolTaskExecutor - Initializing ExecutorService 'applicationTaskExecutor'
2022-06-02 15:30:24.300 [main] INFO  org.springframework.cloud.commons.util.InetUtils - Cannot determine local hostname
2022-06-02 15:30:24.335 [main] INFO  o.s.scheduling.concurrent.ThreadPoolTaskScheduler - Initializing ExecutorService
2022-06-02 15:30:25.531 [main] INFO  org.springframework.cloud.commons.util.InetUtils - Cannot determine local hostname
2022-06-02 15:30:26.728 [main] INFO  org.springframework.cloud.commons.util.InetUtils - Cannot determine local hostname
2022-06-02 15:30:26.817 [main] INFO  s.d.s.web.plugins.DocumentationPluginsBootstrapper - Context refreshed
2022-06-02 15:30:26.836 [main] INFO  s.d.s.web.plugins.DocumentationPluginsBootstrapper - Found 1 custom documentation plugin(s)
2022-06-02 15:30:26.866 [main] INFO  s.d.spring.web.scanners.ApiListingReferenceScanner - Scanning for api listing references
2022-06-02 15:30:27.063 [main] INFO  org.apache.coyote.http11.Http11NioProtocol - Starting ProtocolHandler ["http-nio-8001"]
2022-06-02 15:30:27.089 [main] INFO  o.s.boot.web.embedded.tomcat.TomcatWebServer - Tomcat started on port(s): 8001 (http) with context path ''
2022-06-02 15:30:27.099 [main] INFO  o.s.c.alibaba.nacos.registry.NacosServiceRegistry - nacos registry, service-edu 192.168.138.1:8001 register finished
2022-06-02 15:30:28.286 [main] INFO  org.springframework.cloud.commons.util.InetUtils - Cannot determine local hostname
2022-06-02 15:30:28.289 [main] INFO  com.jhzz.eduservice.EduApplication - Started EduApplication in 12.224 seconds (JVM running for 14.826)
2022-06-02 15:33:59.165 [http-nio-8001-exec-1] INFO  o.a.c.core.ContainerBase.[Tomcat].[localhost].[/] - Initializing Spring DispatcherServlet 'dispatcherServlet'
2022-06-02 15:33:59.166 [http-nio-8001-exec-1] INFO  org.springframework.web.servlet.DispatcherServlet - Initializing Servlet 'dispatcherServlet'
2022-06-02 15:33:59.173 [http-nio-8001-exec-1] INFO  org.springframework.web.servlet.DispatcherServlet - Completed initialization in 7 ms
2022-06-02 15:33:59.328 [http-nio-8001-exec-2] INFO  com.zaxxer.hikari.HikariDataSource - HikariPool-1 - Starting...
2022-06-02 15:33:59.872 [http-nio-8001-exec-2] INFO  com.zaxxer.hikari.HikariDataSource - HikariPool-1 - Start completed.
2022-06-02 15:36:01.935 [http-nio-8001-exec-7] INFO  com.jhzz.eduservice.controller.EduVideoController - video--EduVideo(id=1531600819863977985, courseId=1531600682232086530, chapterId=1531600751136112641, title=声明式渲染123, videoSourceId=, videoOriginalName=, sort=1, playCount=0, isFree=1, duration=0.0, status=Empty, size=0, version=1, gmtCreate=Tue May 31 19:37:46 CST 2022, gmtModified=Wed Jun 01 21:24:34 CST 2022)
2022-06-02 15:36:25.905 [http-nio-8001-exec-6] INFO  c.jhzz.eduservice.service.impl.EduVideoServiceImpl - ids:[cc7ce2b141674bf6b013af346a029812]
2022-06-02 15:36:26.117 [http-nio-8001-exec-6] INFO  com.netflix.config.ChainedDynamicProperty - Flipping property: service-vod.ribbon.ActiveConnectionsLimit to use NEXT property: niws.loadbalancer.availabilityFilteringRule.activeConnectionsLimit = 2147483647
2022-06-02 15:36:26.132 [http-nio-8001-exec-6] INFO  com.netflix.loadbalancer.BaseLoadBalancer - Client: service-vod instantiated a LoadBalancer: DynamicServerListLoadBalancer:{NFLoadBalancer:name=service-vod,current list of Servers=[],Load balancer stats=Zone stats: {},Server stats: []}ServerList:null
2022-06-02 15:36:26.138 [http-nio-8001-exec-6] INFO  c.n.loadbalancer.DynamicServerListLoadBalancer - Using serverListUpdater PollingServerListUpdater
2022-06-02 15:36:26.276 [http-nio-8001-exec-6] INFO  com.netflix.config.ChainedDynamicProperty - Flipping property: service-vod.ribbon.ActiveConnectionsLimit to use NEXT property: niws.loadbalancer.availabilityFilteringRule.activeConnectionsLimit = 2147483647
2022-06-02 15:36:26.278 [http-nio-8001-exec-6] INFO  c.n.loadbalancer.DynamicServerListLoadBalancer - DynamicServerListLoadBalancer for client service-vod initialized: DynamicServerListLoadBalancer:{NFLoadBalancer:name=service-vod,current list of Servers=[192.168.138.1:8003],Load balancer stats=Zone stats: {unknown=[Zone:unknown;	Instance count:1;	Active connections count: 0;	Circuit breaker tripped count: 0;	Active connections per server: 0.0;]
},Server stats: [[Server:192.168.138.1:8003;	Zone:UNKNOWN;	Total Requests:0;	Successive connection failure:0;	Total blackout seconds:0;	Last connection made:Thu Jan 01 08:00:00 CST 1970;	First connection made: Thu Jan 01 08:00:00 CST 1970;	Active Connections:0;	total failure count in last (1000) msecs:0;	average resp time:0.0;	90 percentile resp time:0.0;	95 percentile resp time:0.0;	min resp time:0.0;	max resp time:0.0;	stddev resp time:0.0]
]}ServerList:org.springframework.cloud.alibaba.nacos.ribbon.NacosServerList@5fcf838
2022-06-02 15:36:26.546 [http-nio-8001-exec-6] INFO  c.j.eduservice.service.impl.EduCourseServiceImpl - 删除小节成功
2022-06-02 15:36:26.625 [http-nio-8001-exec-6] INFO  c.j.eduservice.service.impl.EduCourseServiceImpl - 删除章节成功
2022-06-02 15:36:26.706 [http-nio-8001-exec-6] INFO  c.j.eduservice.service.impl.EduCourseServiceImpl - 删除课程描述成功
2022-06-02 15:36:26.800 [http-nio-8001-exec-6] INFO  c.j.eduservice.service.impl.EduCourseServiceImpl - 删除课程本体成功
2022-06-02 15:36:27.267 [PollingServerListUpdater-0] INFO  com.netflix.config.ChainedDynamicProperty - Flipping property: service-vod.ribbon.ActiveConnectionsLimit to use NEXT property: niws.loadbalancer.availabilityFilteringRule.activeConnectionsLimit = 2147483647
2022-06-02 15:42:14.547 [http-nio-8001-exec-8] INFO  o.s.d.r.config.RepositoryConfigurationDelegate - Bootstrapping Spring Data repositories in DEFAULT mode.
2022-06-02 15:42:14.563 [http-nio-8001-exec-8] INFO  o.s.d.r.config.RepositoryConfigurationDelegate - Finished Spring Data repository scanning in 15ms. Found 0 repository interfaces.
2022-06-02 15:42:40.532 [http-nio-8001-exec-2] INFO  s.d.spring.web.scanners.ApiListingReferenceScanner - Scanning for api listing references
2022-06-02 15:42:40.542 [http-nio-8001-exec-2] INFO  s.d.s.w.r.operation.CachingOperationNameGenerator - Generating unique operation named: addChapterUsingPOST_1
2022-06-02 15:42:40.546 [http-nio-8001-exec-2] INFO  s.d.s.w.r.operation.CachingOperationNameGenerator - Generating unique operation named: deleteChapterUsingDELETE_1
2022-06-02 15:42:40.548 [http-nio-8001-exec-2] INFO  s.d.s.w.r.operation.CachingOperationNameGenerator - Generating unique operation named: findChapterInfoUsingGET_1
2022-06-02 15:42:40.550 [http-nio-8001-exec-2] INFO  s.d.s.w.r.operation.CachingOperationNameGenerator - Generating unique operation named: findChapterVideoUsingGET_1
2022-06-02 15:42:40.553 [http-nio-8001-exec-2] INFO  s.d.s.w.r.operation.CachingOperationNameGenerator - Generating unique operation named: updateChapterUsingPOST_1
2022-06-02 15:42:40.556 [http-nio-8001-exec-2] INFO  s.d.s.w.r.operation.CachingOperationNameGenerator - Generating unique operation named: addCourseInfoUsingPOST_1
2022-06-02 15:42:40.559 [http-nio-8001-exec-2] INFO  s.d.s.w.r.operation.CachingOperationNameGenerator - Generating unique operation named: deleteCourseUsingDELETE_1
2022-06-02 15:42:40.561 [http-nio-8001-exec-2] INFO  s.d.s.w.r.operation.CachingOperationNameGenerator - Generating unique operation named: getCoursePageUsingPOST_1
2022-06-02 15:42:40.563 [http-nio-8001-exec-2] INFO  s.d.s.w.r.operation.CachingOperationNameGenerator - Generating unique operation named: getInfoByIdUsingGET_1
2022-06-02 15:42:40.565 [http-nio-8001-exec-2] INFO  s.d.s.w.r.operation.CachingOperationNameGenerator - Generating unique operation named: publishCourseUsingGET_1
2022-06-02 15:42:40.567 [http-nio-8001-exec-2] INFO  s.d.s.w.r.operation.CachingOperationNameGenerator - Generating unique operation named: soldCourseUsingPUT_1
2022-06-02 15:42:40.569 [http-nio-8001-exec-2] INFO  s.d.s.w.r.operation.CachingOperationNameGenerator - Generating unique operation named: updateCourseInfoUsingPOST_1
2022-06-02 15:42:40.576 [http-nio-8001-exec-2] INFO  s.d.s.w.r.operation.CachingOperationNameGenerator - Generating unique operation named: addTeacherUsingPOST_1
2022-06-02 15:42:40.582 [http-nio-8001-exec-2] INFO  s.d.s.w.r.operation.CachingOperationNameGenerator - Generating unique operation named: deleteEduTeacherUsingDELETE_1
2022-06-02 15:42:40.585 [http-nio-8001-exec-2] INFO  s.d.s.w.r.operation.CachingOperationNameGenerator - Generating unique operation named: findTeacherUsingGET_1
2022-06-02 15:42:40.588 [http-nio-8001-exec-2] INFO  s.d.s.w.r.operation.CachingOperationNameGenerator - Generating unique operation named: getEduTeacherListUsingGET_1
2022-06-02 15:42:40.591 [http-nio-8001-exec-2] INFO  s.d.s.w.r.operation.CachingOperationNameGenerator - Generating unique operation named: getNameListUsingGET_1
2022-06-02 15:42:40.594 [http-nio-8001-exec-2] INFO  s.d.s.w.r.operation.CachingOperationNameGenerator - Generating unique operation named: pageTeacherUsingPOST_1
2022-06-02 15:42:40.599 [http-nio-8001-exec-2] INFO  s.d.s.w.r.operation.CachingOperationNameGenerator - Generating unique operation named: updateTeacherUsingPOST_1
2022-06-02 15:42:40.601 [http-nio-8001-exec-2] INFO  s.d.s.w.r.operation.CachingOperationNameGenerator - Generating unique operation named: addVideoUsingPOST_1
2022-06-02 15:42:40.603 [http-nio-8001-exec-2] INFO  s.d.s.w.r.operation.CachingOperationNameGenerator - Generating unique operation named: deleteVideoUsingDELETE_1
2022-06-02 15:42:40.605 [http-nio-8001-exec-2] INFO  s.d.s.w.r.operation.CachingOperationNameGenerator - Generating unique operation named: getVideoUsingGET_1
2022-06-02 15:42:40.607 [http-nio-8001-exec-2] INFO  s.d.s.w.r.operation.CachingOperationNameGenerator - Generating unique operation named: updateVideoUsingPOST_1
2022-06-02 15:42:40.608 [http-nio-8001-exec-2] INFO  s.d.s.w.r.operation.CachingOperationNameGenerator - Generating unique operation named: findUserInfoByTokenUsingGET_1
2022-06-02 15:42:40.610 [http-nio-8001-exec-2] INFO  s.d.s.w.r.operation.CachingOperationNameGenerator - Generating unique operation named: loginUsingPOST_1
2022-06-02 15:42:40.611 [http-nio-8001-exec-2] INFO  s.d.s.w.r.operation.CachingOperationNameGenerator - Generating unique operation named: logoutUsingPOST_1
2022-06-02 15:42:40.612 [http-nio-8001-exec-2] INFO  s.d.s.w.r.operation.CachingOperationNameGenerator - Generating unique operation named: addSubjectUsingPOST_1
2022-06-02 15:42:40.613 [http-nio-8001-exec-2] INFO  s.d.s.w.r.operation.CachingOperationNameGenerator - Generating unique operation named: getSubjectListUsingGET_1
2022-06-02 15:42:40.615 [http-nio-8001-exec-2] INFO  s.d.s.w.r.operation.CachingOperationNameGenerator - Generating unique operation named: helloUsingGET_1
2022-06-02 15:42:40.615 [http-nio-8001-exec-2] INFO  s.d.s.w.r.operation.CachingOperationNameGenerator - Generating unique operation named: helloUsingHEAD_1
2022-06-02 15:42:40.616 [http-nio-8001-exec-2] INFO  s.d.s.w.r.operation.CachingOperationNameGenerator - Generating unique operation named: helloUsingPOST_1
2022-06-02 15:42:40.618 [http-nio-8001-exec-2] INFO  s.d.s.w.r.operation.CachingOperationNameGenerator - Generating unique operation named: helloUsingPUT_1
2022-06-02 15:42:40.619 [http-nio-8001-exec-2] INFO  s.d.s.w.r.operation.CachingOperationNameGenerator - Generating unique operation named: helloUsingPATCH_1
2022-06-02 15:42:40.619 [http-nio-8001-exec-2] INFO  s.d.s.w.r.operation.CachingOperationNameGenerator - Generating unique operation named: helloUsingDELETE_1
2022-06-02 15:42:40.620 [http-nio-8001-exec-2] INFO  s.d.s.w.r.operation.CachingOperationNameGenerator - Generating unique operation named: helloUsingOPTIONS_1
2022-06-02 15:42:40.620 [http-nio-8001-exec-2] INFO  s.d.s.w.r.operation.CachingOperationNameGenerator - Generating unique operation named: helloUsingTRACE_1
2022-06-02 15:43:11.223 [http-nio-8001-exec-4] INFO  c.j.eduservice.service.impl.EduCourseServiceImpl - courseInfoVo = CourseInfoVo(id=null, teacherId=1, teacherName=null, subjectId=1530054252661149697, subjectName=null, subjectParentId=1530054252174610433, subjectParentName=null, title=删除多个视频测试, price=12, lessonNum=12, cover=http://huanzhi.oss-cn-shenzhen.aliyuncs.com/guli/avatar/cover/2022/06/02/2fceebd2-05b8-4239-96fd-215f7350ac2a.jpg, description=删除多个视频测试删除多个视频测试删除多个视频测试)
2022-06-02 15:43:19.522 [http-nio-8001-exec-8] INFO  c.jhzz.eduservice.controller.EduChapterController - chapter:EduChapter(id=, courseId=1532266562243858433, title=第一个视频, sort=0, gmtCreate=null, gmtModified=null)
2022-06-02 15:43:28.008 [http-nio-8001-exec-7] INFO  c.jhzz.eduservice.controller.EduChapterController - chapter:EduChapter(id=, courseId=1532266562243858433, title=第二个视频, sort=0, gmtCreate=null, gmtModified=null)
2022-06-02 15:45:30.254 [http-nio-8001-exec-3] INFO  c.jhzz.eduservice.service.impl.EduVideoServiceImpl - videos:[EduVideo(id=null, courseId=null, chapterId=null, title=null, videoSourceId=87b6649933524e249fc7b575d83f8af9, videoOriginalName=null, sort=null, playCount=null, isFree=null, duration=null, status=null, size=null, version=null, gmtCreate=null, gmtModified=null), EduVideo(id=null, courseId=null, chapterId=null, title=null, videoSourceId=9a14fc461a8544f0827af411be8c5475, videoOriginalName=null, sort=null, playCount=null, isFree=null, duration=null, status=null, size=null, version=null, gmtCreate=null, gmtModified=null)]
2022-06-02 15:45:30.256 [http-nio-8001-exec-3] INFO  c.jhzz.eduservice.service.impl.EduVideoServiceImpl - ids:[87b6649933524e249fc7b575d83f8af9, 9a14fc461a8544f0827af411be8c5475]
2022-06-02 15:45:30.573 [http-nio-8001-exec-3] INFO  c.j.eduservice.service.impl.EduCourseServiceImpl - 删除小节成功
2022-06-02 15:45:30.653 [http-nio-8001-exec-3] INFO  c.j.eduservice.service.impl.EduCourseServiceImpl - 删除章节成功
2022-06-02 15:45:30.734 [http-nio-8001-exec-3] INFO  c.j.eduservice.service.impl.EduCourseServiceImpl - 删除课程描述成功
2022-06-02 15:45:30.814 [http-nio-8001-exec-3] INFO  c.j.eduservice.service.impl.EduCourseServiceImpl - 删除课程本体成功
2022-06-02 15:47:51.034 [http-nio-8001-exec-1] INFO  o.s.d.r.config.RepositoryConfigurationDelegate - Bootstrapping Spring Data repositories in DEFAULT mode.
2022-06-02 15:47:51.042 [http-nio-8001-exec-1] INFO  o.s.d.r.config.RepositoryConfigurationDelegate - Finished Spring Data repository scanning in 7ms. Found 0 repository interfaces.
2022-06-02 16:05:00.678 [Thread-64] INFO  com.netflix.loadbalancer.PollingServerListUpdater - Shutting down the Executor Pool for PollingServerListUpdater
2022-06-02 16:05:00.684 [SpringContextShutdownHook] INFO  o.s.c.alibaba.nacos.registry.NacosServiceRegistry - De-registering from Nacos Server now...
2022-06-02 16:05:00.686 [SpringContextShutdownHook] INFO  o.s.c.alibaba.nacos.registry.NacosServiceRegistry - De-registration finished.
2022-06-02 16:05:00.714 [SpringContextShutdownHook] INFO  o.s.scheduling.concurrent.ThreadPoolTaskExecutor - Shutting down ExecutorService 'applicationTaskExecutor'
2022-06-02 16:05:00.729 [SpringContextShutdownHook] INFO  com.zaxxer.hikari.HikariDataSource - HikariPool-1 - Shutdown initiated...
2022-06-02 16:05:00.735 [SpringContextShutdownHook] INFO  com.zaxxer.hikari.HikariDataSource - HikariPool-1 - Shutdown completed.
2022-06-02 20:51:11.184 [main] INFO  com.jhzz.eduservice.EduApplication - The following profiles are active: dev
2022-06-02 20:51:12.162 [main] INFO  o.s.d.r.config.RepositoryConfigurationDelegate - Multiple Spring Data modules found, entering strict repository configuration mode!
2022-06-02 20:51:12.166 [main] INFO  o.s.d.r.config.RepositoryConfigurationDelegate - Bootstrapping Spring Data repositories in DEFAULT mode.
2022-06-02 20:51:12.202 [main] INFO  o.s.d.r.config.RepositoryConfigurationDelegate - Finished Spring Data repository scanning in 14ms. Found 0 repository interfaces.
2022-06-02 20:51:12.452 [main] INFO  o.springframework.cloud.context.scope.GenericScope - BeanFactory id=34138f9a-a378-33fc-9331-58eac63aac2b
2022-06-02 20:51:12.573 [main] INFO  o.s.c.s.PostProcessorRegistrationDelegate$BeanPostProcessorChecker - Bean 'org.springframework.transaction.annotation.ProxyTransactionManagementConfiguration' of type [org.springframework.transaction.annotation.ProxyTransactionManagementConfiguration] is not eligible for getting processed by all BeanPostProcessors (for example: not eligible for auto-proxying)
2022-06-02 20:51:12.620 [main] INFO  o.s.c.s.PostProcessorRegistrationDelegate$BeanPostProcessorChecker - Bean 'org.springframework.cloud.autoconfigure.ConfigurationPropertiesRebinderAutoConfiguration' of type [org.springframework.cloud.autoconfigure.ConfigurationPropertiesRebinderAutoConfiguration] is not eligible for getting processed by all BeanPostProcessors (for example: not eligible for auto-proxying)
2022-06-02 20:51:13.086 [main] INFO  o.s.boot.web.embedded.tomcat.TomcatWebServer - Tomcat initialized with port(s): 8001 (http)
2022-06-02 20:51:13.107 [main] INFO  org.apache.coyote.http11.Http11NioProtocol - Initializing ProtocolHandler ["http-nio-8001"]
2022-06-02 20:51:13.108 [main] INFO  org.apache.catalina.core.StandardService - Starting service [Tomcat]
2022-06-02 20:51:13.108 [main] INFO  org.apache.catalina.core.StandardEngine - Starting Servlet engine: [Apache Tomcat/9.0.27]
2022-06-02 20:51:13.313 [main] INFO  o.a.c.core.ContainerBase.[Tomcat].[localhost].[/] - Initializing Spring embedded WebApplicationContext
2022-06-02 20:51:13.313 [main] INFO  org.springframework.web.context.ContextLoader - Root WebApplicationContext: initialization completed in 2108 ms
2022-06-02 20:51:15.689 [main] INFO  s.d.s.w.PropertySourcedRequestMappingHandlerMapping - Mapped URL path [/v2/api-docs] onto method [springfox.documentation.swagger2.web.Swagger2Controller#getDocumentation(String, HttpServletRequest)]
2022-06-02 20:51:15.709 [main] INFO  com.netflix.config.sources.URLConfigurationSource - To enable URLs as dynamic configuration sources, define System property archaius.configurationSource.additionalUrls or make config.properties available on classpath.
2022-06-02 20:51:15.714 [main] INFO  com.netflix.config.sources.URLConfigurationSource - To enable URLs as dynamic configuration sources, define System property archaius.configurationSource.additionalUrls or make config.properties available on classpath.
2022-06-02 20:51:15.827 [main] INFO  o.s.scheduling.concurrent.ThreadPoolTaskExecutor - Initializing ExecutorService 'applicationTaskExecutor'
2022-06-02 20:51:17.712 [main] INFO  org.springframework.cloud.commons.util.InetUtils - Cannot determine local hostname
2022-06-02 20:51:17.791 [main] INFO  o.s.scheduling.concurrent.ThreadPoolTaskScheduler - Initializing ExecutorService
2022-06-02 20:51:19.101 [main] INFO  org.springframework.cloud.commons.util.InetUtils - Cannot determine local hostname
2022-06-02 20:51:20.312 [main] INFO  org.springframework.cloud.commons.util.InetUtils - Cannot determine local hostname
2022-06-02 20:51:20.489 [main] INFO  s.d.s.web.plugins.DocumentationPluginsBootstrapper - Context refreshed
2022-06-02 20:51:20.525 [main] INFO  s.d.s.web.plugins.DocumentationPluginsBootstrapper - Found 1 custom documentation plugin(s)
2022-06-02 20:51:20.582 [main] INFO  s.d.spring.web.scanners.ApiListingReferenceScanner - Scanning for api listing references
2022-06-02 20:51:20.989 [main] INFO  org.apache.coyote.http11.Http11NioProtocol - Starting ProtocolHandler ["http-nio-8001"]
2022-06-02 20:51:21.032 [main] INFO  o.s.boot.web.embedded.tomcat.TomcatWebServer - Tomcat started on port(s): 8001 (http) with context path ''
2022-06-02 20:51:21.083 [main] INFO  o.s.c.alibaba.nacos.registry.NacosServiceRegistry - nacos registry, service-edu 192.168.138.1:8001 register finished
2022-06-02 20:51:22.320 [main] INFO  org.springframework.cloud.commons.util.InetUtils - Cannot determine local hostname
2022-06-02 20:51:22.323 [main] INFO  com.jhzz.eduservice.EduApplication - Started EduApplication in 14.474 seconds (JVM running for 17.232)
2022-06-02 20:51:28.075 [http-nio-8001-exec-1] INFO  o.a.c.core.ContainerBase.[Tomcat].[localhost].[/] - Initializing Spring DispatcherServlet 'dispatcherServlet'
2022-06-02 20:51:28.076 [http-nio-8001-exec-1] INFO  org.springframework.web.servlet.DispatcherServlet - Initializing Servlet 'dispatcherServlet'
2022-06-02 20:51:28.085 [http-nio-8001-exec-1] INFO  org.springframework.web.servlet.DispatcherServlet - Completed initialization in 9 ms
2022-06-02 20:51:35.830 [http-nio-8001-exec-6] INFO  com.zaxxer.hikari.HikariDataSource - HikariPool-1 - Starting...
2022-06-02 20:51:36.416 [http-nio-8001-exec-6] INFO  com.zaxxer.hikari.HikariDataSource - HikariPool-1 - Start completed.
2022-06-02 20:52:49.508 [http-nio-8001-exec-2] INFO  c.j.eduservice.service.impl.EduCourseServiceImpl - courseInfoVo = CourseInfoVo(id=null, teacherId=1189390295668469762, teacherName=null, subjectId=12, subjectName=null, subjectParentId=1530054254489866241, subjectParentName=null, title=2022SpringBoot - sentinel, price=123, lessonNum=22, cover=http://huanzhi.oss-cn-shenzhen.aliyuncs.com/guli/avatar/cover/2022/06/02/e5478e8e-95f2-46d2-85ac-8c5dcadce1cf.jpg, description=2022SpringBoot - sentinel2022SpringBoot - sentinel2022SpringBoot - sentinel)
2022-06-02 20:53:05.789 [http-nio-8001-exec-6] INFO  c.jhzz.eduservice.controller.EduChapterController - chapter:EduChapter(id=, courseId=1532344485218967554, title=sentinel111, sort=0, gmtCreate=null, gmtModified=null)
2022-06-02 20:54:21.493 [http-nio-8001-exec-5] INFO  com.jhzz.eduservice.controller.EduVideoController - video--EduVideo(id=1532344626747367426, courseId=1532344485218967554, chapterId=1532344553451905026, title=123123, videoSourceId=, videoOriginalName=, sort=12, playCount=0, isFree=1, duration=0.0, status=Empty, size=0, version=1, gmtCreate=Thu Jun 02 20:53:23 CST 2022, gmtModified=Thu Jun 02 20:53:23 CST 2022)
2022-06-02 20:56:12.040 [http-nio-8001-exec-4] INFO  com.jhzz.eduservice.controller.EduVideoController - video--EduVideo(id=1532344626747367426, courseId=1532344485218967554, chapterId=1532344553451905026, title=化是否会阿萨德发生的阿萨德飞, videoSourceId=4d596ec05ca7481bafc919169e08baad, videoOriginalName=6 - What If I Want to Move Faster.mp4, sort=12, playCount=0, isFree=1, duration=0.0, status=Empty, size=0, version=1, gmtCreate=Thu Jun 02 20:53:23 CST 2022, gmtModified=Thu Jun 02 20:54:21 CST 2022)
2022-06-02 20:56:58.391 [http-nio-8001-exec-4] INFO  c.jhzz.eduservice.service.impl.EduVideoServiceImpl - videos:[EduVideo(id=null, courseId=null, chapterId=null, title=null, videoSourceId=4d596ec05ca7481bafc919169e08baad, videoOriginalName=null, sort=null, playCount=null, isFree=null, duration=null, status=null, size=null, version=null, gmtCreate=null, gmtModified=null)]
2022-06-02 20:56:58.399 [http-nio-8001-exec-4] INFO  c.jhzz.eduservice.service.impl.EduVideoServiceImpl - ids:[4d596ec05ca7481bafc919169e08baad]
2022-06-02 20:56:59.053 [hystrix-service-vod-1] INFO  com.netflix.config.ChainedDynamicProperty - Flipping property: service-vod.ribbon.ActiveConnectionsLimit to use NEXT property: niws.loadbalancer.availabilityFilteringRule.activeConnectionsLimit = 2147483647
2022-06-02 20:56:59.071 [hystrix-service-vod-1] INFO  com.netflix.loadbalancer.BaseLoadBalancer - Client: service-vod instantiated a LoadBalancer: DynamicServerListLoadBalancer:{NFLoadBalancer:name=service-vod,current list of Servers=[],Load balancer stats=Zone stats: {},Server stats: []}ServerList:null
2022-06-02 20:56:59.077 [hystrix-service-vod-1] INFO  c.n.loadbalancer.DynamicServerListLoadBalancer - Using serverListUpdater PollingServerListUpdater
2022-06-02 20:56:59.081 [hystrix-service-vod-1] INFO  c.n.loadbalancer.DynamicServerListLoadBalancer - DynamicServerListLoadBalancer for client service-vod initialized: DynamicServerListLoadBalancer:{NFLoadBalancer:name=service-vod,current list of Servers=[],Load balancer stats=Zone stats: {},Server stats: []}ServerList:org.springframework.cloud.alibaba.nacos.ribbon.NacosServerList@1a7f0521
2022-06-02 20:56:59.212 [http-nio-8001-exec-4] INFO  c.j.eduservice.service.impl.EduCourseServiceImpl - 删除小节成功
2022-06-02 20:56:59.291 [http-nio-8001-exec-4] INFO  c.j.eduservice.service.impl.EduCourseServiceImpl - 删除章节成功
2022-06-02 20:56:59.370 [http-nio-8001-exec-4] INFO  c.j.eduservice.service.impl.EduCourseServiceImpl - 删除课程描述成功
2022-06-02 20:56:59.464 [http-nio-8001-exec-4] INFO  c.j.eduservice.service.impl.EduCourseServiceImpl - 删除课程本体成功
2022-06-02 21:02:11.055 [http-nio-8001-exec-1] INFO  o.s.d.r.config.RepositoryConfigurationDelegate - Bootstrapping Spring Data repositories in DEFAULT mode.
2022-06-02 21:02:11.063 [http-nio-8001-exec-1] INFO  o.s.d.r.config.RepositoryConfigurationDelegate - Finished Spring Data repository scanning in 7ms. Found 0 repository interfaces.
2022-06-02 21:02:11.462 [http-nio-8001-exec-2] INFO  c.jhzz.eduservice.service.impl.EduVideoServiceImpl - videos:[EduVideo(id=null, courseId=null, chapterId=null, title=null, videoSourceId=, videoOriginalName=null, sort=null, playCount=null, isFree=null, duration=null, status=null, size=null, version=null, gmtCreate=null, gmtModified=null), EduVideo(id=null, courseId=null, chapterId=null, title=null, videoSourceId=, videoOriginalName=null, sort=null, playCount=null, isFree=null, duration=null, status=null, size=null, version=null, gmtCreate=null, gmtModified=null)]
2022-06-02 21:02:11.464 [http-nio-8001-exec-2] INFO  c.jhzz.eduservice.service.impl.EduVideoServiceImpl - ids:[]
2022-06-02 21:02:11.544 [http-nio-8001-exec-2] INFO  c.j.eduservice.service.impl.EduCourseServiceImpl - 删除小节成功
2022-06-02 21:02:11.623 [http-nio-8001-exec-2] INFO  c.j.eduservice.service.impl.EduCourseServiceImpl - 删除章节成功
2022-06-02 21:02:11.702 [http-nio-8001-exec-2] INFO  c.j.eduservice.service.impl.EduCourseServiceImpl - 删除课程描述成功
2022-06-02 21:02:11.782 [http-nio-8001-exec-2] INFO  c.j.eduservice.service.impl.EduCourseServiceImpl - 删除课程本体成功
2022-06-02 21:03:11.984 [http-nio-8001-exec-1] INFO  c.jhzz.eduservice.controller.EduChapterController - chapter:EduChapter(id=, courseId=1192252213659774977, title=地方撒发的阿斯顿发的是 , sort=0, gmtCreate=null, gmtModified=null)
2022-06-02 21:03:30.195 [PollingServerListUpdater-0] INFO  com.netflix.config.ChainedDynamicProperty - Flipping property: service-vod.ribbon.ActiveConnectionsLimit to use NEXT property: niws.loadbalancer.availabilityFilteringRule.activeConnectionsLimit = 2147483647
2022-06-02 21:07:40.751 [http-nio-8001-exec-3] INFO  o.s.d.r.config.RepositoryConfigurationDelegate - Bootstrapping Spring Data repositories in DEFAULT mode.
2022-06-02 21:07:40.757 [http-nio-8001-exec-3] INFO  o.s.d.r.config.RepositoryConfigurationDelegate - Finished Spring Data repository scanning in 5ms. Found 0 repository interfaces.
2022-06-02 21:07:57.173 [http-nio-8001-exec-9] INFO  o.s.d.r.config.RepositoryConfigurationDelegate - Bootstrapping Spring Data repositories in DEFAULT mode.
2022-06-02 21:07:57.180 [http-nio-8001-exec-9] INFO  o.s.d.r.config.RepositoryConfigurationDelegate - Finished Spring Data repository scanning in 6ms. Found 0 repository interfaces.
2022-06-02 21:08:08.360 [http-nio-8001-exec-7] INFO  c.jhzz.eduservice.controller.EduChapterController - chapter:EduChapter(id=, courseId=1530844356891680770, title=阿瑟的 , sort=0, gmtCreate=null, gmtModified=null)
2022-06-02 21:08:41.684 [http-nio-8001-exec-8] INFO  c.jhzz.eduservice.service.impl.EduVideoServiceImpl - videos:[EduVideo(id=null, courseId=null, chapterId=null, title=null, videoSourceId=1144daf648334f7a9879ea658ee43568, videoOriginalName=null, sort=null, playCount=null, isFree=null, duration=null, status=null, size=null, version=null, gmtCreate=null, gmtModified=null)]
2022-06-02 21:08:41.685 [http-nio-8001-exec-8] INFO  c.jhzz.eduservice.service.impl.EduVideoServiceImpl - ids:[1144daf648334f7a9879ea658ee43568]
2022-06-02 21:08:52.313 [Thread-67] INFO  com.netflix.loadbalancer.PollingServerListUpdater - Shutting down the Executor Pool for PollingServerListUpdater
2022-06-02 21:08:52.318 [SpringContextShutdownHook] INFO  o.s.c.alibaba.nacos.registry.NacosServiceRegistry - De-registering from Nacos Server now...
2022-06-02 21:08:52.321 [SpringContextShutdownHook] INFO  o.s.c.alibaba.nacos.registry.NacosServiceRegistry - De-registration finished.
2022-06-02 21:08:52.353 [SpringContextShutdownHook] INFO  o.s.scheduling.concurrent.ThreadPoolTaskExecutor - Shutting down ExecutorService 'applicationTaskExecutor'
2022-06-02 21:08:52.367 [SpringContextShutdownHook] INFO  com.zaxxer.hikari.HikariDataSource - HikariPool-1 - Shutdown initiated...
2022-06-02 21:08:52.374 [SpringContextShutdownHook] INFO  com.zaxxer.hikari.HikariDataSource - HikariPool-1 - Shutdown completed.
2022-06-04 22:17:58.761 [main] INFO  com.jhzz.eduservice.EduApplication - The following profiles are active: dev
2022-06-04 22:18:00.123 [main] INFO  o.s.d.r.config.RepositoryConfigurationDelegate - Multiple Spring Data modules found, entering strict repository configuration mode!
2022-06-04 22:18:00.128 [main] INFO  o.s.d.r.config.RepositoryConfigurationDelegate - Bootstrapping Spring Data repositories in DEFAULT mode.
2022-06-04 22:18:00.172 [main] INFO  o.s.d.r.config.RepositoryConfigurationDelegate - Finished Spring Data repository scanning in 17ms. Found 0 repository interfaces.
2022-06-04 22:18:00.482 [main] INFO  o.springframework.cloud.context.scope.GenericScope - BeanFactory id=1be17a9f-a0db-3823-a609-e532a60e0675
2022-06-04 22:18:00.671 [main] INFO  o.s.c.s.PostProcessorRegistrationDelegate$BeanPostProcessorChecker - Bean 'org.springframework.transaction.annotation.ProxyTransactionManagementConfiguration' of type [org.springframework.transaction.annotation.ProxyTransactionManagementConfiguration] is not eligible for getting processed by all BeanPostProcessors (for example: not eligible for auto-proxying)
2022-06-04 22:18:01.132 [main] INFO  o.s.c.s.PostProcessorRegistrationDelegate$BeanPostProcessorChecker - Bean 'spring.cloud.sentinel-com.alibaba.cloud.sentinel.SentinelProperties' of type [com.alibaba.cloud.sentinel.SentinelProperties] is not eligible for getting processed by all BeanPostProcessors (for example: not eligible for auto-proxying)
2022-06-04 22:18:01.279 [main] INFO  o.s.c.s.PostProcessorRegistrationDelegate$BeanPostProcessorChecker - Bean 'com.alibaba.cloud.sentinel.custom.SentinelAutoConfiguration' of type [com.alibaba.cloud.sentinel.custom.SentinelAutoConfiguration] is not eligible for getting processed by all BeanPostProcessors (for example: not eligible for auto-proxying)
2022-06-04 22:18:01.293 [main] INFO  o.s.c.s.PostProcessorRegistrationDelegate$BeanPostProcessorChecker - Bean 'org.springframework.cloud.autoconfigure.ConfigurationPropertiesRebinderAutoConfiguration' of type [org.springframework.cloud.autoconfigure.ConfigurationPropertiesRebinderAutoConfiguration] is not eligible for getting processed by all BeanPostProcessors (for example: not eligible for auto-proxying)
2022-06-04 22:18:01.639 [main] INFO  o.s.boot.web.embedded.tomcat.TomcatWebServer - Tomcat initialized with port(s): 8001 (http)
2022-06-04 22:18:01.655 [main] INFO  org.apache.coyote.http11.Http11NioProtocol - Initializing ProtocolHandler ["http-nio-8001"]
2022-06-04 22:18:01.655 [main] INFO  org.apache.catalina.core.StandardService - Starting service [Tomcat]
2022-06-04 22:18:01.656 [main] INFO  org.apache.catalina.core.StandardEngine - Starting Servlet engine: [Apache Tomcat/9.0.27]
2022-06-04 22:18:01.830 [main] INFO  o.a.c.core.ContainerBase.[Tomcat].[localhost].[/] - Initializing Spring embedded WebApplicationContext
2022-06-04 22:18:01.830 [main] INFO  org.springframework.web.context.ContextLoader - Root WebApplicationContext: initialization completed in 3034 ms
2022-06-04 22:18:03.960 [main] INFO  c.a.cloud.sentinel.SentinelWebAutoConfiguration - [Sentinel Starter] register SentinelWebInterceptor with urlPatterns: [/**].
2022-06-04 22:18:04.093 [main] INFO  s.d.s.w.PropertySourcedRequestMappingHandlerMapping - Mapped URL path [/v2/api-docs] onto method [springfox.documentation.swagger2.web.Swagger2Controller#getDocumentation(String, HttpServletRequest)]
2022-06-04 22:18:04.119 [main] INFO  com.netflix.config.sources.URLConfigurationSource - To enable URLs as dynamic configuration sources, define System property archaius.configurationSource.additionalUrls or make config.properties available on classpath.
2022-06-04 22:18:04.135 [main] INFO  com.netflix.config.sources.URLConfigurationSource - To enable URLs as dynamic configuration sources, define System property archaius.configurationSource.additionalUrls or make config.properties available on classpath.
2022-06-04 22:18:04.278 [main] INFO  o.s.scheduling.concurrent.ThreadPoolTaskExecutor - Initializing ExecutorService 'applicationTaskExecutor'
2022-06-04 22:18:06.311 [main] INFO  org.springframework.cloud.commons.util.InetUtils - Cannot determine local hostname
2022-06-04 22:18:06.371 [main] INFO  o.s.scheduling.concurrent.ThreadPoolTaskScheduler - Initializing ExecutorService
2022-06-04 22:18:07.606 [main] INFO  org.springframework.cloud.commons.util.InetUtils - Cannot determine local hostname
2022-06-04 22:18:08.838 [main] INFO  org.springframework.cloud.commons.util.InetUtils - Cannot determine local hostname
2022-06-04 22:18:09.016 [main] INFO  s.d.s.web.plugins.DocumentationPluginsBootstrapper - Context refreshed
2022-06-04 22:18:09.058 [main] INFO  s.d.s.web.plugins.DocumentationPluginsBootstrapper - Found 1 custom documentation plugin(s)
2022-06-04 22:18:09.123 [main] INFO  s.d.spring.web.scanners.ApiListingReferenceScanner - Scanning for api listing references
2022-06-04 22:18:09.622 [main] INFO  org.apache.coyote.http11.Http11NioProtocol - Starting ProtocolHandler ["http-nio-8001"]
2022-06-04 22:18:09.675 [main] INFO  o.s.boot.web.embedded.tomcat.TomcatWebServer - Tomcat started on port(s): 8001 (http) with context path ''
2022-06-04 22:18:13.334 [main] INFO  org.springframework.cloud.commons.util.InetUtils - Cannot determine local hostname
2022-06-04 22:18:13.336 [main] INFO  com.jhzz.eduservice.EduApplication - Started EduApplication in 18.104 seconds (JVM running for 22.309)
2022-06-04 22:18:48.700 [http-nio-8001-exec-1] INFO  o.a.c.core.ContainerBase.[Tomcat].[localhost].[/] - Initializing Spring DispatcherServlet 'dispatcherServlet'
2022-06-04 22:18:48.701 [http-nio-8001-exec-1] INFO  org.springframework.web.servlet.DispatcherServlet - Initializing Servlet 'dispatcherServlet'
2022-06-04 22:18:48.710 [http-nio-8001-exec-1] INFO  org.springframework.web.servlet.DispatcherServlet - Completed initialization in 9 ms
2022-06-04 22:21:18.389 [SpringContextShutdownHook] INFO  o.s.c.alibaba.nacos.registry.NacosServiceRegistry - De-registering from Nacos Server now...
2022-06-04 22:21:20.421 [SpringContextShutdownHook] INFO  o.s.c.alibaba.nacos.registry.NacosServiceRegistry - De-registration finished.
2022-06-04 22:21:20.488 [SpringContextShutdownHook] INFO  o.s.scheduling.concurrent.ThreadPoolTaskExecutor - Shutting down ExecutorService 'applicationTaskExecutor'
2022-06-04 22:21:29.059 [main] INFO  com.jhzz.eduservice.EduApplication - The following profiles are active: dev
2022-06-04 22:21:29.960 [main] INFO  o.s.d.r.config.RepositoryConfigurationDelegate - Multiple Spring Data modules found, entering strict repository configuration mode!
2022-06-04 22:21:29.962 [main] INFO  o.s.d.r.config.RepositoryConfigurationDelegate - Bootstrapping Spring Data repositories in DEFAULT mode.
2022-06-04 22:21:29.993 [main] INFO  o.s.d.r.config.RepositoryConfigurationDelegate - Finished Spring Data repository scanning in 15ms. Found 0 repository interfaces.
2022-06-04 22:21:30.281 [main] INFO  o.springframework.cloud.context.scope.GenericScope - BeanFactory id=1be17a9f-a0db-3823-a609-e532a60e0675
2022-06-04 22:21:30.454 [main] INFO  o.s.c.s.PostProcessorRegistrationDelegate$BeanPostProcessorChecker - Bean 'org.springframework.transaction.annotation.ProxyTransactionManagementConfiguration' of type [org.springframework.transaction.annotation.ProxyTransactionManagementConfiguration] is not eligible for getting processed by all BeanPostProcessors (for example: not eligible for auto-proxying)
2022-06-04 22:21:30.789 [main] INFO  o.s.c.s.PostProcessorRegistrationDelegate$BeanPostProcessorChecker - Bean 'spring.cloud.sentinel-com.alibaba.cloud.sentinel.SentinelProperties' of type [com.alibaba.cloud.sentinel.SentinelProperties] is not eligible for getting processed by all BeanPostProcessors (for example: not eligible for auto-proxying)
2022-06-04 22:21:30.864 [main] INFO  o.s.c.s.PostProcessorRegistrationDelegate$BeanPostProcessorChecker - Bean 'com.alibaba.cloud.sentinel.custom.SentinelAutoConfiguration' of type [com.alibaba.cloud.sentinel.custom.SentinelAutoConfiguration] is not eligible for getting processed by all BeanPostProcessors (for example: not eligible for auto-proxying)
2022-06-04 22:21:30.874 [main] INFO  o.s.c.s.PostProcessorRegistrationDelegate$BeanPostProcessorChecker - Bean 'org.springframework.cloud.autoconfigure.ConfigurationPropertiesRebinderAutoConfiguration' of type [org.springframework.cloud.autoconfigure.ConfigurationPropertiesRebinderAutoConfiguration] is not eligible for getting processed by all BeanPostProcessors (for example: not eligible for auto-proxying)
2022-06-04 22:21:31.206 [main] INFO  o.s.boot.web.embedded.tomcat.TomcatWebServer - Tomcat initialized with port(s): 8001 (http)
2022-06-04 22:21:31.218 [main] INFO  org.apache.coyote.http11.Http11NioProtocol - Initializing ProtocolHandler ["http-nio-8001"]
2022-06-04 22:21:31.219 [main] INFO  org.apache.catalina.core.StandardService - Starting service [Tomcat]
2022-06-04 22:21:31.219 [main] INFO  org.apache.catalina.core.StandardEngine - Starting Servlet engine: [Apache Tomcat/9.0.27]
2022-06-04 22:21:31.364 [main] INFO  o.a.c.core.ContainerBase.[Tomcat].[localhost].[/] - Initializing Spring embedded WebApplicationContext
2022-06-04 22:21:31.364 [main] INFO  org.springframework.web.context.ContextLoader - Root WebApplicationContext: initialization completed in 2276 ms
2022-06-04 22:21:33.095 [main] INFO  c.a.cloud.sentinel.SentinelWebAutoConfiguration - [Sentinel Starter] register SentinelWebInterceptor with urlPatterns: [/**].
2022-06-04 22:21:33.209 [main] INFO  s.d.s.w.PropertySourcedRequestMappingHandlerMapping - Mapped URL path [/v2/api-docs] onto method [springfox.documentation.swagger2.web.Swagger2Controller#getDocumentation(String, HttpServletRequest)]
2022-06-04 22:21:33.237 [main] INFO  com.netflix.config.sources.URLConfigurationSource - To enable URLs as dynamic configuration sources, define System property archaius.configurationSource.additionalUrls or make config.properties available on classpath.
2022-06-04 22:21:33.241 [main] INFO  com.netflix.config.sources.URLConfigurationSource - To enable URLs as dynamic configuration sources, define System property archaius.configurationSource.additionalUrls or make config.properties available on classpath.
2022-06-04 22:21:33.364 [main] INFO  o.s.scheduling.concurrent.ThreadPoolTaskExecutor - Initializing ExecutorService 'applicationTaskExecutor'
2022-06-04 22:21:35.260 [main] INFO  org.springframework.cloud.commons.util.InetUtils - Cannot determine local hostname
2022-06-04 22:21:35.303 [main] INFO  o.s.scheduling.concurrent.ThreadPoolTaskScheduler - Initializing ExecutorService
2022-06-04 22:21:36.570 [main] INFO  org.springframework.cloud.commons.util.InetUtils - Cannot determine local hostname
2022-06-04 22:21:37.788 [main] INFO  org.springframework.cloud.commons.util.InetUtils - Cannot determine local hostname
2022-06-04 22:21:37.920 [main] INFO  s.d.s.web.plugins.DocumentationPluginsBootstrapper - Context refreshed
2022-06-04 22:21:37.944 [main] INFO  s.d.s.web.plugins.DocumentationPluginsBootstrapper - Found 1 custom documentation plugin(s)
2022-06-04 22:21:37.975 [main] INFO  s.d.spring.web.scanners.ApiListingReferenceScanner - Scanning for api listing references
2022-06-04 22:21:38.299 [main] INFO  org.apache.coyote.http11.Http11NioProtocol - Starting ProtocolHandler ["http-nio-8001"]
2022-06-04 22:21:38.338 [main] INFO  o.s.boot.web.embedded.tomcat.TomcatWebServer - Tomcat started on port(s): 8001 (http) with context path ''
2022-06-04 22:21:41.708 [main] INFO  org.springframework.cloud.commons.util.InetUtils - Cannot determine local hostname
2022-06-04 22:21:41.710 [main] INFO  com.jhzz.eduservice.EduApplication - Started EduApplication in 16.034 seconds (JVM running for 18.916)
2022-06-04 22:22:51.470 [http-nio-8001-exec-1] INFO  o.a.c.core.ContainerBase.[Tomcat].[localhost].[/] - Initializing Spring DispatcherServlet 'dispatcherServlet'
2022-06-04 22:22:51.471 [http-nio-8001-exec-1] INFO  org.springframework.web.servlet.DispatcherServlet - Initializing Servlet 'dispatcherServlet'
2022-06-04 22:22:51.480 [http-nio-8001-exec-1] INFO  org.springframework.web.servlet.DispatcherServlet - Completed initialization in 9 ms
2022-06-04 22:23:01.434 [SpringContextShutdownHook] INFO  o.s.c.alibaba.nacos.registry.NacosServiceRegistry - De-registering from Nacos Server now...
2022-06-04 22:23:03.475 [SpringContextShutdownHook] INFO  o.s.c.alibaba.nacos.registry.NacosServiceRegistry - De-registration finished.
2022-06-04 22:23:03.496 [SpringContextShutdownHook] INFO  o.s.scheduling.concurrent.ThreadPoolTaskExecutor - Shutting down ExecutorService 'applicationTaskExecutor'
2022-06-04 23:31:48.113 [main] INFO  com.jhzz.eduservice.EduApplication - The following profiles are active: dev
2022-06-04 23:31:49.004 [main] INFO  o.s.d.r.config.RepositoryConfigurationDelegate - Multiple Spring Data modules found, entering strict repository configuration mode!
2022-06-04 23:31:49.009 [main] INFO  o.s.d.r.config.RepositoryConfigurationDelegate - Bootstrapping Spring Data repositories in DEFAULT mode.
2022-06-04 23:31:49.045 [main] INFO  o.s.d.r.config.RepositoryConfigurationDelegate - Finished Spring Data repository scanning in 15ms. Found 0 repository interfaces.
2022-06-04 23:31:49.301 [main] INFO  o.springframework.cloud.context.scope.GenericScope - BeanFactory id=1be17a9f-a0db-3823-a609-e532a60e0675
2022-06-04 23:31:49.451 [main] INFO  o.s.c.s.PostProcessorRegistrationDelegate$BeanPostProcessorChecker - Bean 'org.springframework.transaction.annotation.ProxyTransactionManagementConfiguration' of type [org.springframework.transaction.annotation.ProxyTransactionManagementConfiguration] is not eligible for getting processed by all BeanPostProcessors (for example: not eligible for auto-proxying)
2022-06-04 23:31:49.769 [main] INFO  o.s.c.s.PostProcessorRegistrationDelegate$BeanPostProcessorChecker - Bean 'spring.cloud.sentinel-com.alibaba.cloud.sentinel.SentinelProperties' of type [com.alibaba.cloud.sentinel.SentinelProperties] is not eligible for getting processed by all BeanPostProcessors (for example: not eligible for auto-proxying)
2022-06-04 23:31:49.837 [main] INFO  o.s.c.s.PostProcessorRegistrationDelegate$BeanPostProcessorChecker - Bean 'com.alibaba.cloud.sentinel.custom.SentinelAutoConfiguration' of type [com.alibaba.cloud.sentinel.custom.SentinelAutoConfiguration] is not eligible for getting processed by all BeanPostProcessors (for example: not eligible for auto-proxying)
2022-06-04 23:31:49.849 [main] INFO  o.s.c.s.PostProcessorRegistrationDelegate$BeanPostProcessorChecker - Bean 'org.springframework.cloud.autoconfigure.ConfigurationPropertiesRebinderAutoConfiguration' of type [org.springframework.cloud.autoconfigure.ConfigurationPropertiesRebinderAutoConfiguration] is not eligible for getting processed by all BeanPostProcessors (for example: not eligible for auto-proxying)
2022-06-04 23:31:50.185 [main] INFO  o.s.boot.web.embedded.tomcat.TomcatWebServer - Tomcat initialized with port(s): 8001 (http)
2022-06-04 23:31:50.198 [main] INFO  org.apache.coyote.http11.Http11NioProtocol - Initializing ProtocolHandler ["http-nio-8001"]
2022-06-04 23:31:50.199 [main] INFO  org.apache.catalina.core.StandardService - Starting service [Tomcat]
2022-06-04 23:31:50.199 [main] INFO  org.apache.catalina.core.StandardEngine - Starting Servlet engine: [Apache Tomcat/9.0.27]
2022-06-04 23:31:50.350 [main] INFO  o.a.c.core.ContainerBase.[Tomcat].[localhost].[/] - Initializing Spring embedded WebApplicationContext
2022-06-04 23:31:50.350 [main] INFO  org.springframework.web.context.ContextLoader - Root WebApplicationContext: initialization completed in 2211 ms
2022-06-04 23:31:51.966 [main] INFO  c.a.cloud.sentinel.SentinelWebAutoConfiguration - [Sentinel Starter] register SentinelWebInterceptor with urlPatterns: [/**].
2022-06-04 23:31:52.065 [main] INFO  s.d.s.w.PropertySourcedRequestMappingHandlerMapping - Mapped URL path [/v2/api-docs] onto method [springfox.documentation.swagger2.web.Swagger2Controller#getDocumentation(String, HttpServletRequest)]
2022-06-04 23:31:52.087 [main] INFO  com.netflix.config.sources.URLConfigurationSource - To enable URLs as dynamic configuration sources, define System property archaius.configurationSource.additionalUrls or make config.properties available on classpath.
2022-06-04 23:31:52.091 [main] INFO  com.netflix.config.sources.URLConfigurationSource - To enable URLs as dynamic configuration sources, define System property archaius.configurationSource.additionalUrls or make config.properties available on classpath.
2022-06-04 23:31:52.199 [main] INFO  o.s.scheduling.concurrent.ThreadPoolTaskExecutor - Initializing ExecutorService 'applicationTaskExecutor'
2022-06-04 23:31:53.981 [main] INFO  org.springframework.cloud.commons.util.InetUtils - Cannot determine local hostname
2022-06-04 23:31:54.031 [main] INFO  o.s.scheduling.concurrent.ThreadPoolTaskScheduler - Initializing ExecutorService
2022-06-04 23:31:55.235 [main] INFO  org.springframework.cloud.commons.util.InetUtils - Cannot determine local hostname
2022-06-04 23:31:56.428 [main] INFO  org.springframework.cloud.commons.util.InetUtils - Cannot determine local hostname
2022-06-04 23:31:56.526 [main] INFO  s.d.s.web.plugins.DocumentationPluginsBootstrapper - Context refreshed
2022-06-04 23:31:56.548 [main] INFO  s.d.s.web.plugins.DocumentationPluginsBootstrapper - Found 1 custom documentation plugin(s)
2022-06-04 23:31:56.574 [main] INFO  s.d.spring.web.scanners.ApiListingReferenceScanner - Scanning for api listing references
2022-06-04 23:31:56.807 [main] INFO  org.apache.coyote.http11.Http11NioProtocol - Starting ProtocolHandler ["http-nio-8001"]
2022-06-04 23:31:56.836 [main] INFO  o.s.boot.web.embedded.tomcat.TomcatWebServer - Tomcat started on port(s): 8001 (http) with context path ''
2022-06-04 23:32:00.134 [main] INFO  org.springframework.cloud.commons.util.InetUtils - Cannot determine local hostname
2022-06-04 23:32:00.148 [main] INFO  com.jhzz.eduservice.EduApplication - Started EduApplication in 15.302 seconds (JVM running for 18.377)
2022-06-04 23:33:08.264 [http-nio-8001-exec-1] INFO  o.a.c.core.ContainerBase.[Tomcat].[localhost].[/] - Initializing Spring DispatcherServlet 'dispatcherServlet'
2022-06-04 23:33:08.264 [http-nio-8001-exec-1] INFO  org.springframework.web.servlet.DispatcherServlet - Initializing Servlet 'dispatcherServlet'
2022-06-04 23:33:08.273 [http-nio-8001-exec-1] INFO  org.springframework.web.servlet.DispatcherServlet - Completed initialization in 8 ms
2022-06-04 23:53:43.612 [main] INFO  com.jhzz.eduservice.EduApplication - The following profiles are active: dev
2022-06-04 23:53:44.744 [main] INFO  o.s.d.r.config.RepositoryConfigurationDelegate - Multiple Spring Data modules found, entering strict repository configuration mode!
2022-06-04 23:53:44.748 [main] INFO  o.s.d.r.config.RepositoryConfigurationDelegate - Bootstrapping Spring Data repositories in DEFAULT mode.
2022-06-04 23:53:44.787 [main] INFO  o.s.d.r.config.RepositoryConfigurationDelegate - Finished Spring Data repository scanning in 14ms. Found 0 repository interfaces.
2022-06-04 23:53:45.081 [main] INFO  o.springframework.cloud.context.scope.GenericScope - BeanFactory id=1be17a9f-a0db-3823-a609-e532a60e0675
2022-06-04 23:53:45.252 [main] INFO  o.s.c.s.PostProcessorRegistrationDelegate$BeanPostProcessorChecker - Bean 'org.springframework.transaction.annotation.ProxyTransactionManagementConfiguration' of type [org.springframework.transaction.annotation.ProxyTransactionManagementConfiguration] is not eligible for getting processed by all BeanPostProcessors (for example: not eligible for auto-proxying)
2022-06-04 23:53:45.598 [main] INFO  o.s.c.s.PostProcessorRegistrationDelegate$BeanPostProcessorChecker - Bean 'spring.cloud.sentinel-com.alibaba.cloud.sentinel.SentinelProperties' of type [com.alibaba.cloud.sentinel.SentinelProperties] is not eligible for getting processed by all BeanPostProcessors (for example: not eligible for auto-proxying)
2022-06-04 23:53:45.671 [main] INFO  o.s.c.s.PostProcessorRegistrationDelegate$BeanPostProcessorChecker - Bean 'com.alibaba.cloud.sentinel.custom.SentinelAutoConfiguration' of type [com.alibaba.cloud.sentinel.custom.SentinelAutoConfiguration] is not eligible for getting processed by all BeanPostProcessors (for example: not eligible for auto-proxying)
2022-06-04 23:53:45.683 [main] INFO  o.s.c.s.PostProcessorRegistrationDelegate$BeanPostProcessorChecker - Bean 'org.springframework.cloud.autoconfigure.ConfigurationPropertiesRebinderAutoConfiguration' of type [org.springframework.cloud.autoconfigure.ConfigurationPropertiesRebinderAutoConfiguration] is not eligible for getting processed by all BeanPostProcessors (for example: not eligible for auto-proxying)
2022-06-04 23:53:46.040 [main] INFO  o.s.boot.web.embedded.tomcat.TomcatWebServer - Tomcat initialized with port(s): 8001 (http)
2022-06-04 23:53:46.054 [main] INFO  org.apache.coyote.http11.Http11NioProtocol - Initializing ProtocolHandler ["http-nio-8001"]
2022-06-04 23:53:46.055 [main] INFO  org.apache.catalina.core.StandardService - Starting service [Tomcat]
2022-06-04 23:53:46.055 [main] INFO  org.apache.catalina.core.StandardEngine - Starting Servlet engine: [Apache Tomcat/9.0.27]
2022-06-04 23:53:46.206 [main] INFO  o.a.c.core.ContainerBase.[Tomcat].[localhost].[/] - Initializing Spring embedded WebApplicationContext
2022-06-04 23:53:46.207 [main] INFO  org.springframework.web.context.ContextLoader - Root WebApplicationContext: initialization completed in 2571 ms
2022-06-04 23:53:47.982 [main] INFO  c.a.cloud.sentinel.SentinelWebAutoConfiguration - [Sentinel Starter] register SentinelWebInterceptor with urlPatterns: [/**].
2022-06-04 23:53:48.084 [main] INFO  s.d.s.w.PropertySourcedRequestMappingHandlerMapping - Mapped URL path [/v2/api-docs] onto method [springfox.documentation.swagger2.web.Swagger2Controller#getDocumentation(String, HttpServletRequest)]
2022-06-04 23:53:48.110 [main] INFO  com.netflix.config.sources.URLConfigurationSource - To enable URLs as dynamic configuration sources, define System property archaius.configurationSource.additionalUrls or make config.properties available on classpath.
2022-06-04 23:53:48.115 [main] INFO  com.netflix.config.sources.URLConfigurationSource - To enable URLs as dynamic configuration sources, define System property archaius.configurationSource.additionalUrls or make config.properties available on classpath.
2022-06-04 23:53:48.232 [main] INFO  o.s.scheduling.concurrent.ThreadPoolTaskExecutor - Initializing ExecutorService 'applicationTaskExecutor'
2022-06-04 23:53:50.297 [main] INFO  org.springframework.cloud.commons.util.InetUtils - Cannot determine local hostname
2022-06-04 23:53:50.381 [main] INFO  o.s.scheduling.concurrent.ThreadPoolTaskScheduler - Initializing ExecutorService
2022-06-04 23:53:51.662 [main] INFO  org.springframework.cloud.commons.util.InetUtils - Cannot determine local hostname
2022-06-04 23:53:52.932 [main] INFO  org.springframework.cloud.commons.util.InetUtils - Cannot determine local hostname
2022-06-04 23:53:53.040 [main] INFO  s.d.s.web.plugins.DocumentationPluginsBootstrapper - Context refreshed
2022-06-04 23:53:53.066 [main] INFO  s.d.s.web.plugins.DocumentationPluginsBootstrapper - Found 1 custom documentation plugin(s)
2022-06-04 23:53:53.102 [main] INFO  s.d.spring.web.scanners.ApiListingReferenceScanner - Scanning for api listing references
2022-06-04 23:53:53.395 [main] INFO  org.apache.coyote.http11.Http11NioProtocol - Starting ProtocolHandler ["http-nio-8001"]
2022-06-04 23:53:53.431 [main] INFO  o.s.boot.web.embedded.tomcat.TomcatWebServer - Tomcat started on port(s): 8001 (http) with context path ''
2022-06-04 23:53:53.469 [main] INFO  o.s.c.alibaba.nacos.registry.NacosServiceRegistry - nacos registry, service-edu 192.168.138.1:8001 register finished
2022-06-04 23:53:54.744 [main] INFO  org.springframework.cloud.commons.util.InetUtils - Cannot determine local hostname
2022-06-04 23:53:54.746 [main] INFO  com.jhzz.eduservice.EduApplication - Started EduApplication in 14.571 seconds (JVM running for 21.773)
2022-06-04 23:54:29.109 [http-nio-8001-exec-1] INFO  o.a.c.core.ContainerBase.[Tomcat].[localhost].[/] - Initializing Spring DispatcherServlet 'dispatcherServlet'
2022-06-04 23:54:29.110 [http-nio-8001-exec-1] INFO  org.springframework.web.servlet.DispatcherServlet - Initializing Servlet 'dispatcherServlet'
2022-06-04 23:54:29.120 [http-nio-8001-exec-1] INFO  org.springframework.web.servlet.DispatcherServlet - Completed initialization in 10 ms
2022-06-04 23:57:56.918 [http-nio-8001-exec-3] INFO  o.s.d.r.config.RepositoryConfigurationDelegate - Bootstrapping Spring Data repositories in DEFAULT mode.
2022-06-04 23:57:56.923 [http-nio-8001-exec-3] INFO  o.s.d.r.config.RepositoryConfigurationDelegate - Finished Spring Data repository scanning in 5ms. Found 0 repository interfaces.
2022-06-04 23:58:29.972 [SpringContextShutdownHook] INFO  o.s.c.alibaba.nacos.registry.NacosServiceRegistry - De-registering from Nacos Server now...
2022-06-04 23:58:29.975 [SpringContextShutdownHook] INFO  o.s.c.alibaba.nacos.registry.NacosServiceRegistry - De-registration finished.
2022-06-04 23:58:29.998 [SpringContextShutdownHook] INFO  o.s.scheduling.concurrent.ThreadPoolTaskExecutor - Shutting down ExecutorService 'applicationTaskExecutor'
2022-06-04 23:58:37.192 [main] INFO  com.jhzz.eduservice.EduApplication - The following profiles are active: dev
2022-06-04 23:58:38.000 [main] INFO  o.s.d.r.config.RepositoryConfigurationDelegate - Multiple Spring Data modules found, entering strict repository configuration mode!
2022-06-04 23:58:38.003 [main] INFO  o.s.d.r.config.RepositoryConfigurationDelegate - Bootstrapping Spring Data repositories in DEFAULT mode.
2022-06-04 23:58:38.031 [main] INFO  o.s.d.r.config.RepositoryConfigurationDelegate - Finished Spring Data repository scanning in 14ms. Found 0 repository interfaces.
2022-06-04 23:58:38.328 [main] INFO  o.springframework.cloud.context.scope.GenericScope - BeanFactory id=e3f416cd-b8a8-39b2-aea8-1e5790d5fff8
2022-06-04 23:58:38.470 [main] INFO  o.s.c.s.PostProcessorRegistrationDelegate$BeanPostProcessorChecker - Bean 'org.springframework.transaction.annotation.ProxyTransactionManagementConfiguration' of type [org.springframework.transaction.annotation.ProxyTransactionManagementConfiguration] is not eligible for getting processed by all BeanPostProcessors (for example: not eligible for auto-proxying)
2022-06-04 23:58:38.754 [main] INFO  o.s.c.s.PostProcessorRegistrationDelegate$BeanPostProcessorChecker - Bean 'spring.cloud.sentinel-com.alibaba.cloud.sentinel.SentinelProperties' of type [com.alibaba.cloud.sentinel.SentinelProperties] is not eligible for getting processed by all BeanPostProcessors (for example: not eligible for auto-proxying)
2022-06-04 23:58:38.814 [main] INFO  o.s.c.s.PostProcessorRegistrationDelegate$BeanPostProcessorChecker - Bean 'com.alibaba.cloud.sentinel.custom.SentinelAutoConfiguration' of type [com.alibaba.cloud.sentinel.custom.SentinelAutoConfiguration] is not eligible for getting processed by all BeanPostProcessors (for example: not eligible for auto-proxying)
2022-06-04 23:58:38.823 [main] INFO  o.s.c.s.PostProcessorRegistrationDelegate$BeanPostProcessorChecker - Bean 'org.springframework.cloud.autoconfigure.ConfigurationPropertiesRebinderAutoConfiguration' of type [org.springframework.cloud.autoconfigure.ConfigurationPropertiesRebinderAutoConfiguration] is not eligible for getting processed by all BeanPostProcessors (for example: not eligible for auto-proxying)
2022-06-04 23:58:39.091 [main] INFO  o.s.boot.web.embedded.tomcat.TomcatWebServer - Tomcat initialized with port(s): 8001 (http)
2022-06-04 23:58:39.101 [main] INFO  org.apache.coyote.http11.Http11NioProtocol - Initializing ProtocolHandler ["http-nio-8001"]
2022-06-04 23:58:39.101 [main] INFO  org.apache.catalina.core.StandardService - Starting service [Tomcat]
2022-06-04 23:58:39.102 [main] INFO  org.apache.catalina.core.StandardEngine - Starting Servlet engine: [Apache Tomcat/9.0.27]
2022-06-04 23:58:39.221 [main] INFO  o.a.c.core.ContainerBase.[Tomcat].[localhost].[/] - Initializing Spring embedded WebApplicationContext
2022-06-04 23:58:39.221 [main] INFO  org.springframework.web.context.ContextLoader - Root WebApplicationContext: initialization completed in 2000 ms
2022-06-04 23:58:40.622 [main] INFO  c.a.cloud.sentinel.SentinelWebAutoConfiguration - [Sentinel Starter] register SentinelWebInterceptor with urlPatterns: [/**].
2022-06-04 23:58:40.706 [main] INFO  s.d.s.w.PropertySourcedRequestMappingHandlerMapping - Mapped URL path [/v2/api-docs] onto method [springfox.documentation.swagger2.web.Swagger2Controller#getDocumentation(String, HttpServletRequest)]
2022-06-04 23:58:40.724 [main] INFO  com.netflix.config.sources.URLConfigurationSource - To enable URLs as dynamic configuration sources, define System property archaius.configurationSource.additionalUrls or make config.properties available on classpath.
2022-06-04 23:58:40.727 [main] INFO  com.netflix.config.sources.URLConfigurationSource - To enable URLs as dynamic configuration sources, define System property archaius.configurationSource.additionalUrls or make config.properties available on classpath.
2022-06-04 23:58:40.820 [main] INFO  o.s.scheduling.concurrent.ThreadPoolTaskExecutor - Initializing ExecutorService 'applicationTaskExecutor'
2022-06-04 23:58:42.471 [main] INFO  org.springframework.cloud.commons.util.InetUtils - Cannot determine local hostname
2022-06-04 23:58:42.509 [main] INFO  o.s.scheduling.concurrent.ThreadPoolTaskScheduler - Initializing ExecutorService
2022-06-04 23:58:43.715 [main] INFO  org.springframework.cloud.commons.util.InetUtils - Cannot determine local hostname
2022-06-04 23:58:44.910 [main] INFO  org.springframework.cloud.commons.util.InetUtils - Cannot determine local hostname
2022-06-04 23:58:44.991 [main] INFO  s.d.s.web.plugins.DocumentationPluginsBootstrapper - Context refreshed
2022-06-04 23:58:45.009 [main] INFO  s.d.s.web.plugins.DocumentationPluginsBootstrapper - Found 1 custom documentation plugin(s)
2022-06-04 23:58:45.035 [main] INFO  s.d.spring.web.scanners.ApiListingReferenceScanner - Scanning for api listing references
2022-06-04 23:58:45.241 [main] INFO  org.apache.coyote.http11.Http11NioProtocol - Starting ProtocolHandler ["http-nio-8001"]
2022-06-04 23:58:45.268 [main] INFO  o.s.boot.web.embedded.tomcat.TomcatWebServer - Tomcat started on port(s): 8001 (http) with context path ''
2022-06-04 23:58:45.286 [main] INFO  o.s.c.alibaba.nacos.registry.NacosServiceRegistry - nacos registry, service-edu 192.168.138.1:8001 register finished
2022-06-04 23:58:46.484 [main] INFO  org.springframework.cloud.commons.util.InetUtils - Cannot determine local hostname
2022-06-04 23:58:46.487 [main] INFO  com.jhzz.eduservice.EduApplication - Started EduApplication in 12.47 seconds (JVM running for 15.104)
2022-06-04 23:58:54.201 [http-nio-8001-exec-1] INFO  o.a.c.core.ContainerBase.[Tomcat].[localhost].[/] - Initializing Spring DispatcherServlet 'dispatcherServlet'
2022-06-04 23:58:54.201 [http-nio-8001-exec-1] INFO  org.springframework.web.servlet.DispatcherServlet - Initializing Servlet 'dispatcherServlet'
2022-06-04 23:58:54.209 [http-nio-8001-exec-1] INFO  org.springframework.web.servlet.DispatcherServlet - Completed initialization in 8 ms
