2022-06-05 00:05:54.490 [SpringContextShutdownHook] INFO  o.s.c.alibaba.nacos.registry.NacosServiceRegistry - De-registering from Nacos Server now...
2022-06-05 00:05:54.495 [SpringContextShutdownHook] INFO  o.s.c.alibaba.nacos.registry.NacosServiceRegistry - De-registration finished.
2022-06-05 00:05:54.513 [SpringContextShutdownHook] INFO  o.s.scheduling.concurrent.ThreadPoolTaskExecutor - Shutting down ExecutorService 'applicationTaskExecutor'
2022-06-05 00:06:02.427 [main] INFO  com.jhzz.eduservice.EduApplication - The following profiles are active: dev
2022-06-05 00:06:03.156 [main] INFO  o.s.d.r.config.RepositoryConfigurationDelegate - Multiple Spring Data modules found, entering strict repository configuration mode!
2022-06-05 00:06:03.172 [main] INFO  o.s.d.r.config.RepositoryConfigurationDelegate - Bootstrapping Spring Data repositories in DEFAULT mode.
2022-06-05 00:06:03.198 [main] INFO  o.s.d.r.config.RepositoryConfigurationDelegate - Finished Spring Data repository scanning in 13ms. Found 0 repository interfaces.
2022-06-05 00:06:03.414 [main] INFO  o.springframework.cloud.context.scope.GenericScope - BeanFactory id=e3f416cd-b8a8-39b2-aea8-1e5790d5fff8
2022-06-05 00:06:03.538 [main] INFO  o.s.c.s.PostProcessorRegistrationDelegate$BeanPostProcessorChecker - Bean 'org.springframework.transaction.annotation.ProxyTransactionManagementConfiguration' of type [org.springframework.transaction.annotation.ProxyTransactionManagementConfiguration] is not eligible for getting processed by all BeanPostProcessors (for example: not eligible for auto-proxying)
2022-06-05 00:06:03.827 [main] INFO  o.s.c.s.PostProcessorRegistrationDelegate$BeanPostProcessorChecker - Bean 'spring.cloud.sentinel-com.alibaba.cloud.sentinel.SentinelProperties' of type [com.alibaba.cloud.sentinel.SentinelProperties] is not eligible for getting processed by all BeanPostProcessors (for example: not eligible for auto-proxying)
2022-06-05 00:06:03.888 [main] INFO  o.s.c.s.PostProcessorRegistrationDelegate$BeanPostProcessorChecker - Bean 'com.alibaba.cloud.sentinel.custom.SentinelAutoConfiguration' of type [com.alibaba.cloud.sentinel.custom.SentinelAutoConfiguration] is not eligible for getting processed by all BeanPostProcessors (for example: not eligible for auto-proxying)
2022-06-05 00:06:03.897 [main] INFO  o.s.c.s.PostProcessorRegistrationDelegate$BeanPostProcessorChecker - Bean 'org.springframework.cloud.autoconfigure.ConfigurationPropertiesRebinderAutoConfiguration' of type [org.springframework.cloud.autoconfigure.ConfigurationPropertiesRebinderAutoConfiguration] is not eligible for getting processed by all BeanPostProcessors (for example: not eligible for auto-proxying)
2022-06-05 00:06:04.193 [main] INFO  o.s.boot.web.embedded.tomcat.TomcatWebServer - Tomcat initialized with port(s): 8001 (http)
2022-06-05 00:06:04.202 [main] INFO  org.apache.coyote.http11.Http11NioProtocol - Initializing ProtocolHandler ["http-nio-8001"]
2022-06-05 00:06:04.203 [main] INFO  org.apache.catalina.core.StandardService - Starting service [Tomcat]
2022-06-05 00:06:04.203 [main] INFO  org.apache.catalina.core.StandardEngine - Starting Servlet engine: [Apache Tomcat/9.0.27]
2022-06-05 00:06:04.325 [main] INFO  o.a.c.core.ContainerBase.[Tomcat].[localhost].[/] - Initializing Spring embedded WebApplicationContext
2022-06-05 00:06:04.326 [main] INFO  org.springframework.web.context.ContextLoader - Root WebApplicationContext: initialization completed in 1876 ms
2022-06-05 00:06:05.796 [main] INFO  c.a.cloud.sentinel.SentinelWebAutoConfiguration - [Sentinel Starter] register SentinelWebInterceptor with urlPatterns: [/**].
2022-06-05 00:06:05.877 [main] INFO  s.d.s.w.PropertySourcedRequestMappingHandlerMapping - Mapped URL path [/v2/api-docs] onto method [springfox.documentation.swagger2.web.Swagger2Controller#getDocumentation(String, HttpServletRequest)]
2022-06-05 00:06:05.896 [main] INFO  com.netflix.config.sources.URLConfigurationSource - To enable URLs as dynamic configuration sources, define System property archaius.configurationSource.additionalUrls or make config.properties available on classpath.
2022-06-05 00:06:05.900 [main] INFO  com.netflix.config.sources.URLConfigurationSource - To enable URLs as dynamic configuration sources, define System property archaius.configurationSource.additionalUrls or make config.properties available on classpath.
2022-06-05 00:06:05.997 [main] INFO  o.s.scheduling.concurrent.ThreadPoolTaskExecutor - Initializing ExecutorService 'applicationTaskExecutor'
2022-06-05 00:06:07.637 [main] INFO  org.springframework.cloud.commons.util.InetUtils - Cannot determine local hostname
2022-06-05 00:06:07.687 [main] INFO  o.s.scheduling.concurrent.ThreadPoolTaskScheduler - Initializing ExecutorService
2022-06-05 00:06:08.890 [main] INFO  org.springframework.cloud.commons.util.InetUtils - Cannot determine local hostname
2022-06-05 00:06:10.080 [main] INFO  org.springframework.cloud.commons.util.InetUtils - Cannot determine local hostname
2022-06-05 00:06:10.160 [main] INFO  s.d.s.web.plugins.DocumentationPluginsBootstrapper - Context refreshed
2022-06-05 00:06:10.179 [main] INFO  s.d.s.web.plugins.DocumentationPluginsBootstrapper - Found 1 custom documentation plugin(s)
2022-06-05 00:06:10.205 [main] INFO  s.d.spring.web.scanners.ApiListingReferenceScanner - Scanning for api listing references
2022-06-05 00:06:10.411 [main] INFO  org.apache.coyote.http11.Http11NioProtocol - Starting ProtocolHandler ["http-nio-8001"]
2022-06-05 00:06:10.439 [main] INFO  o.s.boot.web.embedded.tomcat.TomcatWebServer - Tomcat started on port(s): 8001 (http) with context path ''
2022-06-05 00:06:10.455 [main] INFO  o.s.c.alibaba.nacos.registry.NacosServiceRegistry - nacos registry, service-edu 192.168.138.1:8001 register finished
2022-06-05 00:06:11.651 [main] INFO  org.springframework.cloud.commons.util.InetUtils - Cannot determine local hostname
2022-06-05 00:06:11.654 [main] INFO  com.jhzz.eduservice.EduApplication - Started EduApplication in 12.496 seconds (JVM running for 15.017)
2022-06-05 00:08:50.583 [http-nio-8001-exec-1] INFO  o.a.c.core.ContainerBase.[Tomcat].[localhost].[/] - Initializing Spring DispatcherServlet 'dispatcherServlet'
2022-06-05 00:08:50.583 [http-nio-8001-exec-1] INFO  org.springframework.web.servlet.DispatcherServlet - Initializing Servlet 'dispatcherServlet'
2022-06-05 00:08:50.592 [http-nio-8001-exec-1] INFO  org.springframework.web.servlet.DispatcherServlet - Completed initialization in 9 ms
2022-06-05 00:27:31.696 [SpringContextShutdownHook] INFO  o.s.c.alibaba.nacos.registry.NacosServiceRegistry - De-registering from Nacos Server now...
2022-06-05 00:27:31.699 [SpringContextShutdownHook] INFO  o.s.c.alibaba.nacos.registry.NacosServiceRegistry - De-registration finished.
2022-06-05 00:27:31.720 [SpringContextShutdownHook] INFO  o.s.scheduling.concurrent.ThreadPoolTaskExecutor - Shutting down ExecutorService 'applicationTaskExecutor'
2022-06-05 00:28:15.581 [main] INFO  com.jhzz.eduservice.EduApplication - The following profiles are active: dev
2022-06-05 00:28:16.314 [main] INFO  o.s.d.r.config.RepositoryConfigurationDelegate - Multiple Spring Data modules found, entering strict repository configuration mode!
2022-06-05 00:28:16.317 [main] INFO  o.s.d.r.config.RepositoryConfigurationDelegate - Bootstrapping Spring Data repositories in DEFAULT mode.
2022-06-05 00:28:16.343 [main] INFO  o.s.d.r.config.RepositoryConfigurationDelegate - Finished Spring Data repository scanning in 12ms. Found 0 repository interfaces.
2022-06-05 00:28:16.586 [main] INFO  o.springframework.cloud.context.scope.GenericScope - BeanFactory id=76ff0a14-57a4-306d-9513-4b18b2eb856c
2022-06-05 00:28:16.711 [main] INFO  o.s.c.s.PostProcessorRegistrationDelegate$BeanPostProcessorChecker - Bean 'org.springframework.transaction.annotation.ProxyTransactionManagementConfiguration' of type [org.springframework.transaction.annotation.ProxyTransactionManagementConfiguration] is not eligible for getting processed by all BeanPostProcessors (for example: not eligible for auto-proxying)
2022-06-05 00:28:16.963 [main] INFO  o.s.c.s.PostProcessorRegistrationDelegate$BeanPostProcessorChecker - Bean 'spring.cloud.sentinel-org.springframework.cloud.alibaba.sentinel.SentinelProperties' of type [org.springframework.cloud.alibaba.sentinel.SentinelProperties] is not eligible for getting processed by all BeanPostProcessors (for example: not eligible for auto-proxying)
2022-06-05 00:28:17.025 [main] INFO  o.s.c.s.PostProcessorRegistrationDelegate$BeanPostProcessorChecker - Bean 'org.springframework.cloud.alibaba.sentinel.custom.SentinelAutoConfiguration' of type [org.springframework.cloud.alibaba.sentinel.custom.SentinelAutoConfiguration$$EnhancerBySpringCGLIB$$1] is not eligible for getting processed by all BeanPostProcessors (for example: not eligible for auto-proxying)
2022-06-05 00:28:17.032 [main] INFO  o.s.c.s.PostProcessorRegistrationDelegate$BeanPostProcessorChecker - Bean 'org.springframework.cloud.autoconfigure.ConfigurationPropertiesRebinderAutoConfiguration' of type [org.springframework.cloud.autoconfigure.ConfigurationPropertiesRebinderAutoConfiguration] is not eligible for getting processed by all BeanPostProcessors (for example: not eligible for auto-proxying)
2022-06-05 00:28:17.297 [main] INFO  o.s.boot.web.embedded.tomcat.TomcatWebServer - Tomcat initialized with port(s): 8001 (http)
2022-06-05 00:28:17.306 [main] INFO  org.apache.coyote.http11.Http11NioProtocol - Initializing ProtocolHandler ["http-nio-8001"]
2022-06-05 00:28:17.307 [main] INFO  org.apache.catalina.core.StandardService - Starting service [Tomcat]
2022-06-05 00:28:17.307 [main] INFO  org.apache.catalina.core.StandardEngine - Starting Servlet engine: [Apache Tomcat/9.0.27]
2022-06-05 00:28:17.429 [main] INFO  o.a.c.core.ContainerBase.[Tomcat].[localhost].[/] - Initializing Spring embedded WebApplicationContext
2022-06-05 00:28:17.429 [main] INFO  org.springframework.web.context.ContextLoader - Root WebApplicationContext: initialization completed in 1831 ms
2022-06-05 00:28:17.437 [main] INFO  o.s.c.a.sentinel.SentinelWebAutoConfiguration - [Sentinel Starter] register Sentinel with urlPatterns: [/*].
2022-06-05 00:28:18.953 [main] INFO  s.d.s.w.PropertySourcedRequestMappingHandlerMapping - Mapped URL path [/v2/api-docs] onto method [springfox.documentation.swagger2.web.Swagger2Controller#getDocumentation(String, HttpServletRequest)]
2022-06-05 00:28:18.971 [main] INFO  com.netflix.config.sources.URLConfigurationSource - To enable URLs as dynamic configuration sources, define System property archaius.configurationSource.additionalUrls or make config.properties available on classpath.
2022-06-05 00:28:18.974 [main] INFO  com.netflix.config.sources.URLConfigurationSource - To enable URLs as dynamic configuration sources, define System property archaius.configurationSource.additionalUrls or make config.properties available on classpath.
2022-06-05 00:28:19.064 [main] INFO  o.s.scheduling.concurrent.ThreadPoolTaskExecutor - Initializing ExecutorService 'applicationTaskExecutor'
2022-06-05 00:28:20.718 [main] INFO  org.springframework.cloud.commons.util.InetUtils - Cannot determine local hostname
2022-06-05 00:28:20.756 [main] INFO  o.s.scheduling.concurrent.ThreadPoolTaskScheduler - Initializing ExecutorService
2022-06-05 00:28:21.955 [main] INFO  org.springframework.cloud.commons.util.InetUtils - Cannot determine local hostname
2022-06-05 00:28:23.148 [main] INFO  org.springframework.cloud.commons.util.InetUtils - Cannot determine local hostname
2022-06-05 00:28:23.227 [main] INFO  s.d.s.web.plugins.DocumentationPluginsBootstrapper - Context refreshed
2022-06-05 00:28:23.245 [main] INFO  s.d.s.web.plugins.DocumentationPluginsBootstrapper - Found 1 custom documentation plugin(s)
2022-06-05 00:28:23.270 [main] INFO  s.d.spring.web.scanners.ApiListingReferenceScanner - Scanning for api listing references
2022-06-05 00:28:23.466 [main] INFO  org.apache.coyote.http11.Http11NioProtocol - Starting ProtocolHandler ["http-nio-8001"]
2022-06-05 00:28:23.492 [main] INFO  o.s.boot.web.embedded.tomcat.TomcatWebServer - Tomcat started on port(s): 8001 (http) with context path ''
2022-06-05 00:28:23.508 [main] INFO  o.s.c.alibaba.nacos.registry.NacosServiceRegistry - nacos registry, service-edu 192.168.138.1:8001 register finished
2022-06-05 00:28:24.701 [main] INFO  org.springframework.cloud.commons.util.InetUtils - Cannot determine local hostname
2022-06-05 00:28:24.704 [main] INFO  com.jhzz.eduservice.EduApplication - Started EduApplication in 12.232 seconds (JVM running for 14.713)
2022-06-05 00:29:46.636 [http-nio-8001-exec-1] INFO  o.a.c.core.ContainerBase.[Tomcat].[localhost].[/] - Initializing Spring DispatcherServlet 'dispatcherServlet'
2022-06-05 00:29:46.636 [http-nio-8001-exec-1] INFO  org.springframework.web.servlet.DispatcherServlet - Initializing Servlet 'dispatcherServlet'
2022-06-05 00:29:46.643 [http-nio-8001-exec-1] INFO  org.springframework.web.servlet.DispatcherServlet - Completed initialization in 7 ms
2022-06-05 00:29:46.871 [http-nio-8001-exec-1] INFO  com.zaxxer.hikari.HikariDataSource - HikariPool-1 - Starting...
2022-06-05 00:29:47.455 [http-nio-8001-exec-1] INFO  com.zaxxer.hikari.HikariDataSource - HikariPool-1 - Start completed.
2022-06-05 00:33:50.605 [SpringContextShutdownHook] INFO  o.s.c.alibaba.nacos.registry.NacosServiceRegistry - De-registering from Nacos Server now...
2022-06-05 00:33:50.608 [SpringContextShutdownHook] INFO  o.s.c.alibaba.nacos.registry.NacosServiceRegistry - De-registration finished.
2022-06-05 00:33:50.628 [SpringContextShutdownHook] INFO  o.s.scheduling.concurrent.ThreadPoolTaskExecutor - Shutting down ExecutorService 'applicationTaskExecutor'
2022-06-05 00:33:50.635 [SpringContextShutdownHook] INFO  com.zaxxer.hikari.HikariDataSource - HikariPool-1 - Shutdown initiated...
2022-06-05 00:33:50.653 [SpringContextShutdownHook] INFO  com.zaxxer.hikari.HikariDataSource - HikariPool-1 - Shutdown completed.
2022-06-05 00:33:58.258 [main] INFO  com.jhzz.eduservice.EduApplication - The following profiles are active: dev
2022-06-05 00:33:58.929 [main] INFO  o.s.d.r.config.RepositoryConfigurationDelegate - Multiple Spring Data modules found, entering strict repository configuration mode!
2022-06-05 00:33:58.931 [main] INFO  o.s.d.r.config.RepositoryConfigurationDelegate - Bootstrapping Spring Data repositories in DEFAULT mode.
2022-06-05 00:33:58.955 [main] INFO  o.s.d.r.config.RepositoryConfigurationDelegate - Finished Spring Data repository scanning in 11ms. Found 0 repository interfaces.
2022-06-05 00:33:59.162 [main] INFO  o.springframework.cloud.context.scope.GenericScope - BeanFactory id=76ff0a14-57a4-306d-9513-4b18b2eb856c
2022-06-05 00:33:59.289 [main] INFO  o.s.c.s.PostProcessorRegistrationDelegate$BeanPostProcessorChecker - Bean 'org.springframework.transaction.annotation.ProxyTransactionManagementConfiguration' of type [org.springframework.transaction.annotation.ProxyTransactionManagementConfiguration] is not eligible for getting processed by all BeanPostProcessors (for example: not eligible for auto-proxying)
2022-06-05 00:33:59.553 [main] INFO  o.s.c.s.PostProcessorRegistrationDelegate$BeanPostProcessorChecker - Bean 'spring.cloud.sentinel-org.springframework.cloud.alibaba.sentinel.SentinelProperties' of type [org.springframework.cloud.alibaba.sentinel.SentinelProperties] is not eligible for getting processed by all BeanPostProcessors (for example: not eligible for auto-proxying)
2022-06-05 00:33:59.659 [main] INFO  o.s.c.s.PostProcessorRegistrationDelegate$BeanPostProcessorChecker - Bean 'org.springframework.cloud.alibaba.sentinel.custom.SentinelAutoConfiguration' of type [org.springframework.cloud.alibaba.sentinel.custom.SentinelAutoConfiguration$$EnhancerBySpringCGLIB$$1] is not eligible for getting processed by all BeanPostProcessors (for example: not eligible for auto-proxying)
2022-06-05 00:33:59.666 [main] INFO  o.s.c.s.PostProcessorRegistrationDelegate$BeanPostProcessorChecker - Bean 'org.springframework.cloud.autoconfigure.ConfigurationPropertiesRebinderAutoConfiguration' of type [org.springframework.cloud.autoconfigure.ConfigurationPropertiesRebinderAutoConfiguration] is not eligible for getting processed by all BeanPostProcessors (for example: not eligible for auto-proxying)
2022-06-05 00:33:59.911 [main] INFO  o.s.boot.web.embedded.tomcat.TomcatWebServer - Tomcat initialized with port(s): 8001 (http)
2022-06-05 00:33:59.920 [main] INFO  org.apache.coyote.http11.Http11NioProtocol - Initializing ProtocolHandler ["http-nio-8001"]
2022-06-05 00:33:59.921 [main] INFO  org.apache.catalina.core.StandardService - Starting service [Tomcat]
2022-06-05 00:33:59.921 [main] INFO  org.apache.catalina.core.StandardEngine - Starting Servlet engine: [Apache Tomcat/9.0.27]
2022-06-05 00:34:00.047 [main] INFO  o.a.c.core.ContainerBase.[Tomcat].[localhost].[/] - Initializing Spring embedded WebApplicationContext
2022-06-05 00:34:00.047 [main] INFO  org.springframework.web.context.ContextLoader - Root WebApplicationContext: initialization completed in 1770 ms
2022-06-05 00:34:00.054 [main] INFO  o.s.c.a.sentinel.SentinelWebAutoConfiguration - [Sentinel Starter] register Sentinel with urlPatterns: [/*].
2022-06-05 00:34:01.594 [main] INFO  s.d.s.w.PropertySourcedRequestMappingHandlerMapping - Mapped URL path [/v2/api-docs] onto method [springfox.documentation.swagger2.web.Swagger2Controller#getDocumentation(String, HttpServletRequest)]
2022-06-05 00:34:01.613 [main] INFO  com.netflix.config.sources.URLConfigurationSource - To enable URLs as dynamic configuration sources, define System property archaius.configurationSource.additionalUrls or make config.properties available on classpath.
2022-06-05 00:34:01.616 [main] INFO  com.netflix.config.sources.URLConfigurationSource - To enable URLs as dynamic configuration sources, define System property archaius.configurationSource.additionalUrls or make config.properties available on classpath.
2022-06-05 00:34:01.721 [main] INFO  o.s.scheduling.concurrent.ThreadPoolTaskExecutor - Initializing ExecutorService 'applicationTaskExecutor'
2022-06-05 00:34:03.358 [main] INFO  org.springframework.cloud.commons.util.InetUtils - Cannot determine local hostname
2022-06-05 00:34:03.395 [main] INFO  o.s.scheduling.concurrent.ThreadPoolTaskScheduler - Initializing ExecutorService
2022-06-05 00:34:04.597 [main] INFO  org.springframework.cloud.commons.util.InetUtils - Cannot determine local hostname
2022-06-05 00:34:05.790 [main] INFO  org.springframework.cloud.commons.util.InetUtils - Cannot determine local hostname
2022-06-05 00:34:05.876 [main] INFO  s.d.s.web.plugins.DocumentationPluginsBootstrapper - Context refreshed
2022-06-05 00:34:05.894 [main] INFO  s.d.s.web.plugins.DocumentationPluginsBootstrapper - Found 1 custom documentation plugin(s)
2022-06-05 00:34:05.919 [main] INFO  s.d.spring.web.scanners.ApiListingReferenceScanner - Scanning for api listing references
2022-06-05 00:34:06.108 [main] INFO  org.apache.coyote.http11.Http11NioProtocol - Starting ProtocolHandler ["http-nio-8001"]
2022-06-05 00:34:06.134 [main] INFO  o.s.boot.web.embedded.tomcat.TomcatWebServer - Tomcat started on port(s): 8001 (http) with context path ''
2022-06-05 00:34:06.161 [main] INFO  o.s.c.alibaba.nacos.registry.NacosServiceRegistry - nacos registry, service-edu 192.168.138.1:8001 register finished
2022-06-05 00:34:07.346 [main] INFO  org.springframework.cloud.commons.util.InetUtils - Cannot determine local hostname
2022-06-05 00:34:07.349 [main] INFO  com.jhzz.eduservice.EduApplication - Started EduApplication in 12.19 seconds (JVM running for 14.642)
2022-06-05 00:35:04.510 [http-nio-8001-exec-1] INFO  o.a.c.core.ContainerBase.[Tomcat].[localhost].[/] - Initializing Spring DispatcherServlet 'dispatcherServlet'
2022-06-05 00:35:04.510 [http-nio-8001-exec-1] INFO  org.springframework.web.servlet.DispatcherServlet - Initializing Servlet 'dispatcherServlet'
2022-06-05 00:35:04.517 [http-nio-8001-exec-1] INFO  org.springframework.web.servlet.DispatcherServlet - Completed initialization in 7 ms
2022-06-05 00:35:04.597 [http-nio-8001-exec-1] INFO  com.zaxxer.hikari.HikariDataSource - HikariPool-1 - Starting...
2022-06-05 00:35:05.126 [http-nio-8001-exec-1] INFO  com.zaxxer.hikari.HikariDataSource - HikariPool-1 - Start completed.
2022-06-05 00:36:37.433 [SpringContextShutdownHook] INFO  o.s.c.alibaba.nacos.registry.NacosServiceRegistry - De-registering from Nacos Server now...
2022-06-05 00:36:37.436 [SpringContextShutdownHook] INFO  o.s.c.alibaba.nacos.registry.NacosServiceRegistry - De-registration finished.
2022-06-05 00:36:37.453 [SpringContextShutdownHook] INFO  o.s.scheduling.concurrent.ThreadPoolTaskExecutor - Shutting down ExecutorService 'applicationTaskExecutor'
2022-06-05 00:36:37.461 [SpringContextShutdownHook] INFO  com.zaxxer.hikari.HikariDataSource - HikariPool-1 - Shutdown initiated...
2022-06-05 00:36:37.465 [SpringContextShutdownHook] INFO  com.zaxxer.hikari.HikariDataSource - HikariPool-1 - Shutdown completed.
2022-06-05 16:49:02.306 [main] INFO  com.jhzz.eduservice.EduApplication - The following profiles are active: dev
2022-06-05 16:49:03.611 [main] INFO  o.s.d.r.config.RepositoryConfigurationDelegate - Multiple Spring Data modules found, entering strict repository configuration mode!
2022-06-05 16:49:03.616 [main] INFO  o.s.d.r.config.RepositoryConfigurationDelegate - Bootstrapping Spring Data repositories in DEFAULT mode.
2022-06-05 16:49:03.674 [main] INFO  o.s.d.r.config.RepositoryConfigurationDelegate - Finished Spring Data repository scanning in 17ms. Found 0 repository interfaces.
2022-06-05 16:49:04.055 [main] INFO  o.springframework.cloud.context.scope.GenericScope - BeanFactory id=b8b02340-9e88-369e-8cd2-22a31db59efa
2022-06-05 16:49:04.337 [main] INFO  o.s.c.s.PostProcessorRegistrationDelegate$BeanPostProcessorChecker - Bean 'org.springframework.transaction.annotation.ProxyTransactionManagementConfiguration' of type [org.springframework.transaction.annotation.ProxyTransactionManagementConfiguration] is not eligible for getting processed by all BeanPostProcessors (for example: not eligible for auto-proxying)
2022-06-05 16:49:04.664 [main] INFO  o.s.c.s.PostProcessorRegistrationDelegate$BeanPostProcessorChecker - Bean 'spring.cloud.sentinel-org.springframework.cloud.alibaba.sentinel.SentinelProperties' of type [org.springframework.cloud.alibaba.sentinel.SentinelProperties] is not eligible for getting processed by all BeanPostProcessors (for example: not eligible for auto-proxying)
2022-06-05 16:49:04.828 [main] INFO  o.s.c.s.PostProcessorRegistrationDelegate$BeanPostProcessorChecker - Bean 'org.springframework.cloud.alibaba.sentinel.custom.SentinelAutoConfiguration' of type [org.springframework.cloud.alibaba.sentinel.custom.SentinelAutoConfiguration$$EnhancerBySpringCGLIB$$1] is not eligible for getting processed by all BeanPostProcessors (for example: not eligible for auto-proxying)
2022-06-05 16:49:04.835 [main] INFO  o.s.c.s.PostProcessorRegistrationDelegate$BeanPostProcessorChecker - Bean 'org.springframework.cloud.autoconfigure.ConfigurationPropertiesRebinderAutoConfiguration' of type [org.springframework.cloud.autoconfigure.ConfigurationPropertiesRebinderAutoConfiguration] is not eligible for getting processed by all BeanPostProcessors (for example: not eligible for auto-proxying)
2022-06-05 16:49:05.215 [main] INFO  o.s.boot.web.embedded.tomcat.TomcatWebServer - Tomcat initialized with port(s): 8001 (http)
2022-06-05 16:49:05.245 [main] INFO  org.apache.coyote.http11.Http11NioProtocol - Initializing ProtocolHandler ["http-nio-8001"]
2022-06-05 16:49:05.246 [main] INFO  org.apache.catalina.core.StandardService - Starting service [Tomcat]
2022-06-05 16:49:05.246 [main] INFO  org.apache.catalina.core.StandardEngine - Starting Servlet engine: [Apache Tomcat/9.0.27]
2022-06-05 16:49:05.435 [main] INFO  o.a.c.core.ContainerBase.[Tomcat].[localhost].[/] - Initializing Spring embedded WebApplicationContext
2022-06-05 16:49:05.435 [main] INFO  org.springframework.web.context.ContextLoader - Root WebApplicationContext: initialization completed in 3106 ms
2022-06-05 16:49:05.444 [main] INFO  o.s.c.a.sentinel.SentinelWebAutoConfiguration - [Sentinel Starter] register Sentinel with urlPatterns: [/*].
2022-06-05 16:49:07.495 [main] INFO  s.d.s.w.PropertySourcedRequestMappingHandlerMapping - Mapped URL path [/v2/api-docs] onto method [springfox.documentation.swagger2.web.Swagger2Controller#getDocumentation(String, HttpServletRequest)]
2022-06-05 16:49:07.522 [main] INFO  com.netflix.config.sources.URLConfigurationSource - To enable URLs as dynamic configuration sources, define System property archaius.configurationSource.additionalUrls or make config.properties available on classpath.
2022-06-05 16:49:07.528 [main] INFO  com.netflix.config.sources.URLConfigurationSource - To enable URLs as dynamic configuration sources, define System property archaius.configurationSource.additionalUrls or make config.properties available on classpath.
2022-06-05 16:49:07.657 [main] INFO  o.s.scheduling.concurrent.ThreadPoolTaskExecutor - Initializing ExecutorService 'applicationTaskExecutor'
2022-06-05 16:49:09.559 [main] INFO  org.springframework.cloud.commons.util.InetUtils - Cannot determine local hostname
2022-06-05 16:49:09.610 [main] INFO  o.s.scheduling.concurrent.ThreadPoolTaskScheduler - Initializing ExecutorService
2022-06-05 16:49:10.828 [main] INFO  org.springframework.cloud.commons.util.InetUtils - Cannot determine local hostname
2022-06-05 16:49:12.025 [main] INFO  org.springframework.cloud.commons.util.InetUtils - Cannot determine local hostname
2022-06-05 16:49:12.142 [main] INFO  s.d.s.web.plugins.DocumentationPluginsBootstrapper - Context refreshed
2022-06-05 16:49:12.186 [main] INFO  s.d.s.web.plugins.DocumentationPluginsBootstrapper - Found 1 custom documentation plugin(s)
2022-06-05 16:49:12.219 [main] INFO  s.d.spring.web.scanners.ApiListingReferenceScanner - Scanning for api listing references
2022-06-05 16:49:12.490 [main] INFO  org.apache.coyote.http11.Http11NioProtocol - Starting ProtocolHandler ["http-nio-8001"]
2022-06-05 16:49:12.527 [main] INFO  o.s.boot.web.embedded.tomcat.TomcatWebServer - Tomcat started on port(s): 8001 (http) with context path ''
2022-06-05 16:49:15.936 [main] INFO  org.springframework.cloud.commons.util.InetUtils - Cannot determine local hostname
2022-06-05 16:49:15.939 [main] INFO  com.jhzz.eduservice.EduApplication - Started EduApplication in 17.525 seconds (JVM running for 20.957)
2022-06-05 16:49:27.634 [http-nio-8001-exec-1] INFO  o.a.c.core.ContainerBase.[Tomcat].[localhost].[/] - Initializing Spring DispatcherServlet 'dispatcherServlet'
2022-06-05 16:49:27.635 [http-nio-8001-exec-1] INFO  org.springframework.web.servlet.DispatcherServlet - Initializing Servlet 'dispatcherServlet'
2022-06-05 16:49:27.643 [http-nio-8001-exec-1] INFO  org.springframework.web.servlet.DispatcherServlet - Completed initialization in 8 ms
2022-06-05 16:49:35.771 [http-nio-8001-exec-2] INFO  com.zaxxer.hikari.HikariDataSource - HikariPool-1 - Starting...
2022-06-05 16:49:36.474 [http-nio-8001-exec-2] INFO  com.zaxxer.hikari.HikariDataSource - HikariPool-1 - Start completed.
2022-06-05 17:08:34.672 [http-nio-8001-exec-9] INFO  o.s.d.r.config.RepositoryConfigurationDelegate - Bootstrapping Spring Data repositories in DEFAULT mode.
2022-06-05 17:08:34.684 [http-nio-8001-exec-9] INFO  o.s.d.r.config.RepositoryConfigurationDelegate - Finished Spring Data repository scanning in 11ms. Found 0 repository interfaces.
2022-06-05 17:08:34.841 [http-nio-8001-exec-9] INFO  s.d.s.w.PropertySourcedRequestMappingHandlerMapping - Mapped URL path [/v2/api-docs] onto method [springfox.documentation.swagger2.web.Swagger2Controller#getDocumentation(String, HttpServletRequest)]
2022-06-05 20:02:57.869 [http-nio-8001-exec-6] INFO  o.s.d.r.config.RepositoryConfigurationDelegate - Bootstrapping Spring Data repositories in DEFAULT mode.
2022-06-05 20:02:57.874 [http-nio-8001-exec-6] INFO  o.s.d.r.config.RepositoryConfigurationDelegate - Finished Spring Data repository scanning in 4ms. Found 0 repository interfaces.
2022-06-05 20:02:57.952 [http-nio-8001-exec-6] INFO  s.d.s.w.PropertySourcedRequestMappingHandlerMapping - Mapped URL path [/v2/api-docs] onto method [springfox.documentation.swagger2.web.Swagger2Controller#getDocumentation(String, HttpServletRequest)]
2022-06-05 21:34:08.223 [http-nio-8001-exec-5] INFO  o.s.d.r.config.RepositoryConfigurationDelegate - Bootstrapping Spring Data repositories in DEFAULT mode.
2022-06-05 21:34:08.235 [http-nio-8001-exec-5] INFO  o.s.d.r.config.RepositoryConfigurationDelegate - Finished Spring Data repository scanning in 9ms. Found 0 repository interfaces.
2022-06-05 21:42:44.932 [http-nio-8001-exec-1] INFO  s.d.spring.web.scanners.ApiListingReferenceScanner - Scanning for api listing references
2022-06-05 21:42:44.944 [http-nio-8001-exec-1] INFO  s.d.s.w.r.operation.CachingOperationNameGenerator - Generating unique operation named: addChapterUsingPOST_1
2022-06-05 21:42:44.950 [http-nio-8001-exec-1] INFO  s.d.s.w.r.operation.CachingOperationNameGenerator - Generating unique operation named: deleteChapterUsingDELETE_1
2022-06-05 21:42:44.952 [http-nio-8001-exec-1] INFO  s.d.s.w.r.operation.CachingOperationNameGenerator - Generating unique operation named: findChapterInfoUsingGET_1
2022-06-05 21:42:44.954 [http-nio-8001-exec-1] INFO  s.d.s.w.r.operation.CachingOperationNameGenerator - Generating unique operation named: findChapterVideoUsingGET_1
2022-06-05 21:42:44.956 [http-nio-8001-exec-1] INFO  s.d.s.w.r.operation.CachingOperationNameGenerator - Generating unique operation named: updateChapterUsingPOST_1
2022-06-05 21:42:44.960 [http-nio-8001-exec-1] INFO  s.d.s.w.r.operation.CachingOperationNameGenerator - Generating unique operation named: addCourseInfoUsingPOST_1
2022-06-05 21:42:44.963 [http-nio-8001-exec-1] INFO  s.d.s.w.r.operation.CachingOperationNameGenerator - Generating unique operation named: deleteCourseUsingDELETE_1
2022-06-05 21:42:44.965 [http-nio-8001-exec-1] INFO  s.d.s.w.r.operation.CachingOperationNameGenerator - Generating unique operation named: getCoursePageUsingPOST_1
2022-06-05 21:42:44.967 [http-nio-8001-exec-1] INFO  s.d.s.w.r.operation.CachingOperationNameGenerator - Generating unique operation named: getInfoByIdUsingGET_1
2022-06-05 21:42:44.968 [http-nio-8001-exec-1] INFO  s.d.s.w.r.operation.CachingOperationNameGenerator - Generating unique operation named: publishCourseUsingGET_1
2022-06-05 21:42:44.970 [http-nio-8001-exec-1] INFO  s.d.s.w.r.operation.CachingOperationNameGenerator - Generating unique operation named: soldCourseUsingPUT_1
2022-06-05 21:42:44.972 [http-nio-8001-exec-1] INFO  s.d.s.w.r.operation.CachingOperationNameGenerator - Generating unique operation named: updateCourseInfoUsingPOST_1
2022-06-05 21:42:44.979 [http-nio-8001-exec-1] INFO  s.d.s.w.r.operation.CachingOperationNameGenerator - Generating unique operation named: addTeacherUsingPOST_1
2022-06-05 21:42:44.984 [http-nio-8001-exec-1] INFO  s.d.s.w.r.operation.CachingOperationNameGenerator - Generating unique operation named: deleteEduTeacherUsingDELETE_1
2022-06-05 21:42:44.987 [http-nio-8001-exec-1] INFO  s.d.s.w.r.operation.CachingOperationNameGenerator - Generating unique operation named: findTeacherUsingGET_1
2022-06-05 21:42:44.989 [http-nio-8001-exec-1] INFO  s.d.s.w.r.operation.CachingOperationNameGenerator - Generating unique operation named: getEduTeacherListUsingGET_1
2022-06-05 21:42:44.992 [http-nio-8001-exec-1] INFO  s.d.s.w.r.operation.CachingOperationNameGenerator - Generating unique operation named: getNameListUsingGET_1
2022-06-05 21:42:45.000 [http-nio-8001-exec-1] INFO  s.d.s.w.r.operation.CachingOperationNameGenerator - Generating unique operation named: pageTeacherUsingPOST_1
2022-06-05 21:42:45.004 [http-nio-8001-exec-1] INFO  s.d.s.w.r.operation.CachingOperationNameGenerator - Generating unique operation named: updateTeacherUsingPOST_1
2022-06-05 21:42:45.006 [http-nio-8001-exec-1] INFO  s.d.s.w.r.operation.CachingOperationNameGenerator - Generating unique operation named: addVideoUsingPOST_1
2022-06-05 21:42:45.007 [http-nio-8001-exec-1] INFO  s.d.s.w.r.operation.CachingOperationNameGenerator - Generating unique operation named: deleteVideoUsingDELETE_1
2022-06-05 21:42:45.009 [http-nio-8001-exec-1] INFO  s.d.s.w.r.operation.CachingOperationNameGenerator - Generating unique operation named: getVideoUsingGET_1
2022-06-05 21:42:45.010 [http-nio-8001-exec-1] INFO  s.d.s.w.r.operation.CachingOperationNameGenerator - Generating unique operation named: updateVideoUsingPOST_1
2022-06-05 21:42:45.012 [http-nio-8001-exec-1] INFO  s.d.s.w.r.operation.CachingOperationNameGenerator - Generating unique operation named: indexUsingGET_1
2022-06-05 21:42:45.014 [http-nio-8001-exec-1] INFO  s.d.s.w.r.operation.CachingOperationNameGenerator - Generating unique operation named: findUserInfoByTokenUsingGET_1
2022-06-05 21:42:45.015 [http-nio-8001-exec-1] INFO  s.d.s.w.r.operation.CachingOperationNameGenerator - Generating unique operation named: loginUsingPOST_1
2022-06-05 21:42:45.017 [http-nio-8001-exec-1] INFO  s.d.s.w.r.operation.CachingOperationNameGenerator - Generating unique operation named: logoutUsingPOST_1
2022-06-05 21:42:45.019 [http-nio-8001-exec-1] INFO  s.d.s.w.r.operation.CachingOperationNameGenerator - Generating unique operation named: addSubjectUsingPOST_1
2022-06-05 21:42:45.020 [http-nio-8001-exec-1] INFO  s.d.s.w.r.operation.CachingOperationNameGenerator - Generating unique operation named: getSubjectListUsingGET_1
2022-06-05 21:42:45.021 [http-nio-8001-exec-1] INFO  s.d.s.w.r.operation.CachingOperationNameGenerator - Generating unique operation named: helloUsingGET_1
2022-06-05 21:42:45.022 [http-nio-8001-exec-1] INFO  s.d.s.w.r.operation.CachingOperationNameGenerator - Generating unique operation named: helloUsingHEAD_1
2022-06-05 21:42:45.022 [http-nio-8001-exec-1] INFO  s.d.s.w.r.operation.CachingOperationNameGenerator - Generating unique operation named: helloUsingPOST_1
2022-06-05 21:42:45.023 [http-nio-8001-exec-1] INFO  s.d.s.w.r.operation.CachingOperationNameGenerator - Generating unique operation named: helloUsingPUT_1
2022-06-05 21:42:45.023 [http-nio-8001-exec-1] INFO  s.d.s.w.r.operation.CachingOperationNameGenerator - Generating unique operation named: helloUsingPATCH_1
2022-06-05 21:42:45.024 [http-nio-8001-exec-1] INFO  s.d.s.w.r.operation.CachingOperationNameGenerator - Generating unique operation named: helloUsingDELETE_1
2022-06-05 21:42:45.025 [http-nio-8001-exec-1] INFO  s.d.s.w.r.operation.CachingOperationNameGenerator - Generating unique operation named: helloUsingOPTIONS_1
2022-06-05 21:42:45.025 [http-nio-8001-exec-1] INFO  s.d.s.w.r.operation.CachingOperationNameGenerator - Generating unique operation named: helloUsingTRACE_1
2022-06-05 23:48:28.966 [SpringContextShutdownHook] INFO  o.s.c.alibaba.nacos.registry.NacosServiceRegistry - De-registering from Nacos Server now...
2022-06-05 23:48:31.007 [SpringContextShutdownHook] INFO  o.s.c.alibaba.nacos.registry.NacosServiceRegistry - De-registration finished.
2022-06-05 23:48:31.080 [SpringContextShutdownHook] INFO  o.s.scheduling.concurrent.ThreadPoolTaskExecutor - Shutting down ExecutorService 'applicationTaskExecutor'
2022-06-05 23:48:31.096 [SpringContextShutdownHook] INFO  com.zaxxer.hikari.HikariDataSource - HikariPool-1 - Shutdown initiated...
2022-06-05 23:48:31.100 [SpringContextShutdownHook] INFO  com.zaxxer.hikari.HikariDataSource - HikariPool-1 - Shutdown completed.
2022-06-06 17:45:57.210 [main] INFO  com.jhzz.eduservice.EduApplication - The following profiles are active: dev
2022-06-06 17:45:58.250 [main] INFO  o.s.d.r.config.RepositoryConfigurationDelegate - Multiple Spring Data modules found, entering strict repository configuration mode!
2022-06-06 17:45:58.253 [main] INFO  o.s.d.r.config.RepositoryConfigurationDelegate - Bootstrapping Spring Data repositories in DEFAULT mode.
2022-06-06 17:45:58.291 [main] INFO  o.s.d.r.config.RepositoryConfigurationDelegate - Finished Spring Data repository scanning in 17ms. Found 0 repository interfaces.
2022-06-06 17:45:58.629 [main] INFO  o.springframework.cloud.context.scope.GenericScope - BeanFactory id=abca1bd4-bf35-35d1-9e1b-d9ee1829e853
2022-06-06 17:45:58.812 [main] INFO  o.s.c.s.PostProcessorRegistrationDelegate$BeanPostProcessorChecker - Bean 'redisConfig' of type [com.jhzz.servicebase.config.RedisConfig$$EnhancerBySpringCGLIB$$1] is not eligible for getting processed by all BeanPostProcessors (for example: not eligible for auto-proxying)
2022-06-06 17:45:59.079 [main] INFO  o.s.c.s.PostProcessorRegistrationDelegate$BeanPostProcessorChecker - Bean 'org.springframework.transaction.annotation.ProxyTransactionManagementConfiguration' of type [org.springframework.transaction.annotation.ProxyTransactionManagementConfiguration] is not eligible for getting processed by all BeanPostProcessors (for example: not eligible for auto-proxying)
2022-06-06 17:45:59.229 [main] INFO  o.s.c.s.PostProcessorRegistrationDelegate$BeanPostProcessorChecker - Bean 'spring.cloud.sentinel-org.springframework.cloud.alibaba.sentinel.SentinelProperties' of type [org.springframework.cloud.alibaba.sentinel.SentinelProperties] is not eligible for getting processed by all BeanPostProcessors (for example: not eligible for auto-proxying)
2022-06-06 17:45:59.372 [main] INFO  o.s.c.s.PostProcessorRegistrationDelegate$BeanPostProcessorChecker - Bean 'org.springframework.cloud.alibaba.sentinel.custom.SentinelAutoConfiguration' of type [org.springframework.cloud.alibaba.sentinel.custom.SentinelAutoConfiguration$$EnhancerBySpringCGLIB$$1] is not eligible for getting processed by all BeanPostProcessors (for example: not eligible for auto-proxying)
2022-06-06 17:45:59.380 [main] INFO  o.s.c.s.PostProcessorRegistrationDelegate$BeanPostProcessorChecker - Bean 'org.springframework.cloud.autoconfigure.ConfigurationPropertiesRebinderAutoConfiguration' of type [org.springframework.cloud.autoconfigure.ConfigurationPropertiesRebinderAutoConfiguration] is not eligible for getting processed by all BeanPostProcessors (for example: not eligible for auto-proxying)
2022-06-06 17:45:59.735 [main] INFO  o.s.boot.web.embedded.tomcat.TomcatWebServer - Tomcat initialized with port(s): 8001 (http)
2022-06-06 17:45:59.750 [main] INFO  org.apache.coyote.http11.Http11NioProtocol - Initializing ProtocolHandler ["http-nio-8001"]
2022-06-06 17:45:59.751 [main] INFO  org.apache.catalina.core.StandardService - Starting service [Tomcat]
2022-06-06 17:45:59.752 [main] INFO  org.apache.catalina.core.StandardEngine - Starting Servlet engine: [Apache Tomcat/9.0.27]
2022-06-06 17:45:59.906 [main] INFO  o.a.c.core.ContainerBase.[Tomcat].[localhost].[/] - Initializing Spring embedded WebApplicationContext
2022-06-06 17:45:59.906 [main] INFO  org.springframework.web.context.ContextLoader - Root WebApplicationContext: initialization completed in 2660 ms
2022-06-06 17:45:59.914 [main] INFO  o.s.c.a.sentinel.SentinelWebAutoConfiguration - [Sentinel Starter] register Sentinel with urlPatterns: [/*].
2022-06-06 17:46:02.089 [main] INFO  s.d.s.w.PropertySourcedRequestMappingHandlerMapping - Mapped URL path [/v2/api-docs] onto method [springfox.documentation.swagger2.web.Swagger2Controller#getDocumentation(String, HttpServletRequest)]
2022-06-06 17:46:02.114 [main] INFO  com.netflix.config.sources.URLConfigurationSource - To enable URLs as dynamic configuration sources, define System property archaius.configurationSource.additionalUrls or make config.properties available on classpath.
2022-06-06 17:46:02.119 [main] INFO  com.netflix.config.sources.URLConfigurationSource - To enable URLs as dynamic configuration sources, define System property archaius.configurationSource.additionalUrls or make config.properties available on classpath.
2022-06-06 17:46:02.262 [main] INFO  o.s.scheduling.concurrent.ThreadPoolTaskExecutor - Initializing ExecutorService 'applicationTaskExecutor'
2022-06-06 17:46:03.788 [main] INFO  org.springframework.cloud.commons.util.InetUtils - Cannot determine local hostname
2022-06-06 17:46:03.861 [main] INFO  o.s.scheduling.concurrent.ThreadPoolTaskScheduler - Initializing ExecutorService
2022-06-06 17:46:05.081 [main] INFO  org.springframework.cloud.commons.util.InetUtils - Cannot determine local hostname
2022-06-06 17:46:06.269 [main] INFO  org.springframework.cloud.commons.util.InetUtils - Cannot determine local hostname
2022-06-06 17:46:06.388 [main] INFO  s.d.s.web.plugins.DocumentationPluginsBootstrapper - Context refreshed
2022-06-06 17:46:06.413 [main] INFO  s.d.s.web.plugins.DocumentationPluginsBootstrapper - Found 1 custom documentation plugin(s)
2022-06-06 17:46:06.444 [main] INFO  s.d.spring.web.scanners.ApiListingReferenceScanner - Scanning for api listing references
2022-06-06 17:46:06.706 [main] INFO  org.apache.coyote.http11.Http11NioProtocol - Starting ProtocolHandler ["http-nio-8001"]
2022-06-06 17:46:06.744 [main] INFO  o.s.boot.web.embedded.tomcat.TomcatWebServer - Tomcat started on port(s): 8001 (http) with context path ''
2022-06-06 17:46:06.759 [main] INFO  o.s.c.alibaba.nacos.registry.NacosServiceRegistry - nacos registry, service-edu 192.168.138.1:8001 register finished
2022-06-06 17:46:07.954 [main] INFO  org.springframework.cloud.commons.util.InetUtils - Cannot determine local hostname
2022-06-06 17:46:07.977 [main] INFO  com.jhzz.eduservice.EduApplication - Started EduApplication in 14.519 seconds (JVM running for 18.078)
2022-06-06 17:48:13.745 [http-nio-8001-exec-1] INFO  o.a.c.core.ContainerBase.[Tomcat].[localhost].[/] - Initializing Spring DispatcherServlet 'dispatcherServlet'
2022-06-06 17:48:13.745 [http-nio-8001-exec-1] INFO  org.springframework.web.servlet.DispatcherServlet - Initializing Servlet 'dispatcherServlet'
2022-06-06 17:48:13.756 [http-nio-8001-exec-1] INFO  org.springframework.web.servlet.DispatcherServlet - Completed initialization in 11 ms
2022-06-06 17:48:13.938 [http-nio-8001-exec-1] INFO  com.zaxxer.hikari.HikariDataSource - HikariPool-1 - Starting...
2022-06-06 17:48:14.560 [http-nio-8001-exec-1] INFO  com.zaxxer.hikari.HikariDataSource - HikariPool-1 - Start completed.
2022-06-06 23:53:55.592 [SpringContextShutdownHook] INFO  o.s.c.alibaba.nacos.registry.NacosServiceRegistry - De-registering from Nacos Server now...
2022-06-06 23:53:55.599 [SpringContextShutdownHook] INFO  o.s.c.alibaba.nacos.registry.NacosServiceRegistry - De-registration finished.
2022-06-06 23:53:55.600 [SpringContextShutdownHook] INFO  o.s.scheduling.concurrent.ThreadPoolTaskExecutor - Shutting down ExecutorService 'applicationTaskExecutor'
2022-06-06 23:53:55.672 [SpringContextShutdownHook] INFO  com.zaxxer.hikari.HikariDataSource - HikariPool-1 - Shutdown initiated...
2022-06-06 23:53:55.675 [SpringContextShutdownHook] INFO  com.zaxxer.hikari.HikariDataSource - HikariPool-1 - Shutdown completed.
